<?xml version="1.0" encoding="UTF-8"?>
<testng-results skipped="5" failed="3" ignored="34" total="126" passed="84">
  <reporter-output>
  </reporter-output>
  <suite name="Aditya Automation" duration-ms="2096316" started-at="2018-11-29T07:14:03Z" finished-at="2018-11-29T07:48:59Z">
    <groups>
    </groups>
    <test name="Aditya Test" duration-ms="2096316" started-at="2018-11-29T07:14:03Z" finished-at="2018-11-29T07:48:59Z">
      <class name="com.travels.qa.testcases.Tour_Testcase">
        <test-method status="PASS" signature="setup()[pri:0, instance:com.travels.qa.testcases.Tour_Testcase@13805618]" name="setup" is-config="true" duration-ms="11466" started-at="2018-11-29T07:43:25Z" finished-at="2018-11-29T07:43:36Z">
          <reporter-output>
          </reporter-output>
        </test-method> <!-- setup -->
        <test-method status="PASS" signature="Cars_Radiobutton_Filter()[pri:0, instance:com.travels.qa.testcases.Tour_Testcase@13805618]" name="Cars_Radiobutton_Filter" duration-ms="5014" started-at="2018-11-29T07:43:36Z" finished-at="2018-11-29T07:43:41Z">
          <reporter-output>
          </reporter-output>
        </test-method> <!-- Cars_Radiobutton_Filter -->
        <test-method status="PASS" signature="teardown()[pri:0, instance:com.travels.qa.testcases.Tour_Testcase@13805618]" name="teardown" is-config="true" duration-ms="956" started-at="2018-11-29T07:43:41Z" finished-at="2018-11-29T07:43:42Z">
          <reporter-output>
          </reporter-output>
        </test-method> <!-- teardown -->
        <test-method status="FAIL" signature="setup()[pri:0, instance:com.travels.qa.testcases.Tour_Testcase@13805618]" name="setup" is-config="true" duration-ms="23913" started-at="2018-11-29T07:43:42Z" finished-at="2018-11-29T07:44:06Z">
          <exception class="org.openqa.selenium.TimeoutException">
            <message>
              <![CDATA[timeout
  (Session info: chrome=69.0.3497.92)
  (Driver info: chromedriver=2.41.578737 (49da6702b16031c40d63e5618de03a32ff6c197e),platform=Windows NT 10.0.15063 x86_64) (WARNING: The server did not provide any stacktrace information)
Command duration or timeout: 0 milliseconds
Build info: version: '3.13.0', revision: '2f0d292', time: '2018-06-25T15:24:21.231Z'
System info: host: 'GIND04LX6R5G5Q2', ip: '10.242.76.77', os.name: 'Windows 10', os.arch: 'amd64', os.version: '10.0', java.version: '1.8.0_181'
Driver info: org.openqa.selenium.chrome.ChromeDriver
Capabilities {acceptInsecureCerts: false, acceptSslCerts: false, applicationCacheEnabled: false, browserConnectionEnabled: false, browserName: chrome, chrome: {chromedriverVersion: 2.41.578737 (49da6702b16031..., userDataDir: C:\Users\10263638\AppData\L...}, cssSelectorsEnabled: true, databaseEnabled: false, goog:chromeOptions: {debuggerAddress: localhost:52993}, handlesAlerts: true, hasTouchScreen: false, javascriptEnabled: true, locationContextEnabled: true, mobileEmulationEnabled: false, nativeEvents: true, networkConnectionEnabled: false, pageLoadStrategy: normal, platform: XP, platformName: XP, rotatable: false, setWindowRect: true, takesHeapSnapshot: true, takesScreenshot: true, unexpectedAlertBehaviour: , unhandledPromptBehavior: , version: 69.0.3497.92, webStorageEnabled: true}
Session ID: 4930107c2a8b8df8dd4c37fc15f781cc]]>
            </message>
            <full-stacktrace>
              <![CDATA[org.openqa.selenium.TimeoutException: timeout
  (Session info: chrome=69.0.3497.92)
  (Driver info: chromedriver=2.41.578737 (49da6702b16031c40d63e5618de03a32ff6c197e),platform=Windows NT 10.0.15063 x86_64) (WARNING: The server did not provide any stacktrace information)
Command duration or timeout: 0 milliseconds
Build info: version: '3.13.0', revision: '2f0d292', time: '2018-06-25T15:24:21.231Z'
System info: host: 'GIND04LX6R5G5Q2', ip: '10.242.76.77', os.name: 'Windows 10', os.arch: 'amd64', os.version: '10.0', java.version: '1.8.0_181'
Driver info: org.openqa.selenium.chrome.ChromeDriver
Capabilities {acceptInsecureCerts: false, acceptSslCerts: false, applicationCacheEnabled: false, browserConnectionEnabled: false, browserName: chrome, chrome: {chromedriverVersion: 2.41.578737 (49da6702b16031..., userDataDir: C:\Users\10263638\AppData\L...}, cssSelectorsEnabled: true, databaseEnabled: false, goog:chromeOptions: {debuggerAddress: localhost:52993}, handlesAlerts: true, hasTouchScreen: false, javascriptEnabled: true, locationContextEnabled: true, mobileEmulationEnabled: false, nativeEvents: true, networkConnectionEnabled: false, pageLoadStrategy: normal, platform: XP, platformName: XP, rotatable: false, setWindowRect: true, takesHeapSnapshot: true, takesScreenshot: true, unexpectedAlertBehaviour: , unhandledPromptBehavior: , version: 69.0.3497.92, webStorageEnabled: true}
Session ID: 4930107c2a8b8df8dd4c37fc15f781cc
at sun.reflect.NativeConstructorAccessorImpl.newInstance0(Native Method)
at sun.reflect.NativeConstructorAccessorImpl.newInstance(Unknown Source)
at sun.reflect.DelegatingConstructorAccessorImpl.newInstance(Unknown Source)
at java.lang.reflect.Constructor.newInstance(Unknown Source)
at org.openqa.selenium.remote.ErrorHandler.createThrowable(ErrorHandler.java:214)
at org.openqa.selenium.remote.ErrorHandler.throwIfResponseFailed(ErrorHandler.java:166)
at org.openqa.selenium.remote.http.JsonHttpResponseCodec.reconstructValue(JsonHttpResponseCodec.java:40)
at org.openqa.selenium.remote.http.AbstractHttpResponseCodec.decode(AbstractHttpResponseCodec.java:80)
at org.openqa.selenium.remote.http.AbstractHttpResponseCodec.decode(AbstractHttpResponseCodec.java:44)
at org.openqa.selenium.remote.HttpCommandExecutor.execute(HttpCommandExecutor.java:158)
at org.openqa.selenium.remote.service.DriverCommandExecutor.execute(DriverCommandExecutor.java:83)
at org.openqa.selenium.remote.RemoteWebDriver.execute(RemoteWebDriver.java:548)
at org.openqa.selenium.remote.RemoteWebDriver.get(RemoteWebDriver.java:276)
at com.travels.qa.base.TestBase.initialization(TestBase.java:92)
at com.travels.qa.testcases.Tour_Testcase.setup(Tour_Testcase.java:29)
at sun.reflect.NativeMethodAccessorImpl.invoke0(Native Method)
at sun.reflect.NativeMethodAccessorImpl.invoke(Unknown Source)
at sun.reflect.DelegatingMethodAccessorImpl.invoke(Unknown Source)
at java.lang.reflect.Method.invoke(Unknown Source)
at org.testng.internal.MethodInvocationHelper.invokeMethod(MethodInvocationHelper.java:124)
at org.testng.internal.MethodInvocationHelper.invokeMethodConsideringTimeout(MethodInvocationHelper.java:59)
at org.testng.internal.Invoker.invokeConfigurationMethod(Invoker.java:458)
at org.testng.internal.Invoker.invokeConfigurations(Invoker.java:222)
at org.testng.internal.Invoker.invokeMethod(Invoker.java:523)
at org.testng.internal.Invoker.invokeTestMethod(Invoker.java:719)
at org.testng.internal.Invoker.invokeTestMethods(Invoker.java:989)
at org.testng.internal.TestMethodWorker.invokeTestMethods(TestMethodWorker.java:125)
at org.testng.internal.TestMethodWorker.run(TestMethodWorker.java:109)
at org.testng.TestRunner.privateRun(TestRunner.java:648)
at org.testng.TestRunner.run(TestRunner.java:505)
at org.testng.SuiteRunner.runTest(SuiteRunner.java:455)
at org.testng.SuiteRunner.runSequentially(SuiteRunner.java:450)
at org.testng.SuiteRunner.privateRun(SuiteRunner.java:415)
at org.testng.SuiteRunner.run(SuiteRunner.java:364)
at org.testng.SuiteRunnerWorker.runSuite(SuiteRunnerWorker.java:52)
at org.testng.SuiteRunnerWorker.run(SuiteRunnerWorker.java:84)
at org.testng.TestNG.runSuitesSequentially(TestNG.java:1208)
at org.testng.TestNG.runSuitesLocally(TestNG.java:1137)
at org.testng.TestNG.runSuites(TestNG.java:1049)
at org.testng.TestNG.run(TestNG.java:1017)
at org.testng.remote.AbstractRemoteTestNG.run(AbstractRemoteTestNG.java:114)
at org.testng.remote.RemoteTestNG.initAndRun(RemoteTestNG.java:251)
at org.testng.remote.RemoteTestNG.main(RemoteTestNG.java:77)
]]>
            </full-stacktrace>
          </exception> <!-- org.openqa.selenium.TimeoutException -->
          <reporter-output>
          </reporter-output>
        </test-method> <!-- setup -->
        <test-method status="PASS" signature="getResult(org.testng.ITestResult)[pri:0, instance:com.travels.qa.testcases.Tour_Testcase@13805618]" name="getResult" is-config="true" duration-ms="0" started-at="2018-11-29T07:43:42Z" finished-at="2018-11-29T07:43:42Z">
          <params>
            <param index="0">
              <value>
                <![CDATA[[TestResult name=Cars_Radiobutton_Filter status=SUCCESS method=Tour_Testcase.Cars_Radiobutton_Filter()[pri:0, instance:com.travels.qa.testcases.Tour_Testcase@13805618] output={null}]]]>
              </value>
            </param>
          </params>
          <reporter-output>
          </reporter-output>
        </test-method> <!-- getResult -->
        <test-method status="SKIP" signature="Navigating_to_Tour_booking()[pri:0, instance:com.travels.qa.testcases.Tour_Testcase@13805618]" name="Navigating_to_Tour_booking" duration-ms="0" started-at="2018-11-29T07:44:06Z" finished-at="2018-11-29T07:44:06Z">
          <exception class="org.openqa.selenium.TimeoutException">
            <message>
              <![CDATA[timeout
  (Session info: chrome=69.0.3497.92)
  (Driver info: chromedriver=2.41.578737 (49da6702b16031c40d63e5618de03a32ff6c197e),platform=Windows NT 10.0.15063 x86_64) (WARNING: The server did not provide any stacktrace information)
Command duration or timeout: 0 milliseconds
Build info: version: '3.13.0', revision: '2f0d292', time: '2018-06-25T15:24:21.231Z'
System info: host: 'GIND04LX6R5G5Q2', ip: '10.242.76.77', os.name: 'Windows 10', os.arch: 'amd64', os.version: '10.0', java.version: '1.8.0_181'
Driver info: org.openqa.selenium.chrome.ChromeDriver
Capabilities {acceptInsecureCerts: false, acceptSslCerts: false, applicationCacheEnabled: false, browserConnectionEnabled: false, browserName: chrome, chrome: {chromedriverVersion: 2.41.578737 (49da6702b16031..., userDataDir: C:\Users\10263638\AppData\L...}, cssSelectorsEnabled: true, databaseEnabled: false, goog:chromeOptions: {debuggerAddress: localhost:52993}, handlesAlerts: true, hasTouchScreen: false, javascriptEnabled: true, locationContextEnabled: true, mobileEmulationEnabled: false, nativeEvents: true, networkConnectionEnabled: false, pageLoadStrategy: normal, platform: XP, platformName: XP, rotatable: false, setWindowRect: true, takesHeapSnapshot: true, takesScreenshot: true, unexpectedAlertBehaviour: , unhandledPromptBehavior: , version: 69.0.3497.92, webStorageEnabled: true}
Session ID: 4930107c2a8b8df8dd4c37fc15f781cc]]>
            </message>
            <full-stacktrace>
              <![CDATA[org.openqa.selenium.TimeoutException: timeout
  (Session info: chrome=69.0.3497.92)
  (Driver info: chromedriver=2.41.578737 (49da6702b16031c40d63e5618de03a32ff6c197e),platform=Windows NT 10.0.15063 x86_64) (WARNING: The server did not provide any stacktrace information)
Command duration or timeout: 0 milliseconds
Build info: version: '3.13.0', revision: '2f0d292', time: '2018-06-25T15:24:21.231Z'
System info: host: 'GIND04LX6R5G5Q2', ip: '10.242.76.77', os.name: 'Windows 10', os.arch: 'amd64', os.version: '10.0', java.version: '1.8.0_181'
Driver info: org.openqa.selenium.chrome.ChromeDriver
Capabilities {acceptInsecureCerts: false, acceptSslCerts: false, applicationCacheEnabled: false, browserConnectionEnabled: false, browserName: chrome, chrome: {chromedriverVersion: 2.41.578737 (49da6702b16031..., userDataDir: C:\Users\10263638\AppData\L...}, cssSelectorsEnabled: true, databaseEnabled: false, goog:chromeOptions: {debuggerAddress: localhost:52993}, handlesAlerts: true, hasTouchScreen: false, javascriptEnabled: true, locationContextEnabled: true, mobileEmulationEnabled: false, nativeEvents: true, networkConnectionEnabled: false, pageLoadStrategy: normal, platform: XP, platformName: XP, rotatable: false, setWindowRect: true, takesHeapSnapshot: true, takesScreenshot: true, unexpectedAlertBehaviour: , unhandledPromptBehavior: , version: 69.0.3497.92, webStorageEnabled: true}
Session ID: 4930107c2a8b8df8dd4c37fc15f781cc
at sun.reflect.NativeConstructorAccessorImpl.newInstance0(Native Method)
at sun.reflect.NativeConstructorAccessorImpl.newInstance(Unknown Source)
at sun.reflect.DelegatingConstructorAccessorImpl.newInstance(Unknown Source)
at java.lang.reflect.Constructor.newInstance(Unknown Source)
at org.openqa.selenium.remote.ErrorHandler.createThrowable(ErrorHandler.java:214)
at org.openqa.selenium.remote.ErrorHandler.throwIfResponseFailed(ErrorHandler.java:166)
at org.openqa.selenium.remote.http.JsonHttpResponseCodec.reconstructValue(JsonHttpResponseCodec.java:40)
at org.openqa.selenium.remote.http.AbstractHttpResponseCodec.decode(AbstractHttpResponseCodec.java:80)
at org.openqa.selenium.remote.http.AbstractHttpResponseCodec.decode(AbstractHttpResponseCodec.java:44)
at org.openqa.selenium.remote.HttpCommandExecutor.execute(HttpCommandExecutor.java:158)
at org.openqa.selenium.remote.service.DriverCommandExecutor.execute(DriverCommandExecutor.java:83)
at org.openqa.selenium.remote.RemoteWebDriver.execute(RemoteWebDriver.java:548)
at org.openqa.selenium.remote.RemoteWebDriver.get(RemoteWebDriver.java:276)
at com.travels.qa.base.TestBase.initialization(TestBase.java:92)
at com.travels.qa.testcases.Tour_Testcase.setup(Tour_Testcase.java:29)
at sun.reflect.NativeMethodAccessorImpl.invoke0(Native Method)
at sun.reflect.NativeMethodAccessorImpl.invoke(Unknown Source)
at sun.reflect.DelegatingMethodAccessorImpl.invoke(Unknown Source)
at java.lang.reflect.Method.invoke(Unknown Source)
at org.testng.internal.MethodInvocationHelper.invokeMethod(MethodInvocationHelper.java:124)
at org.testng.internal.MethodInvocationHelper.invokeMethodConsideringTimeout(MethodInvocationHelper.java:59)
at org.testng.internal.Invoker.invokeConfigurationMethod(Invoker.java:458)
at org.testng.internal.Invoker.invokeConfigurations(Invoker.java:222)
at org.testng.internal.Invoker.invokeMethod(Invoker.java:523)
at org.testng.internal.Invoker.invokeTestMethod(Invoker.java:719)
at org.testng.internal.Invoker.invokeTestMethods(Invoker.java:989)
at org.testng.internal.TestMethodWorker.invokeTestMethods(TestMethodWorker.java:125)
at org.testng.internal.TestMethodWorker.run(TestMethodWorker.java:109)
at org.testng.TestRunner.privateRun(TestRunner.java:648)
at org.testng.TestRunner.run(TestRunner.java:505)
at org.testng.SuiteRunner.runTest(SuiteRunner.java:455)
at org.testng.SuiteRunner.runSequentially(SuiteRunner.java:450)
at org.testng.SuiteRunner.privateRun(SuiteRunner.java:415)
at org.testng.SuiteRunner.run(SuiteRunner.java:364)
at org.testng.SuiteRunnerWorker.runSuite(SuiteRunnerWorker.java:52)
at org.testng.SuiteRunnerWorker.run(SuiteRunnerWorker.java:84)
at org.testng.TestNG.runSuitesSequentially(TestNG.java:1208)
at org.testng.TestNG.runSuitesLocally(TestNG.java:1137)
at org.testng.TestNG.runSuites(TestNG.java:1049)
at org.testng.TestNG.run(TestNG.java:1017)
at org.testng.remote.AbstractRemoteTestNG.run(AbstractRemoteTestNG.java:114)
at org.testng.remote.RemoteTestNG.initAndRun(RemoteTestNG.java:251)
at org.testng.remote.RemoteTestNG.main(RemoteTestNG.java:77)
]]>
            </full-stacktrace>
          </exception> <!-- org.openqa.selenium.TimeoutException -->
          <reporter-output>
          </reporter-output>
        </test-method> <!-- Navigating_to_Tour_booking -->
        <test-method status="SKIP" signature="teardown()[pri:0, instance:com.travels.qa.testcases.Tour_Testcase@13805618]" name="teardown" is-config="true" duration-ms="0" started-at="2018-11-29T07:44:06Z" finished-at="2018-11-29T07:44:06Z">
          <reporter-output>
          </reporter-output>
        </test-method> <!-- teardown -->
        <test-method status="SKIP" signature="getResult(org.testng.ITestResult)[pri:0, instance:com.travels.qa.testcases.Tour_Testcase@13805618]" name="getResult" is-config="true" duration-ms="0" started-at="2018-11-29T07:44:06Z" finished-at="2018-11-29T07:44:06Z">
          <reporter-output>
          </reporter-output>
        </test-method> <!-- getResult -->
        <test-method status="SKIP" signature="setup()[pri:0, instance:com.travels.qa.testcases.Tour_Testcase@13805618]" name="setup" is-config="true" duration-ms="0" started-at="2018-11-29T07:44:06Z" finished-at="2018-11-29T07:44:06Z">
          <reporter-output>
          </reporter-output>
        </test-method> <!-- setup -->
        <test-method status="SKIP" signature="Tour_Filter()[pri:0, instance:com.travels.qa.testcases.Tour_Testcase@13805618]" name="Tour_Filter" duration-ms="0" started-at="2018-11-29T07:44:06Z" finished-at="2018-11-29T07:44:06Z">
          <exception class="org.openqa.selenium.TimeoutException">
            <message>
              <![CDATA[timeout
  (Session info: chrome=69.0.3497.92)
  (Driver info: chromedriver=2.41.578737 (49da6702b16031c40d63e5618de03a32ff6c197e),platform=Windows NT 10.0.15063 x86_64) (WARNING: The server did not provide any stacktrace information)
Command duration or timeout: 0 milliseconds
Build info: version: '3.13.0', revision: '2f0d292', time: '2018-06-25T15:24:21.231Z'
System info: host: 'GIND04LX6R5G5Q2', ip: '10.242.76.77', os.name: 'Windows 10', os.arch: 'amd64', os.version: '10.0', java.version: '1.8.0_181'
Driver info: org.openqa.selenium.chrome.ChromeDriver
Capabilities {acceptInsecureCerts: false, acceptSslCerts: false, applicationCacheEnabled: false, browserConnectionEnabled: false, browserName: chrome, chrome: {chromedriverVersion: 2.41.578737 (49da6702b16031..., userDataDir: C:\Users\10263638\AppData\L...}, cssSelectorsEnabled: true, databaseEnabled: false, goog:chromeOptions: {debuggerAddress: localhost:52993}, handlesAlerts: true, hasTouchScreen: false, javascriptEnabled: true, locationContextEnabled: true, mobileEmulationEnabled: false, nativeEvents: true, networkConnectionEnabled: false, pageLoadStrategy: normal, platform: XP, platformName: XP, rotatable: false, setWindowRect: true, takesHeapSnapshot: true, takesScreenshot: true, unexpectedAlertBehaviour: , unhandledPromptBehavior: , version: 69.0.3497.92, webStorageEnabled: true}
Session ID: 4930107c2a8b8df8dd4c37fc15f781cc]]>
            </message>
            <full-stacktrace>
              <![CDATA[org.openqa.selenium.TimeoutException: timeout
  (Session info: chrome=69.0.3497.92)
  (Driver info: chromedriver=2.41.578737 (49da6702b16031c40d63e5618de03a32ff6c197e),platform=Windows NT 10.0.15063 x86_64) (WARNING: The server did not provide any stacktrace information)
Command duration or timeout: 0 milliseconds
Build info: version: '3.13.0', revision: '2f0d292', time: '2018-06-25T15:24:21.231Z'
System info: host: 'GIND04LX6R5G5Q2', ip: '10.242.76.77', os.name: 'Windows 10', os.arch: 'amd64', os.version: '10.0', java.version: '1.8.0_181'
Driver info: org.openqa.selenium.chrome.ChromeDriver
Capabilities {acceptInsecureCerts: false, acceptSslCerts: false, applicationCacheEnabled: false, browserConnectionEnabled: false, browserName: chrome, chrome: {chromedriverVersion: 2.41.578737 (49da6702b16031..., userDataDir: C:\Users\10263638\AppData\L...}, cssSelectorsEnabled: true, databaseEnabled: false, goog:chromeOptions: {debuggerAddress: localhost:52993}, handlesAlerts: true, hasTouchScreen: false, javascriptEnabled: true, locationContextEnabled: true, mobileEmulationEnabled: false, nativeEvents: true, networkConnectionEnabled: false, pageLoadStrategy: normal, platform: XP, platformName: XP, rotatable: false, setWindowRect: true, takesHeapSnapshot: true, takesScreenshot: true, unexpectedAlertBehaviour: , unhandledPromptBehavior: , version: 69.0.3497.92, webStorageEnabled: true}
Session ID: 4930107c2a8b8df8dd4c37fc15f781cc
at sun.reflect.NativeConstructorAccessorImpl.newInstance0(Native Method)
at sun.reflect.NativeConstructorAccessorImpl.newInstance(Unknown Source)
at sun.reflect.DelegatingConstructorAccessorImpl.newInstance(Unknown Source)
at java.lang.reflect.Constructor.newInstance(Unknown Source)
at org.openqa.selenium.remote.ErrorHandler.createThrowable(ErrorHandler.java:214)
at org.openqa.selenium.remote.ErrorHandler.throwIfResponseFailed(ErrorHandler.java:166)
at org.openqa.selenium.remote.http.JsonHttpResponseCodec.reconstructValue(JsonHttpResponseCodec.java:40)
at org.openqa.selenium.remote.http.AbstractHttpResponseCodec.decode(AbstractHttpResponseCodec.java:80)
at org.openqa.selenium.remote.http.AbstractHttpResponseCodec.decode(AbstractHttpResponseCodec.java:44)
at org.openqa.selenium.remote.HttpCommandExecutor.execute(HttpCommandExecutor.java:158)
at org.openqa.selenium.remote.service.DriverCommandExecutor.execute(DriverCommandExecutor.java:83)
at org.openqa.selenium.remote.RemoteWebDriver.execute(RemoteWebDriver.java:548)
at org.openqa.selenium.remote.RemoteWebDriver.get(RemoteWebDriver.java:276)
at com.travels.qa.base.TestBase.initialization(TestBase.java:92)
at com.travels.qa.testcases.Tour_Testcase.setup(Tour_Testcase.java:29)
at sun.reflect.NativeMethodAccessorImpl.invoke0(Native Method)
at sun.reflect.NativeMethodAccessorImpl.invoke(Unknown Source)
at sun.reflect.DelegatingMethodAccessorImpl.invoke(Unknown Source)
at java.lang.reflect.Method.invoke(Unknown Source)
at org.testng.internal.MethodInvocationHelper.invokeMethod(MethodInvocationHelper.java:124)
at org.testng.internal.MethodInvocationHelper.invokeMethodConsideringTimeout(MethodInvocationHelper.java:59)
at org.testng.internal.Invoker.invokeConfigurationMethod(Invoker.java:458)
at org.testng.internal.Invoker.invokeConfigurations(Invoker.java:222)
at org.testng.internal.Invoker.invokeMethod(Invoker.java:523)
at org.testng.internal.Invoker.invokeTestMethod(Invoker.java:719)
at org.testng.internal.Invoker.invokeTestMethods(Invoker.java:989)
at org.testng.internal.TestMethodWorker.invokeTestMethods(TestMethodWorker.java:125)
at org.testng.internal.TestMethodWorker.run(TestMethodWorker.java:109)
at org.testng.TestRunner.privateRun(TestRunner.java:648)
at org.testng.TestRunner.run(TestRunner.java:505)
at org.testng.SuiteRunner.runTest(SuiteRunner.java:455)
at org.testng.SuiteRunner.runSequentially(SuiteRunner.java:450)
at org.testng.SuiteRunner.privateRun(SuiteRunner.java:415)
at org.testng.SuiteRunner.run(SuiteRunner.java:364)
at org.testng.SuiteRunnerWorker.runSuite(SuiteRunnerWorker.java:52)
at org.testng.SuiteRunnerWorker.run(SuiteRunnerWorker.java:84)
at org.testng.TestNG.runSuitesSequentially(TestNG.java:1208)
at org.testng.TestNG.runSuitesLocally(TestNG.java:1137)
at org.testng.TestNG.runSuites(TestNG.java:1049)
at org.testng.TestNG.run(TestNG.java:1017)
at org.testng.remote.AbstractRemoteTestNG.run(AbstractRemoteTestNG.java:114)
at org.testng.remote.RemoteTestNG.initAndRun(RemoteTestNG.java:251)
at org.testng.remote.RemoteTestNG.main(RemoteTestNG.java:77)
]]>
            </full-stacktrace>
          </exception> <!-- org.openqa.selenium.TimeoutException -->
          <reporter-output>
          </reporter-output>
        </test-method> <!-- Tour_Filter -->
        <test-method status="SKIP" signature="teardown()[pri:0, instance:com.travels.qa.testcases.Tour_Testcase@13805618]" name="teardown" is-config="true" duration-ms="0" started-at="2018-11-29T07:44:06Z" finished-at="2018-11-29T07:44:06Z">
          <reporter-output>
          </reporter-output>
        </test-method> <!-- teardown -->
        <test-method status="SKIP" signature="getResult(org.testng.ITestResult)[pri:0, instance:com.travels.qa.testcases.Tour_Testcase@13805618]" name="getResult" is-config="true" duration-ms="0" started-at="2018-11-29T07:44:06Z" finished-at="2018-11-29T07:44:06Z">
          <reporter-output>
          </reporter-output>
        </test-method> <!-- getResult -->
      </class> <!-- com.travels.qa.testcases.Tour_Testcase -->
      <class name="com.travels.qa.testcases.CarsBooking_Testcase">
        <test-method status="PASS" signature="setup()[pri:0, instance:com.travels.qa.testcases.CarsBooking_Testcase@3f49dace]" name="setup" is-config="true" duration-ms="10069" started-at="2018-11-29T07:17:22Z" finished-at="2018-11-29T07:17:32Z">
          <reporter-output>
          </reporter-output>
        </test-method> <!-- setup -->
        <test-method status="PASS" signature="booking_car()[pri:0, instance:com.travels.qa.testcases.CarsBooking_Testcase@3f49dace]" name="booking_car" duration-ms="12672" started-at="2018-11-29T07:17:32Z" finished-at="2018-11-29T07:17:45Z">
          <reporter-output>
          </reporter-output>
        </test-method> <!-- booking_car -->
        <test-method status="PASS" signature="teardown()[pri:0, instance:com.travels.qa.testcases.CarsBooking_Testcase@3f49dace]" name="teardown" is-config="true" duration-ms="1080" started-at="2018-11-29T07:17:45Z" finished-at="2018-11-29T07:17:46Z">
          <reporter-output>
          </reporter-output>
        </test-method> <!-- teardown -->
        <test-method status="PASS" signature="getResult(org.testng.ITestResult)[pri:0, instance:com.travels.qa.testcases.CarsBooking_Testcase@3f49dace]" name="getResult" is-config="true" duration-ms="1" started-at="2018-11-29T07:17:46Z" finished-at="2018-11-29T07:17:46Z">
          <params>
            <param index="0">
              <value>
                <![CDATA[[TestResult name=booking_car status=SUCCESS method=CarsBooking_Testcase.booking_car()[pri:0, instance:com.travels.qa.testcases.CarsBooking_Testcase@3f49dace] output={null}]]]>
              </value>
            </param>
          </params>
          <reporter-output>
          </reporter-output>
        </test-method> <!-- getResult -->
      </class> <!-- com.travels.qa.testcases.CarsBooking_Testcase -->
      <class name="com.travels.qa.testcases.Blog_Testcase">
        <test-method status="PASS" signature="setup()[pri:0, instance:com.travels.qa.testcases.Blog_Testcase@5f2108b5]" name="setup" is-config="true" duration-ms="12042" started-at="2018-11-29T07:14:41Z" finished-at="2018-11-29T07:14:53Z">
          <reporter-output>
          </reporter-output>
        </test-method> <!-- setup -->
        <test-method status="PASS" signature="Content_on_the_page()[pri:0, instance:com.travels.qa.testcases.Blog_Testcase@5f2108b5]" name="Content_on_the_page" duration-ms="39094" started-at="2018-11-29T07:14:53Z" finished-at="2018-11-29T07:15:32Z">
          <reporter-output>
          </reporter-output>
        </test-method> <!-- Content_on_the_page -->
        <test-method status="PASS" signature="teardown()[pri:0, instance:com.travels.qa.testcases.Blog_Testcase@5f2108b5]" name="teardown" is-config="true" duration-ms="933" started-at="2018-11-29T07:15:32Z" finished-at="2018-11-29T07:15:33Z">
          <reporter-output>
          </reporter-output>
        </test-method> <!-- teardown -->
        <test-method status="PASS" signature="getResult(org.testng.ITestResult)[pri:0, instance:com.travels.qa.testcases.Blog_Testcase@5f2108b5]" name="getResult" is-config="true" duration-ms="0" started-at="2018-11-29T07:15:33Z" finished-at="2018-11-29T07:15:33Z">
          <params>
            <param index="0">
              <value>
                <![CDATA[[TestResult name=Content_on_the_page status=SUCCESS method=Blog_Testcase.Content_on_the_page()[pri:0, instance:com.travels.qa.testcases.Blog_Testcase@5f2108b5] output={null}]]]>
              </value>
            </param>
          </params>
          <reporter-output>
          </reporter-output>
        </test-method> <!-- getResult -->
        <test-method status="PASS" signature="setup()[pri:0, instance:com.travels.qa.testcases.Blog_Testcase@5f2108b5]" name="setup" is-config="true" duration-ms="11238" started-at="2018-11-29T07:15:33Z" finished-at="2018-11-29T07:15:44Z">
          <reporter-output>
          </reporter-output>
        </test-method> <!-- setup -->
        <test-method status="PASS" signature="Content_through_searchbar()[pri:0, instance:com.travels.qa.testcases.Blog_Testcase@5f2108b5]" name="Content_through_searchbar" duration-ms="4019" started-at="2018-11-29T07:15:44Z" finished-at="2018-11-29T07:15:48Z">
          <reporter-output>
          </reporter-output>
        </test-method> <!-- Content_through_searchbar -->
        <test-method status="PASS" signature="teardown()[pri:0, instance:com.travels.qa.testcases.Blog_Testcase@5f2108b5]" name="teardown" is-config="true" duration-ms="925" started-at="2018-11-29T07:15:48Z" finished-at="2018-11-29T07:15:49Z">
          <reporter-output>
          </reporter-output>
        </test-method> <!-- teardown -->
        <test-method status="PASS" signature="setup()[pri:0, instance:com.travels.qa.testcases.Blog_Testcase@5f2108b5]" name="setup" is-config="true" duration-ms="10398" started-at="2018-11-29T07:15:49Z" finished-at="2018-11-29T07:15:59Z">
          <reporter-output>
          </reporter-output>
        </test-method> <!-- setup -->
        <test-method status="PASS" signature="getResult(org.testng.ITestResult)[pri:0, instance:com.travels.qa.testcases.Blog_Testcase@5f2108b5]" name="getResult" is-config="true" duration-ms="0" started-at="2018-11-29T07:15:49Z" finished-at="2018-11-29T07:15:49Z">
          <params>
            <param index="0">
              <value>
                <![CDATA[[TestResult name=Content_through_searchbar status=SUCCESS method=Blog_Testcase.Content_through_searchbar()[pri:0, instance:com.travels.qa.testcases.Blog_Testcase@5f2108b5] output={null}]]]>
              </value>
            </param>
          </params>
          <reporter-output>
          </reporter-output>
        </test-method> <!-- getResult -->
        <test-method status="PASS" signature="No_Content_through_searchbar()[pri:0, instance:com.travels.qa.testcases.Blog_Testcase@5f2108b5]" name="No_Content_through_searchbar" duration-ms="3112" started-at="2018-11-29T07:15:59Z" finished-at="2018-11-29T07:16:03Z">
          <reporter-output>
          </reporter-output>
        </test-method> <!-- No_Content_through_searchbar -->
        <test-method status="PASS" signature="teardown()[pri:0, instance:com.travels.qa.testcases.Blog_Testcase@5f2108b5]" name="teardown" is-config="true" duration-ms="947" started-at="2018-11-29T07:16:03Z" finished-at="2018-11-29T07:16:03Z">
          <reporter-output>
          </reporter-output>
        </test-method> <!-- teardown -->
        <test-method status="PASS" signature="getResult(org.testng.ITestResult)[pri:0, instance:com.travels.qa.testcases.Blog_Testcase@5f2108b5]" name="getResult" is-config="true" duration-ms="0" started-at="2018-11-29T07:16:03Z" finished-at="2018-11-29T07:16:03Z">
          <params>
            <param index="0">
              <value>
                <![CDATA[[TestResult name=No_Content_through_searchbar status=SUCCESS method=Blog_Testcase.No_Content_through_searchbar()[pri:0, instance:com.travels.qa.testcases.Blog_Testcase@5f2108b5] output={null}]]]>
              </value>
            </param>
          </params>
          <reporter-output>
          </reporter-output>
        </test-method> <!-- getResult -->
        <test-method status="PASS" signature="setup()[pri:0, instance:com.travels.qa.testcases.Blog_Testcase@5f2108b5]" name="setup" is-config="true" duration-ms="11463" started-at="2018-11-29T07:16:03Z" finished-at="2018-11-29T07:16:15Z">
          <reporter-output>
          </reporter-output>
        </test-method> <!-- setup -->
        <test-method status="PASS" signature="Side_menu_of_blog()[pri:0, instance:com.travels.qa.testcases.Blog_Testcase@5f2108b5]" name="Side_menu_of_blog" duration-ms="7491" started-at="2018-11-29T07:16:15Z" finished-at="2018-11-29T07:16:22Z">
          <reporter-output>
          </reporter-output>
        </test-method> <!-- Side_menu_of_blog -->
        <test-method status="PASS" signature="teardown()[pri:0, instance:com.travels.qa.testcases.Blog_Testcase@5f2108b5]" name="teardown" is-config="true" duration-ms="940" started-at="2018-11-29T07:16:22Z" finished-at="2018-11-29T07:16:23Z">
          <reporter-output>
          </reporter-output>
        </test-method> <!-- teardown -->
        <test-method status="PASS" signature="getResult(org.testng.ITestResult)[pri:0, instance:com.travels.qa.testcases.Blog_Testcase@5f2108b5]" name="getResult" is-config="true" duration-ms="0" started-at="2018-11-29T07:16:23Z" finished-at="2018-11-29T07:16:23Z">
          <params>
            <param index="0">
              <value>
                <![CDATA[[TestResult name=Side_menu_of_blog status=SUCCESS method=Blog_Testcase.Side_menu_of_blog()[pri:0, instance:com.travels.qa.testcases.Blog_Testcase@5f2108b5] output={null}]]]>
              </value>
            </param>
          </params>
          <reporter-output>
          </reporter-output>
        </test-method> <!-- getResult -->
      </class> <!-- com.travels.qa.testcases.Blog_Testcase -->
      <class name="com.travels.qa.testcases.HotelBooking_Testcase">
        <test-method status="PASS" signature="setup()[pri:0, instance:com.travels.qa.testcases.HotelBooking_Testcase@27c20538]" name="setup" is-config="true" duration-ms="12528" started-at="2018-11-29T07:28:07Z" finished-at="2018-11-29T07:28:20Z">
          <reporter-output>
          </reporter-output>
        </test-method> <!-- setup -->
        <test-method status="FAIL" signature="Booking_Modification()[pri:0, instance:com.travels.qa.testcases.HotelBooking_Testcase@27c20538]" name="Booking_Modification" duration-ms="30509" started-at="2018-11-29T07:28:20Z" finished-at="2018-11-29T07:28:50Z">
          <exception class="org.openqa.selenium.TimeoutException">
            <message>
              <![CDATA[timeout
  (Session info: chrome=69.0.3497.92)
  (Driver info: chromedriver=2.41.578737 (49da6702b16031c40d63e5618de03a32ff6c197e),platform=Windows NT 10.0.15063 x86_64) (WARNING: The server did not provide any stacktrace information)
Command duration or timeout: 0 milliseconds
Build info: version: '3.13.0', revision: '2f0d292', time: '2018-06-25T15:24:21.231Z'
System info: host: 'GIND04LX6R5G5Q2', ip: '10.242.76.77', os.name: 'Windows 10', os.arch: 'amd64', os.version: '10.0', java.version: '1.8.0_181'
Driver info: org.openqa.selenium.chrome.ChromeDriver
Capabilities {acceptInsecureCerts: false, acceptSslCerts: false, applicationCacheEnabled: false, browserConnectionEnabled: false, browserName: chrome, chrome: {chromedriverVersion: 2.41.578737 (49da6702b16031..., userDataDir: C:\Users\10263638\AppData\L...}, cssSelectorsEnabled: true, databaseEnabled: false, goog:chromeOptions: {debuggerAddress: localhost:49493}, handlesAlerts: true, hasTouchScreen: false, javascriptEnabled: true, locationContextEnabled: true, mobileEmulationEnabled: false, nativeEvents: true, networkConnectionEnabled: false, pageLoadStrategy: normal, platform: XP, platformName: XP, rotatable: false, setWindowRect: true, takesHeapSnapshot: true, takesScreenshot: true, unexpectedAlertBehaviour: , unhandledPromptBehavior: , version: 69.0.3497.92, webStorageEnabled: true}
Session ID: 4e72e5299ea23ff69d3b3832a2d1c123]]>
            </message>
            <full-stacktrace>
              <![CDATA[org.openqa.selenium.TimeoutException: timeout
  (Session info: chrome=69.0.3497.92)
  (Driver info: chromedriver=2.41.578737 (49da6702b16031c40d63e5618de03a32ff6c197e),platform=Windows NT 10.0.15063 x86_64) (WARNING: The server did not provide any stacktrace information)
Command duration or timeout: 0 milliseconds
Build info: version: '3.13.0', revision: '2f0d292', time: '2018-06-25T15:24:21.231Z'
System info: host: 'GIND04LX6R5G5Q2', ip: '10.242.76.77', os.name: 'Windows 10', os.arch: 'amd64', os.version: '10.0', java.version: '1.8.0_181'
Driver info: org.openqa.selenium.chrome.ChromeDriver
Capabilities {acceptInsecureCerts: false, acceptSslCerts: false, applicationCacheEnabled: false, browserConnectionEnabled: false, browserName: chrome, chrome: {chromedriverVersion: 2.41.578737 (49da6702b16031..., userDataDir: C:\Users\10263638\AppData\L...}, cssSelectorsEnabled: true, databaseEnabled: false, goog:chromeOptions: {debuggerAddress: localhost:49493}, handlesAlerts: true, hasTouchScreen: false, javascriptEnabled: true, locationContextEnabled: true, mobileEmulationEnabled: false, nativeEvents: true, networkConnectionEnabled: false, pageLoadStrategy: normal, platform: XP, platformName: XP, rotatable: false, setWindowRect: true, takesHeapSnapshot: true, takesScreenshot: true, unexpectedAlertBehaviour: , unhandledPromptBehavior: , version: 69.0.3497.92, webStorageEnabled: true}
Session ID: 4e72e5299ea23ff69d3b3832a2d1c123
at sun.reflect.NativeConstructorAccessorImpl.newInstance0(Native Method)
at sun.reflect.NativeConstructorAccessorImpl.newInstance(Unknown Source)
at sun.reflect.DelegatingConstructorAccessorImpl.newInstance(Unknown Source)
at java.lang.reflect.Constructor.newInstance(Unknown Source)
at org.openqa.selenium.remote.ErrorHandler.createThrowable(ErrorHandler.java:214)
at org.openqa.selenium.remote.ErrorHandler.throwIfResponseFailed(ErrorHandler.java:166)
at org.openqa.selenium.remote.http.JsonHttpResponseCodec.reconstructValue(JsonHttpResponseCodec.java:40)
at org.openqa.selenium.remote.http.AbstractHttpResponseCodec.decode(AbstractHttpResponseCodec.java:80)
at org.openqa.selenium.remote.http.AbstractHttpResponseCodec.decode(AbstractHttpResponseCodec.java:44)
at org.openqa.selenium.remote.HttpCommandExecutor.execute(HttpCommandExecutor.java:158)
at org.openqa.selenium.remote.service.DriverCommandExecutor.execute(DriverCommandExecutor.java:83)
at org.openqa.selenium.remote.RemoteWebDriver.execute(RemoteWebDriver.java:548)
at org.openqa.selenium.remote.RemoteWebElement.execute(RemoteWebElement.java:276)
at org.openqa.selenium.remote.RemoteWebElement.click(RemoteWebElement.java:83)
at sun.reflect.GeneratedMethodAccessor3.invoke(Unknown Source)
at sun.reflect.DelegatingMethodAccessorImpl.invoke(Unknown Source)
at java.lang.reflect.Method.invoke(Unknown Source)
at org.openqa.selenium.support.pagefactory.internal.LocatingElementHandler.invoke(LocatingElementHandler.java:51)
at com.sun.proxy.$Proxy11.click(Unknown Source)
at com.travels.qa.pages.HotelBookingPage.Updating_Hotel_Confirmation(HotelBookingPage.java:105)
at com.travels.qa.testcases.HotelBooking_Testcase.Booking_Modification(HotelBooking_Testcase.java:46)
at sun.reflect.NativeMethodAccessorImpl.invoke0(Native Method)
at sun.reflect.NativeMethodAccessorImpl.invoke(Unknown Source)
at sun.reflect.DelegatingMethodAccessorImpl.invoke(Unknown Source)
at java.lang.reflect.Method.invoke(Unknown Source)
at org.testng.internal.MethodInvocationHelper.invokeMethod(MethodInvocationHelper.java:124)
at org.testng.internal.Invoker.invokeMethod(Invoker.java:583)
at org.testng.internal.Invoker.invokeTestMethod(Invoker.java:719)
at org.testng.internal.Invoker.invokeTestMethods(Invoker.java:989)
at org.testng.internal.TestMethodWorker.invokeTestMethods(TestMethodWorker.java:125)
at org.testng.internal.TestMethodWorker.run(TestMethodWorker.java:109)
at org.testng.TestRunner.privateRun(TestRunner.java:648)
at org.testng.TestRunner.run(TestRunner.java:505)
at org.testng.SuiteRunner.runTest(SuiteRunner.java:455)
at org.testng.SuiteRunner.runSequentially(SuiteRunner.java:450)
at org.testng.SuiteRunner.privateRun(SuiteRunner.java:415)
at org.testng.SuiteRunner.run(SuiteRunner.java:364)
at org.testng.SuiteRunnerWorker.runSuite(SuiteRunnerWorker.java:52)
at org.testng.SuiteRunnerWorker.run(SuiteRunnerWorker.java:84)
at org.testng.TestNG.runSuitesSequentially(TestNG.java:1208)
at org.testng.TestNG.runSuitesLocally(TestNG.java:1137)
at org.testng.TestNG.runSuites(TestNG.java:1049)
at org.testng.TestNG.run(TestNG.java:1017)
at org.testng.remote.AbstractRemoteTestNG.run(AbstractRemoteTestNG.java:114)
at org.testng.remote.RemoteTestNG.initAndRun(RemoteTestNG.java:251)
at org.testng.remote.RemoteTestNG.main(RemoteTestNG.java:77)
]]>
            </full-stacktrace>
          </exception> <!-- org.openqa.selenium.TimeoutException -->
          <reporter-output>
          </reporter-output>
        </test-method> <!-- Booking_Modification -->
        <test-method status="PASS" signature="teardown()[pri:0, instance:com.travels.qa.testcases.HotelBooking_Testcase@27c20538]" name="teardown" is-config="true" duration-ms="994" started-at="2018-11-29T07:28:50Z" finished-at="2018-11-29T07:28:51Z">
          <reporter-output>
          </reporter-output>
        </test-method> <!-- teardown -->
        <test-method status="PASS" signature="getResult(org.testng.ITestResult)[pri:0, instance:com.travels.qa.testcases.HotelBooking_Testcase@27c20538]" name="getResult" is-config="true" duration-ms="0" started-at="2018-11-29T07:28:51Z" finished-at="2018-11-29T07:28:51Z">
          <params>
            <param index="0">
              <value>
                <![CDATA[[TestResult name=Booking_Modification status=FAILURE method=HotelBooking_Testcase.Booking_Modification()[pri:0, instance:com.travels.qa.testcases.HotelBooking_Testcase@27c20538] output={null}]]]>
              </value>
            </param>
          </params>
          <reporter-output>
          </reporter-output>
        </test-method> <!-- getResult -->
        <test-method status="PASS" signature="setup()[pri:0, instance:com.travels.qa.testcases.HotelBooking_Testcase@27c20538]" name="setup" is-config="true" duration-ms="12676" started-at="2018-11-29T07:28:51Z" finished-at="2018-11-29T07:29:04Z">
          <reporter-output>
          </reporter-output>
        </test-method> <!-- setup -->
        <test-method status="PASS" signature="RoomAvailability_Details()[pri:0, instance:com.travels.qa.testcases.HotelBooking_Testcase@27c20538]" name="RoomAvailability_Details" duration-ms="13400" started-at="2018-11-29T07:29:04Z" finished-at="2018-11-29T07:29:17Z">
          <reporter-output>
          </reporter-output>
        </test-method> <!-- RoomAvailability_Details -->
        <test-method status="PASS" signature="teardown()[pri:0, instance:com.travels.qa.testcases.HotelBooking_Testcase@27c20538]" name="teardown" is-config="true" duration-ms="983" started-at="2018-11-29T07:29:17Z" finished-at="2018-11-29T07:29:18Z">
          <reporter-output>
          </reporter-output>
        </test-method> <!-- teardown -->
        <test-method status="PASS" signature="getResult(org.testng.ITestResult)[pri:0, instance:com.travels.qa.testcases.HotelBooking_Testcase@27c20538]" name="getResult" is-config="true" duration-ms="0" started-at="2018-11-29T07:29:18Z" finished-at="2018-11-29T07:29:18Z">
          <params>
            <param index="0">
              <value>
                <![CDATA[[TestResult name=RoomAvailability_Details status=SUCCESS method=HotelBooking_Testcase.RoomAvailability_Details()[pri:0, instance:com.travels.qa.testcases.HotelBooking_Testcase@27c20538] output={null}]]]>
              </value>
            </param>
          </params>
          <reporter-output>
          </reporter-output>
        </test-method> <!-- getResult -->
        <test-method status="PASS" signature="setup()[pri:0, instance:com.travels.qa.testcases.HotelBooking_Testcase@27c20538]" name="setup" is-config="true" duration-ms="11112" started-at="2018-11-29T07:29:18Z" finished-at="2018-11-29T07:29:30Z">
          <reporter-output>
          </reporter-output>
        </test-method> <!-- setup -->
        <test-method status="PASS" signature="Room_Details()[pri:0, instance:com.travels.qa.testcases.HotelBooking_Testcase@27c20538]" name="Room_Details" duration-ms="14023" started-at="2018-11-29T07:29:30Z" finished-at="2018-11-29T07:29:44Z">
          <reporter-output>
          </reporter-output>
        </test-method> <!-- Room_Details -->
        <test-method status="PASS" signature="teardown()[pri:0, instance:com.travels.qa.testcases.HotelBooking_Testcase@27c20538]" name="teardown" is-config="true" duration-ms="1035" started-at="2018-11-29T07:29:44Z" finished-at="2018-11-29T07:29:45Z">
          <reporter-output>
          </reporter-output>
        </test-method> <!-- teardown -->
        <test-method status="PASS" signature="getResult(org.testng.ITestResult)[pri:0, instance:com.travels.qa.testcases.HotelBooking_Testcase@27c20538]" name="getResult" is-config="true" duration-ms="0" started-at="2018-11-29T07:29:45Z" finished-at="2018-11-29T07:29:45Z">
          <params>
            <param index="0">
              <value>
                <![CDATA[[TestResult name=Room_Details status=SUCCESS method=HotelBooking_Testcase.Room_Details()[pri:0, instance:com.travels.qa.testcases.HotelBooking_Testcase@27c20538] output={null}]]]>
              </value>
            </param>
          </params>
          <reporter-output>
          </reporter-output>
        </test-method> <!-- getResult -->
        <test-method status="PASS" signature="setup()[pri:0, instance:com.travels.qa.testcases.HotelBooking_Testcase@27c20538]" name="setup" is-config="true" duration-ms="11439" started-at="2018-11-29T07:29:45Z" finished-at="2018-11-29T07:29:56Z">
          <reporter-output>
          </reporter-output>
        </test-method> <!-- setup -->
        <test-method status="PASS" signature="Room_Selection()[pri:0, instance:com.travels.qa.testcases.HotelBooking_Testcase@27c20538]" name="Room_Selection" duration-ms="19617" started-at="2018-11-29T07:29:56Z" finished-at="2018-11-29T07:30:16Z">
          <reporter-output>
          </reporter-output>
        </test-method> <!-- Room_Selection -->
        <test-method status="PASS" signature="teardown()[pri:0, instance:com.travels.qa.testcases.HotelBooking_Testcase@27c20538]" name="teardown" is-config="true" duration-ms="1037" started-at="2018-11-29T07:30:16Z" finished-at="2018-11-29T07:30:17Z">
          <reporter-output>
          </reporter-output>
        </test-method> <!-- teardown -->
        <test-method status="PASS" signature="getResult(org.testng.ITestResult)[pri:0, instance:com.travels.qa.testcases.HotelBooking_Testcase@27c20538]" name="getResult" is-config="true" duration-ms="0" started-at="2018-11-29T07:30:17Z" finished-at="2018-11-29T07:30:17Z">
          <params>
            <param index="0">
              <value>
                <![CDATA[[TestResult name=Room_Selection status=SUCCESS method=HotelBooking_Testcase.Room_Selection()[pri:0, instance:com.travels.qa.testcases.HotelBooking_Testcase@27c20538] output={null}]]]>
              </value>
            </param>
          </params>
          <reporter-output>
          </reporter-output>
        </test-method> <!-- getResult -->
        <test-method status="PASS" signature="setup()[pri:0, instance:com.travels.qa.testcases.HotelBooking_Testcase@27c20538]" name="setup" is-config="true" duration-ms="17172" started-at="2018-11-29T07:30:17Z" finished-at="2018-11-29T07:30:34Z">
          <reporter-output>
          </reporter-output>
        </test-method> <!-- setup -->
        <test-method status="PASS" signature="Wishlisting_hotel()[pri:0, instance:com.travels.qa.testcases.HotelBooking_Testcase@27c20538]" name="Wishlisting_hotel" duration-ms="17226" started-at="2018-11-29T07:30:34Z" finished-at="2018-11-29T07:30:51Z">
          <reporter-output>
          </reporter-output>
        </test-method> <!-- Wishlisting_hotel -->
        <test-method status="PASS" signature="teardown()[pri:0, instance:com.travels.qa.testcases.HotelBooking_Testcase@27c20538]" name="teardown" is-config="true" duration-ms="1016" started-at="2018-11-29T07:30:51Z" finished-at="2018-11-29T07:30:52Z">
          <reporter-output>
          </reporter-output>
        </test-method> <!-- teardown -->
        <test-method status="PASS" signature="setup()[pri:0, instance:com.travels.qa.testcases.HotelBooking_Testcase@27c20538]" name="setup" is-config="true" duration-ms="11848" started-at="2018-11-29T07:30:52Z" finished-at="2018-11-29T07:31:04Z">
          <reporter-output>
          </reporter-output>
        </test-method> <!-- setup -->
        <test-method status="PASS" signature="getResult(org.testng.ITestResult)[pri:0, instance:com.travels.qa.testcases.HotelBooking_Testcase@27c20538]" name="getResult" is-config="true" duration-ms="0" started-at="2018-11-29T07:30:52Z" finished-at="2018-11-29T07:30:52Z">
          <params>
            <param index="0">
              <value>
                <![CDATA[[TestResult name=Wishlisting_hotel status=SUCCESS method=HotelBooking_Testcase.Wishlisting_hotel()[pri:0, instance:com.travels.qa.testcases.HotelBooking_Testcase@27c20538] output={null}]]]>
              </value>
            </param>
          </params>
          <reporter-output>
          </reporter-output>
        </test-method> <!-- getResult -->
        <test-method status="PASS" signature="Writing_Room_Review()[pri:0, instance:com.travels.qa.testcases.HotelBooking_Testcase@27c20538]" name="Writing_Room_Review" duration-ms="14946" started-at="2018-11-29T07:31:04Z" finished-at="2018-11-29T07:31:19Z">
          <reporter-output>
          </reporter-output>
        </test-method> <!-- Writing_Room_Review -->
        <test-method status="PASS" signature="teardown()[pri:0, instance:com.travels.qa.testcases.HotelBooking_Testcase@27c20538]" name="teardown" is-config="true" duration-ms="998" started-at="2018-11-29T07:31:19Z" finished-at="2018-11-29T07:31:20Z">
          <reporter-output>
          </reporter-output>
        </test-method> <!-- teardown -->
        <test-method status="PASS" signature="getResult(org.testng.ITestResult)[pri:0, instance:com.travels.qa.testcases.HotelBooking_Testcase@27c20538]" name="getResult" is-config="true" duration-ms="0" started-at="2018-11-29T07:31:20Z" finished-at="2018-11-29T07:31:20Z">
          <params>
            <param index="0">
              <value>
                <![CDATA[[TestResult name=Writing_Room_Review status=SUCCESS method=HotelBooking_Testcase.Writing_Room_Review()[pri:0, instance:com.travels.qa.testcases.HotelBooking_Testcase@27c20538] output={null}]]]>
              </value>
            </param>
          </params>
          <reporter-output>
          </reporter-output>
        </test-method> <!-- getResult -->
      </class> <!-- com.travels.qa.testcases.HotelBooking_Testcase -->
      <class name="com.travels.qa.testcases.Cars_Testcase">
        <test-method status="PASS" signature="setup()[pri:0, instance:com.travels.qa.testcases.Cars_Testcase@31a5c39e]" name="setup" is-config="true" duration-ms="11546" started-at="2018-11-29T07:16:23Z" finished-at="2018-11-29T07:16:35Z">
          <reporter-output>
          </reporter-output>
        </test-method> <!-- setup -->
        <test-method status="PASS" signature="Cars_Checkbox_Filter()[pri:0, instance:com.travels.qa.testcases.Cars_Testcase@31a5c39e]" name="Cars_Checkbox_Filter" duration-ms="5447" started-at="2018-11-29T07:16:35Z" finished-at="2018-11-29T07:16:40Z">
          <reporter-output>
          </reporter-output>
        </test-method> <!-- Cars_Checkbox_Filter -->
        <test-method status="PASS" signature="teardown()[pri:0, instance:com.travels.qa.testcases.Cars_Testcase@31a5c39e]" name="teardown" is-config="true" duration-ms="968" started-at="2018-11-29T07:16:40Z" finished-at="2018-11-29T07:16:41Z">
          <reporter-output>
          </reporter-output>
        </test-method> <!-- teardown -->
        <test-method status="PASS" signature="getResult(org.testng.ITestResult)[pri:0, instance:com.travels.qa.testcases.Cars_Testcase@31a5c39e]" name="getResult" is-config="true" duration-ms="0" started-at="2018-11-29T07:16:41Z" finished-at="2018-11-29T07:16:41Z">
          <params>
            <param index="0">
              <value>
                <![CDATA[[TestResult name=Cars_Checkbox_Filter status=SUCCESS method=Cars_Testcase.Cars_Checkbox_Filter()[pri:0, instance:com.travels.qa.testcases.Cars_Testcase@31a5c39e] output={null}]]]>
              </value>
            </param>
          </params>
          <reporter-output>
          </reporter-output>
        </test-method> <!-- getResult -->
        <test-method status="PASS" signature="setup()[pri:0, instance:com.travels.qa.testcases.Cars_Testcase@31a5c39e]" name="setup" is-config="true" duration-ms="11407" started-at="2018-11-29T07:16:41Z" finished-at="2018-11-29T07:16:53Z">
          <reporter-output>
          </reporter-output>
        </test-method> <!-- setup -->
        <test-method status="PASS" signature="Cars_Filter()[pri:0, instance:com.travels.qa.testcases.Cars_Testcase@31a5c39e]" name="Cars_Filter" duration-ms="5092" started-at="2018-11-29T07:16:53Z" finished-at="2018-11-29T07:16:58Z">
          <reporter-output>
          </reporter-output>
        </test-method> <!-- Cars_Filter -->
        <test-method status="PASS" signature="teardown()[pri:0, instance:com.travels.qa.testcases.Cars_Testcase@31a5c39e]" name="teardown" is-config="true" duration-ms="1020" started-at="2018-11-29T07:16:58Z" finished-at="2018-11-29T07:16:59Z">
          <reporter-output>
          </reporter-output>
        </test-method> <!-- teardown -->
        <test-method status="PASS" signature="getResult(org.testng.ITestResult)[pri:0, instance:com.travels.qa.testcases.Cars_Testcase@31a5c39e]" name="getResult" is-config="true" duration-ms="1" started-at="2018-11-29T07:16:59Z" finished-at="2018-11-29T07:16:59Z">
          <params>
            <param index="0">
              <value>
                <![CDATA[[TestResult name=Cars_Filter status=SUCCESS method=Cars_Testcase.Cars_Filter()[pri:0, instance:com.travels.qa.testcases.Cars_Testcase@31a5c39e] output={null}]]]>
              </value>
            </param>
          </params>
          <reporter-output>
          </reporter-output>
        </test-method> <!-- getResult -->
        <test-method status="PASS" signature="setup()[pri:0, instance:com.travels.qa.testcases.Cars_Testcase@31a5c39e]" name="setup" is-config="true" duration-ms="10210" started-at="2018-11-29T07:16:59Z" finished-at="2018-11-29T07:17:09Z">
          <reporter-output>
          </reporter-output>
        </test-method> <!-- setup -->
        <test-method status="PASS" signature="Navigating_to_Cars_booking()[pri:0, instance:com.travels.qa.testcases.Cars_Testcase@31a5c39e]" name="Navigating_to_Cars_booking" duration-ms="12014" started-at="2018-11-29T07:17:09Z" finished-at="2018-11-29T07:17:21Z">
          <reporter-output>
          </reporter-output>
        </test-method> <!-- Navigating_to_Cars_booking -->
        <test-method status="PASS" signature="teardown()[pri:0, instance:com.travels.qa.testcases.Cars_Testcase@31a5c39e]" name="teardown" is-config="true" duration-ms="984" started-at="2018-11-29T07:17:21Z" finished-at="2018-11-29T07:17:22Z">
          <reporter-output>
          </reporter-output>
        </test-method> <!-- teardown -->
        <test-method status="PASS" signature="getResult(org.testng.ITestResult)[pri:0, instance:com.travels.qa.testcases.Cars_Testcase@31a5c39e]" name="getResult" is-config="true" duration-ms="1" started-at="2018-11-29T07:17:22Z" finished-at="2018-11-29T07:17:22Z">
          <params>
            <param index="0">
              <value>
                <![CDATA[[TestResult name=Navigating_to_Cars_booking status=SUCCESS method=Cars_Testcase.Navigating_to_Cars_booking()[pri:0, instance:com.travels.qa.testcases.Cars_Testcase@31a5c39e] output={null}]]]>
              </value>
            </param>
          </params>
          <reporter-output>
          </reporter-output>
        </test-method> <!-- getResult -->
      </class> <!-- com.travels.qa.testcases.Cars_Testcase -->
      <class name="com.travels.qa.testcases.TourConfirmation_Testcase">
        <test-method status="PASS" signature="setup()[pri:0, instance:com.travels.qa.testcases.TourConfirmation_Testcase@4566e5bd]" name="setup" is-config="true" duration-ms="11535" started-at="2018-11-29T07:45:01Z" finished-at="2018-11-29T07:45:13Z">
          <reporter-output>
          </reporter-output>
        </test-method> <!-- setup -->
        <test-method status="PASS" signature="book_with_invalid_user()[pri:0, instance:com.travels.qa.testcases.TourConfirmation_Testcase@4566e5bd]" name="book_with_invalid_user" duration-ms="16548" started-at="2018-11-29T07:45:13Z" finished-at="2018-11-29T07:45:29Z">
          <reporter-output>
          </reporter-output>
        </test-method> <!-- book_with_invalid_user -->
        <test-method status="PASS" signature="teardown()[pri:0, instance:com.travels.qa.testcases.TourConfirmation_Testcase@4566e5bd]" name="teardown" is-config="true" duration-ms="1047" started-at="2018-11-29T07:45:29Z" finished-at="2018-11-29T07:45:30Z">
          <reporter-output>
          </reporter-output>
        </test-method> <!-- teardown -->
        <test-method status="PASS" signature="getResult(org.testng.ITestResult)[pri:0, instance:com.travels.qa.testcases.TourConfirmation_Testcase@4566e5bd]" name="getResult" is-config="true" duration-ms="0" started-at="2018-11-29T07:45:30Z" finished-at="2018-11-29T07:45:30Z">
          <params>
            <param index="0">
              <value>
                <![CDATA[[TestResult name=book_with_invalid_user status=SUCCESS method=TourConfirmation_Testcase.book_with_invalid_user()[pri:0, instance:com.travels.qa.testcases.TourConfirmation_Testcase@4566e5bd] output={null}]]]>
              </value>
            </param>
          </params>
          <reporter-output>
          </reporter-output>
        </test-method> <!-- getResult -->
        <test-method status="PASS" signature="setup()[pri:0, instance:com.travels.qa.testcases.TourConfirmation_Testcase@4566e5bd]" name="setup" is-config="true" duration-ms="12042" started-at="2018-11-29T07:45:30Z" finished-at="2018-11-29T07:45:43Z">
          <reporter-output>
          </reporter-output>
        </test-method> <!-- setup -->
        <test-method status="PASS" signature="booking_as_a_guest()[pri:0, instance:com.travels.qa.testcases.TourConfirmation_Testcase@4566e5bd]" name="booking_as_a_guest" duration-ms="19170" started-at="2018-11-29T07:45:43Z" finished-at="2018-11-29T07:46:02Z">
          <reporter-output>
          </reporter-output>
        </test-method> <!-- booking_as_a_guest -->
        <test-method status="PASS" signature="teardown()[pri:0, instance:com.travels.qa.testcases.TourConfirmation_Testcase@4566e5bd]" name="teardown" is-config="true" duration-ms="1278" started-at="2018-11-29T07:46:02Z" finished-at="2018-11-29T07:46:03Z">
          <reporter-output>
          </reporter-output>
        </test-method> <!-- teardown -->
        <test-method status="PASS" signature="setup()[pri:0, instance:com.travels.qa.testcases.TourConfirmation_Testcase@4566e5bd]" name="setup" is-config="true" duration-ms="10555" started-at="2018-11-29T07:46:03Z" finished-at="2018-11-29T07:46:14Z">
          <reporter-output>
          </reporter-output>
        </test-method> <!-- setup -->
        <test-method status="PASS" signature="getResult(org.testng.ITestResult)[pri:0, instance:com.travels.qa.testcases.TourConfirmation_Testcase@4566e5bd]" name="getResult" is-config="true" duration-ms="0" started-at="2018-11-29T07:46:03Z" finished-at="2018-11-29T07:46:03Z">
          <params>
            <param index="0">
              <value>
                <![CDATA[[TestResult name=booking_as_a_guest status=SUCCESS method=TourConfirmation_Testcase.booking_as_a_guest()[pri:0, instance:com.travels.qa.testcases.TourConfirmation_Testcase@4566e5bd] output={null}]]]>
              </value>
            </param>
          </params>
          <reporter-output>
          </reporter-output>
        </test-method> <!-- getResult -->
        <test-method status="PASS" signature="make_a_note_while_ordering()[pri:0, instance:com.travels.qa.testcases.TourConfirmation_Testcase@4566e5bd]" name="make_a_note_while_ordering" duration-ms="18101" started-at="2018-11-29T07:46:14Z" finished-at="2018-11-29T07:46:32Z">
          <reporter-output>
          </reporter-output>
        </test-method> <!-- make_a_note_while_ordering -->
        <test-method status="PASS" signature="teardown()[pri:0, instance:com.travels.qa.testcases.TourConfirmation_Testcase@4566e5bd]" name="teardown" is-config="true" duration-ms="1030" started-at="2018-11-29T07:46:32Z" finished-at="2018-11-29T07:46:33Z">
          <reporter-output>
          </reporter-output>
        </test-method> <!-- teardown -->
        <test-method status="PASS" signature="getResult(org.testng.ITestResult)[pri:0, instance:com.travels.qa.testcases.TourConfirmation_Testcase@4566e5bd]" name="getResult" is-config="true" duration-ms="0" started-at="2018-11-29T07:46:33Z" finished-at="2018-11-29T07:46:33Z">
          <params>
            <param index="0">
              <value>
                <![CDATA[[TestResult name=make_a_note_while_ordering status=SUCCESS method=TourConfirmation_Testcase.make_a_note_while_ordering()[pri:0, instance:com.travels.qa.testcases.TourConfirmation_Testcase@4566e5bd] output={null}]]]>
              </value>
            </param>
          </params>
          <reporter-output>
          </reporter-output>
        </test-method> <!-- getResult -->
      </class> <!-- com.travels.qa.testcases.TourConfirmation_Testcase -->
      <class name="com.travels.qa.testcases.HotelInvoice_Testcase">
        <test-method status="PASS" signature="setup()[pri:0, instance:com.travels.qa.testcases.HotelInvoice_Testcase@6e06451e]" name="setup" is-config="true" duration-ms="14123" started-at="2018-11-29T07:33:00Z" finished-at="2018-11-29T07:33:14Z">
          <reporter-output>
          </reporter-output>
        </test-method> <!-- setup -->
        <test-method status="PASS" signature="Invoice_Visibility()[pri:0, instance:com.travels.qa.testcases.HotelInvoice_Testcase@6e06451e]" name="Invoice_Visibility" duration-ms="20343" started-at="2018-11-29T07:33:14Z" finished-at="2018-11-29T07:33:35Z">
          <reporter-output>
          </reporter-output>
        </test-method> <!-- Invoice_Visibility -->
        <test-method status="PASS" signature="teardown()[pri:0, instance:com.travels.qa.testcases.HotelInvoice_Testcase@6e06451e]" name="teardown" is-config="true" duration-ms="1013" started-at="2018-11-29T07:33:35Z" finished-at="2018-11-29T07:33:36Z">
          <reporter-output>
          </reporter-output>
        </test-method> <!-- teardown -->
        <test-method status="PASS" signature="getResult(org.testng.ITestResult)[pri:0, instance:com.travels.qa.testcases.HotelInvoice_Testcase@6e06451e]" name="getResult" is-config="true" duration-ms="0" started-at="2018-11-29T07:33:36Z" finished-at="2018-11-29T07:33:36Z">
          <params>
            <param index="0">
              <value>
                <![CDATA[[TestResult name=Invoice_Visibility status=SUCCESS method=HotelInvoice_Testcase.Invoice_Visibility()[pri:0, instance:com.travels.qa.testcases.HotelInvoice_Testcase@6e06451e] output={null}]]]>
              </value>
            </param>
          </params>
          <reporter-output>
          </reporter-output>
        </test-method> <!-- getResult -->
        <test-method status="PASS" signature="setup()[pri:0, instance:com.travels.qa.testcases.HotelInvoice_Testcase@6e06451e]" name="setup" is-config="true" duration-ms="10226" started-at="2018-11-29T07:33:36Z" finished-at="2018-11-29T07:33:46Z">
          <reporter-output>
          </reporter-output>
        </test-method> <!-- setup -->
        <test-method status="PASS" signature="payement_on_arrival()[pri:0, instance:com.travels.qa.testcases.HotelInvoice_Testcase@6e06451e]" name="payement_on_arrival" duration-ms="21256" started-at="2018-11-29T07:33:46Z" finished-at="2018-11-29T07:34:07Z">
          <reporter-output>
          </reporter-output>
        </test-method> <!-- payement_on_arrival -->
        <test-method status="PASS" signature="teardown()[pri:0, instance:com.travels.qa.testcases.HotelInvoice_Testcase@6e06451e]" name="teardown" is-config="true" duration-ms="986" started-at="2018-11-29T07:34:07Z" finished-at="2018-11-29T07:34:08Z">
          <reporter-output>
          </reporter-output>
        </test-method> <!-- teardown -->
        <test-method status="PASS" signature="getResult(org.testng.ITestResult)[pri:0, instance:com.travels.qa.testcases.HotelInvoice_Testcase@6e06451e]" name="getResult" is-config="true" duration-ms="0" started-at="2018-11-29T07:34:08Z" finished-at="2018-11-29T07:34:08Z">
          <params>
            <param index="0">
              <value>
                <![CDATA[[TestResult name=payement_on_arrival status=SUCCESS method=HotelInvoice_Testcase.payement_on_arrival()[pri:0, instance:com.travels.qa.testcases.HotelInvoice_Testcase@6e06451e] output={null}]]]>
              </value>
            </param>
          </params>
          <reporter-output>
          </reporter-output>
        </test-method> <!-- getResult -->
        <test-method status="PASS" signature="setup()[pri:0, instance:com.travels.qa.testcases.HotelInvoice_Testcase@6e06451e]" name="setup" is-config="true" duration-ms="10676" started-at="2018-11-29T07:34:08Z" finished-at="2018-11-29T07:34:19Z">
          <reporter-output>
          </reporter-output>
        </test-method> <!-- setup -->
        <test-method status="PASS" signature="payment_Now()[pri:0, instance:com.travels.qa.testcases.HotelInvoice_Testcase@6e06451e]" name="payment_Now" duration-ms="43767" started-at="2018-11-29T07:34:19Z" finished-at="2018-11-29T07:35:03Z">
          <reporter-output>
          </reporter-output>
        </test-method> <!-- payment_Now -->
        <test-method status="PASS" signature="teardown()[pri:0, instance:com.travels.qa.testcases.HotelInvoice_Testcase@6e06451e]" name="teardown" is-config="true" duration-ms="1066" started-at="2018-11-29T07:35:03Z" finished-at="2018-11-29T07:35:04Z">
          <reporter-output>
          </reporter-output>
        </test-method> <!-- teardown -->
        <test-method status="PASS" signature="getResult(org.testng.ITestResult)[pri:0, instance:com.travels.qa.testcases.HotelInvoice_Testcase@6e06451e]" name="getResult" is-config="true" duration-ms="0" started-at="2018-11-29T07:35:04Z" finished-at="2018-11-29T07:35:04Z">
          <params>
            <param index="0">
              <value>
                <![CDATA[[TestResult name=payment_Now status=SUCCESS method=HotelInvoice_Testcase.payment_Now()[pri:0, instance:com.travels.qa.testcases.HotelInvoice_Testcase@6e06451e] output={null}]]]>
              </value>
            </param>
          </params>
          <reporter-output>
          </reporter-output>
        </test-method> <!-- getResult -->
        <test-method status="PASS" signature="setup()[pri:0, instance:com.travels.qa.testcases.HotelInvoice_Testcase@6e06451e]" name="setup" is-config="true" duration-ms="13558" started-at="2018-11-29T07:35:04Z" finished-at="2018-11-29T07:35:17Z">
          <reporter-output>
          </reporter-output>
        </test-method> <!-- setup -->
        <test-method status="PASS" signature="payment_on_arrival_when_SignedUp()[pri:0, instance:com.travels.qa.testcases.HotelInvoice_Testcase@6e06451e]" name="payment_on_arrival_when_SignedUp" duration-ms="27183" started-at="2018-11-29T07:35:17Z" finished-at="2018-11-29T07:35:45Z">
          <reporter-output>
          </reporter-output>
        </test-method> <!-- payment_on_arrival_when_SignedUp -->
        <test-method status="PASS" signature="teardown()[pri:0, instance:com.travels.qa.testcases.HotelInvoice_Testcase@6e06451e]" name="teardown" is-config="true" duration-ms="991" started-at="2018-11-29T07:35:45Z" finished-at="2018-11-29T07:35:46Z">
          <reporter-output>
          </reporter-output>
        </test-method> <!-- teardown -->
        <test-method status="PASS" signature="getResult(org.testng.ITestResult)[pri:0, instance:com.travels.qa.testcases.HotelInvoice_Testcase@6e06451e]" name="getResult" is-config="true" duration-ms="0" started-at="2018-11-29T07:35:46Z" finished-at="2018-11-29T07:35:46Z">
          <params>
            <param index="0">
              <value>
                <![CDATA[[TestResult name=payment_on_arrival_when_SignedUp status=SUCCESS method=HotelInvoice_Testcase.payment_on_arrival_when_SignedUp()[pri:0, instance:com.travels.qa.testcases.HotelInvoice_Testcase@6e06451e] output={null}]]]>
              </value>
            </param>
          </params>
          <reporter-output>
          </reporter-output>
        </test-method> <!-- getResult -->
      </class> <!-- com.travels.qa.testcases.HotelInvoice_Testcase -->
      <class name="com.travels.qa.testcases.CarsConfirmation_Testcase">
        <test-method status="PASS" signature="setup()[pri:0, instance:com.travels.qa.testcases.CarsConfirmation_Testcase@1e397ed7]" name="setup" is-config="true" duration-ms="12425" started-at="2018-11-29T07:17:46Z" finished-at="2018-11-29T07:17:58Z">
          <reporter-output>
          </reporter-output>
        </test-method> <!-- setup -->
        <test-method status="PASS" signature="book_with_invalid_user()[pri:0, instance:com.travels.qa.testcases.CarsConfirmation_Testcase@1e397ed7]" name="book_with_invalid_user" duration-ms="14491" started-at="2018-11-29T07:17:58Z" finished-at="2018-11-29T07:18:13Z">
          <reporter-output>
          </reporter-output>
        </test-method> <!-- book_with_invalid_user -->
        <test-method status="PASS" signature="teardown()[pri:0, instance:com.travels.qa.testcases.CarsConfirmation_Testcase@1e397ed7]" name="teardown" is-config="true" duration-ms="993" started-at="2018-11-29T07:18:13Z" finished-at="2018-11-29T07:18:14Z">
          <reporter-output>
          </reporter-output>
        </test-method> <!-- teardown -->
        <test-method status="PASS" signature="getResult(org.testng.ITestResult)[pri:0, instance:com.travels.qa.testcases.CarsConfirmation_Testcase@1e397ed7]" name="getResult" is-config="true" duration-ms="1" started-at="2018-11-29T07:18:14Z" finished-at="2018-11-29T07:18:14Z">
          <params>
            <param index="0">
              <value>
                <![CDATA[[TestResult name=book_with_invalid_user status=SUCCESS method=CarsConfirmation_Testcase.book_with_invalid_user()[pri:0, instance:com.travels.qa.testcases.CarsConfirmation_Testcase@1e397ed7] output={null}]]]>
              </value>
            </param>
          </params>
          <reporter-output>
          </reporter-output>
        </test-method> <!-- getResult -->
        <test-method status="PASS" signature="setup()[pri:0, instance:com.travels.qa.testcases.CarsConfirmation_Testcase@1e397ed7]" name="setup" is-config="true" duration-ms="10265" started-at="2018-11-29T07:18:14Z" finished-at="2018-11-29T07:18:24Z">
          <reporter-output>
          </reporter-output>
        </test-method> <!-- setup -->
        <test-method status="FAIL" signature="booking_as_a_guest()[pri:0, instance:com.travels.qa.testcases.CarsConfirmation_Testcase@1e397ed7]" name="booking_as_a_guest" duration-ms="24290" started-at="2018-11-29T07:18:24Z" finished-at="2018-11-29T07:18:48Z">
          <exception class="org.openqa.selenium.TimeoutException">
            <message>
              <![CDATA[timeout
  (Session info: chrome=69.0.3497.92)
  (Driver info: chromedriver=2.41.578737 (49da6702b16031c40d63e5618de03a32ff6c197e),platform=Windows NT 10.0.15063 x86_64) (WARNING: The server did not provide any stacktrace information)
Command duration or timeout: 0 milliseconds
Build info: version: '3.13.0', revision: '2f0d292', time: '2018-06-25T15:24:21.231Z'
System info: host: 'GIND04LX6R5G5Q2', ip: '10.242.76.77', os.name: 'Windows 10', os.arch: 'amd64', os.version: '10.0', java.version: '1.8.0_181'
Driver info: org.openqa.selenium.chrome.ChromeDriver
Capabilities {acceptInsecureCerts: false, acceptSslCerts: false, applicationCacheEnabled: false, browserConnectionEnabled: false, browserName: chrome, chrome: {chromedriverVersion: 2.41.578737 (49da6702b16031..., userDataDir: C:\Users\10263638\AppData\L...}, cssSelectorsEnabled: true, databaseEnabled: false, goog:chromeOptions: {debuggerAddress: localhost:63808}, handlesAlerts: true, hasTouchScreen: false, javascriptEnabled: true, locationContextEnabled: true, mobileEmulationEnabled: false, nativeEvents: true, networkConnectionEnabled: false, pageLoadStrategy: normal, platform: XP, platformName: XP, rotatable: false, setWindowRect: true, takesHeapSnapshot: true, takesScreenshot: true, unexpectedAlertBehaviour: , unhandledPromptBehavior: , version: 69.0.3497.92, webStorageEnabled: true}
Session ID: 1d8db394ff6763e4355982c9300ff60e]]>
            </message>
            <full-stacktrace>
              <![CDATA[org.openqa.selenium.TimeoutException: timeout
  (Session info: chrome=69.0.3497.92)
  (Driver info: chromedriver=2.41.578737 (49da6702b16031c40d63e5618de03a32ff6c197e),platform=Windows NT 10.0.15063 x86_64) (WARNING: The server did not provide any stacktrace information)
Command duration or timeout: 0 milliseconds
Build info: version: '3.13.0', revision: '2f0d292', time: '2018-06-25T15:24:21.231Z'
System info: host: 'GIND04LX6R5G5Q2', ip: '10.242.76.77', os.name: 'Windows 10', os.arch: 'amd64', os.version: '10.0', java.version: '1.8.0_181'
Driver info: org.openqa.selenium.chrome.ChromeDriver
Capabilities {acceptInsecureCerts: false, acceptSslCerts: false, applicationCacheEnabled: false, browserConnectionEnabled: false, browserName: chrome, chrome: {chromedriverVersion: 2.41.578737 (49da6702b16031..., userDataDir: C:\Users\10263638\AppData\L...}, cssSelectorsEnabled: true, databaseEnabled: false, goog:chromeOptions: {debuggerAddress: localhost:63808}, handlesAlerts: true, hasTouchScreen: false, javascriptEnabled: true, locationContextEnabled: true, mobileEmulationEnabled: false, nativeEvents: true, networkConnectionEnabled: false, pageLoadStrategy: normal, platform: XP, platformName: XP, rotatable: false, setWindowRect: true, takesHeapSnapshot: true, takesScreenshot: true, unexpectedAlertBehaviour: , unhandledPromptBehavior: , version: 69.0.3497.92, webStorageEnabled: true}
Session ID: 1d8db394ff6763e4355982c9300ff60e
at sun.reflect.NativeConstructorAccessorImpl.newInstance0(Native Method)
at sun.reflect.NativeConstructorAccessorImpl.newInstance(Unknown Source)
at sun.reflect.DelegatingConstructorAccessorImpl.newInstance(Unknown Source)
at java.lang.reflect.Constructor.newInstance(Unknown Source)
at org.openqa.selenium.remote.ErrorHandler.createThrowable(ErrorHandler.java:214)
at org.openqa.selenium.remote.ErrorHandler.throwIfResponseFailed(ErrorHandler.java:166)
at org.openqa.selenium.remote.http.JsonHttpResponseCodec.reconstructValue(JsonHttpResponseCodec.java:40)
at org.openqa.selenium.remote.http.AbstractHttpResponseCodec.decode(AbstractHttpResponseCodec.java:80)
at org.openqa.selenium.remote.http.AbstractHttpResponseCodec.decode(AbstractHttpResponseCodec.java:44)
at org.openqa.selenium.remote.HttpCommandExecutor.execute(HttpCommandExecutor.java:158)
at org.openqa.selenium.remote.service.DriverCommandExecutor.execute(DriverCommandExecutor.java:83)
at org.openqa.selenium.remote.RemoteWebDriver.execute(RemoteWebDriver.java:548)
at org.openqa.selenium.remote.RemoteWebElement.execute(RemoteWebElement.java:276)
at org.openqa.selenium.remote.RemoteWebElement.click(RemoteWebElement.java:83)
at sun.reflect.GeneratedMethodAccessor3.invoke(Unknown Source)
at sun.reflect.DelegatingMethodAccessorImpl.invoke(Unknown Source)
at java.lang.reflect.Method.invoke(Unknown Source)
at org.openqa.selenium.support.pagefactory.internal.LocatingElementHandler.invoke(LocatingElementHandler.java:51)
at com.sun.proxy.$Proxy11.click(Unknown Source)
at com.travels.qa.pages.CarsPage.Cars_Booking(CarsPage.java:36)
at com.travels.qa.testcases.CarsConfirmation_Testcase.booking_as_a_guest(CarsConfirmation_Testcase.java:47)
at sun.reflect.NativeMethodAccessorImpl.invoke0(Native Method)
at sun.reflect.NativeMethodAccessorImpl.invoke(Unknown Source)
at sun.reflect.DelegatingMethodAccessorImpl.invoke(Unknown Source)
at java.lang.reflect.Method.invoke(Unknown Source)
at org.testng.internal.MethodInvocationHelper.invokeMethod(MethodInvocationHelper.java:124)
at org.testng.internal.Invoker.invokeMethod(Invoker.java:583)
at org.testng.internal.Invoker.invokeTestMethod(Invoker.java:719)
at org.testng.internal.Invoker.invokeTestMethods(Invoker.java:989)
at org.testng.internal.TestMethodWorker.invokeTestMethods(TestMethodWorker.java:125)
at org.testng.internal.TestMethodWorker.run(TestMethodWorker.java:109)
at org.testng.TestRunner.privateRun(TestRunner.java:648)
at org.testng.TestRunner.run(TestRunner.java:505)
at org.testng.SuiteRunner.runTest(SuiteRunner.java:455)
at org.testng.SuiteRunner.runSequentially(SuiteRunner.java:450)
at org.testng.SuiteRunner.privateRun(SuiteRunner.java:415)
at org.testng.SuiteRunner.run(SuiteRunner.java:364)
at org.testng.SuiteRunnerWorker.runSuite(SuiteRunnerWorker.java:52)
at org.testng.SuiteRunnerWorker.run(SuiteRunnerWorker.java:84)
at org.testng.TestNG.runSuitesSequentially(TestNG.java:1208)
at org.testng.TestNG.runSuitesLocally(TestNG.java:1137)
at org.testng.TestNG.runSuites(TestNG.java:1049)
at org.testng.TestNG.run(TestNG.java:1017)
at org.testng.remote.AbstractRemoteTestNG.run(AbstractRemoteTestNG.java:114)
at org.testng.remote.RemoteTestNG.initAndRun(RemoteTestNG.java:251)
at org.testng.remote.RemoteTestNG.main(RemoteTestNG.java:77)
]]>
            </full-stacktrace>
          </exception> <!-- org.openqa.selenium.TimeoutException -->
          <reporter-output>
          </reporter-output>
        </test-method> <!-- booking_as_a_guest -->
        <test-method status="PASS" signature="teardown()[pri:0, instance:com.travels.qa.testcases.CarsConfirmation_Testcase@1e397ed7]" name="teardown" is-config="true" duration-ms="1005" started-at="2018-11-29T07:18:48Z" finished-at="2018-11-29T07:18:49Z">
          <reporter-output>
          </reporter-output>
        </test-method> <!-- teardown -->
        <test-method status="PASS" signature="getResult(org.testng.ITestResult)[pri:0, instance:com.travels.qa.testcases.CarsConfirmation_Testcase@1e397ed7]" name="getResult" is-config="true" duration-ms="4" started-at="2018-11-29T07:18:49Z" finished-at="2018-11-29T07:18:49Z">
          <params>
            <param index="0">
              <value>
                <![CDATA[[TestResult name=booking_as_a_guest status=FAILURE method=CarsConfirmation_Testcase.booking_as_a_guest()[pri:0, instance:com.travels.qa.testcases.CarsConfirmation_Testcase@1e397ed7] output={null}]]]>
              </value>
            </param>
          </params>
          <reporter-output>
          </reporter-output>
        </test-method> <!-- getResult -->
        <test-method status="PASS" signature="setup()[pri:0, instance:com.travels.qa.testcases.CarsConfirmation_Testcase@1e397ed7]" name="setup" is-config="true" duration-ms="12447" started-at="2018-11-29T07:18:49Z" finished-at="2018-11-29T07:19:02Z">
          <reporter-output>
          </reporter-output>
        </test-method> <!-- setup -->
        <test-method status="PASS" signature="make_a_note_while_ordering()[pri:0, instance:com.travels.qa.testcases.CarsConfirmation_Testcase@1e397ed7]" name="make_a_note_while_ordering" duration-ms="20879" started-at="2018-11-29T07:19:02Z" finished-at="2018-11-29T07:19:23Z">
          <reporter-output>
          </reporter-output>
        </test-method> <!-- make_a_note_while_ordering -->
        <test-method status="PASS" signature="teardown()[pri:0, instance:com.travels.qa.testcases.CarsConfirmation_Testcase@1e397ed7]" name="teardown" is-config="true" duration-ms="1002" started-at="2018-11-29T07:19:23Z" finished-at="2018-11-29T07:19:24Z">
          <reporter-output>
          </reporter-output>
        </test-method> <!-- teardown -->
        <test-method status="PASS" signature="getResult(org.testng.ITestResult)[pri:0, instance:com.travels.qa.testcases.CarsConfirmation_Testcase@1e397ed7]" name="getResult" is-config="true" duration-ms="0" started-at="2018-11-29T07:19:24Z" finished-at="2018-11-29T07:19:24Z">
          <params>
            <param index="0">
              <value>
                <![CDATA[[TestResult name=make_a_note_while_ordering status=SUCCESS method=CarsConfirmation_Testcase.make_a_note_while_ordering()[pri:0, instance:com.travels.qa.testcases.CarsConfirmation_Testcase@1e397ed7] output={null}]]]>
              </value>
            </param>
          </params>
          <reporter-output>
          </reporter-output>
        </test-method> <!-- getResult -->
      </class> <!-- com.travels.qa.testcases.CarsConfirmation_Testcase -->
      <class name="com.travels.qa.testcases.Offers_Testcase">
        <test-method status="PASS" signature="setup()[pri:0, instance:com.travels.qa.testcases.Offers_Testcase@5cb9f472]" name="setup" is-config="true" duration-ms="10489" started-at="2018-11-29T07:38:41Z" finished-at="2018-11-29T07:38:51Z">
          <reporter-output>
          </reporter-output>
        </test-method> <!-- setup -->
        <test-method status="PASS" signature="Offer_acceptance()[pri:0, instance:com.travels.qa.testcases.Offers_Testcase@5cb9f472]" name="Offer_acceptance" duration-ms="6510" started-at="2018-11-29T07:38:51Z" finished-at="2018-11-29T07:38:58Z">
          <reporter-output>
          </reporter-output>
        </test-method> <!-- Offer_acceptance -->
        <test-method status="PASS" signature="teardown()[pri:0, instance:com.travels.qa.testcases.Offers_Testcase@5cb9f472]" name="teardown" is-config="true" duration-ms="1477" started-at="2018-11-29T07:38:58Z" finished-at="2018-11-29T07:38:59Z">
          <reporter-output>
          </reporter-output>
        </test-method> <!-- teardown -->
        <test-method status="PASS" signature="getResult(org.testng.ITestResult)[pri:0, instance:com.travels.qa.testcases.Offers_Testcase@5cb9f472]" name="getResult" is-config="true" duration-ms="0" started-at="2018-11-29T07:38:59Z" finished-at="2018-11-29T07:38:59Z">
          <params>
            <param index="0">
              <value>
                <![CDATA[[TestResult name=Offer_acceptance status=SUCCESS method=Offers_Testcase.Offer_acceptance()[pri:0, instance:com.travels.qa.testcases.Offers_Testcase@5cb9f472] output={null}]]]>
              </value>
            </param>
          </params>
          <reporter-output>
          </reporter-output>
        </test-method> <!-- getResult -->
        <test-method status="PASS" signature="setup()[pri:0, instance:com.travels.qa.testcases.Offers_Testcase@5cb9f472]" name="setup" is-config="true" duration-ms="11778" started-at="2018-11-29T07:38:59Z" finished-at="2018-11-29T07:39:11Z">
          <reporter-output>
          </reporter-output>
        </test-method> <!-- setup -->
        <test-method status="PASS" signature="Offer_reading()[pri:0, instance:com.travels.qa.testcases.Offers_Testcase@5cb9f472]" name="Offer_reading" duration-ms="16619" started-at="2018-11-29T07:39:11Z" finished-at="2018-11-29T07:39:28Z">
          <reporter-output>
          </reporter-output>
        </test-method> <!-- Offer_reading -->
        <test-method status="PASS" signature="teardown()[pri:0, instance:com.travels.qa.testcases.Offers_Testcase@5cb9f472]" name="teardown" is-config="true" duration-ms="981" started-at="2018-11-29T07:39:28Z" finished-at="2018-11-29T07:39:29Z">
          <reporter-output>
          </reporter-output>
        </test-method> <!-- teardown -->
        <test-method status="PASS" signature="getResult(org.testng.ITestResult)[pri:0, instance:com.travels.qa.testcases.Offers_Testcase@5cb9f472]" name="getResult" is-config="true" duration-ms="0" started-at="2018-11-29T07:39:29Z" finished-at="2018-11-29T07:39:29Z">
          <params>
            <param index="0">
              <value>
                <![CDATA[[TestResult name=Offer_reading status=SUCCESS method=Offers_Testcase.Offer_reading()[pri:0, instance:com.travels.qa.testcases.Offers_Testcase@5cb9f472] output={null}]]]>
              </value>
            </param>
          </params>
          <reporter-output>
          </reporter-output>
        </test-method> <!-- getResult -->
      </class> <!-- com.travels.qa.testcases.Offers_Testcase -->
      <class name="com.travels.qa.testcases.HomePage_Testcase">
        <test-method status="PASS" signature="setup()[pri:0, instance:com.travels.qa.testcases.HomePage_Testcase@56ac3a89]" name="setup" is-config="true" duration-ms="10857" started-at="2018-11-29T07:22:00Z" finished-at="2018-11-29T07:22:11Z">
          <reporter-output>
          </reporter-output>
        </test-method> <!-- setup -->
        <test-method status="PASS" signature="Booking_Cars_for_User()[pri:0, instance:com.travels.qa.testcases.HomePage_Testcase@56ac3a89]" name="Booking_Cars_for_User" duration-ms="3059" started-at="2018-11-29T07:22:11Z" finished-at="2018-11-29T07:22:14Z">
          <reporter-output>
          </reporter-output>
        </test-method> <!-- Booking_Cars_for_User -->
        <test-method status="PASS" signature="teardown()[pri:0, instance:com.travels.qa.testcases.HomePage_Testcase@56ac3a89]" name="teardown" is-config="true" duration-ms="946" started-at="2018-11-29T07:22:14Z" finished-at="2018-11-29T07:22:15Z">
          <reporter-output>
          </reporter-output>
        </test-method> <!-- teardown -->
        <test-method status="PASS" signature="setup()[pri:0, instance:com.travels.qa.testcases.HomePage_Testcase@56ac3a89]" name="setup" is-config="true" duration-ms="11060" started-at="2018-11-29T07:22:15Z" finished-at="2018-11-29T07:22:26Z">
          <reporter-output>
          </reporter-output>
        </test-method> <!-- setup -->
        <test-method status="PASS" signature="getResult(org.testng.ITestResult)[pri:0, instance:com.travels.qa.testcases.HomePage_Testcase@56ac3a89]" name="getResult" is-config="true" duration-ms="0" started-at="2018-11-29T07:22:15Z" finished-at="2018-11-29T07:22:15Z">
          <params>
            <param index="0">
              <value>
                <![CDATA[[TestResult name=Booking_Cars_for_User status=SUCCESS method=HomePage_Testcase.Booking_Cars_for_User()[pri:0, instance:com.travels.qa.testcases.HomePage_Testcase@56ac3a89] output={null}]]]>
              </value>
            </param>
          </params>
          <reporter-output>
          </reporter-output>
        </test-method> <!-- getResult -->
        <test-method status="PASS" signature="Booking_Hotels_for_User()[pri:0, instance:com.travels.qa.testcases.HomePage_Testcase@56ac3a89]" name="Booking_Hotels_for_User" duration-ms="3479" started-at="2018-11-29T07:22:26Z" finished-at="2018-11-29T07:22:29Z">
          <reporter-output>
          </reporter-output>
        </test-method> <!-- Booking_Hotels_for_User -->
        <test-method status="PASS" signature="teardown()[pri:0, instance:com.travels.qa.testcases.HomePage_Testcase@56ac3a89]" name="teardown" is-config="true" duration-ms="946" started-at="2018-11-29T07:22:29Z" finished-at="2018-11-29T07:22:30Z">
          <reporter-output>
          </reporter-output>
        </test-method> <!-- teardown -->
        <test-method status="PASS" signature="setup()[pri:0, instance:com.travels.qa.testcases.HomePage_Testcase@56ac3a89]" name="setup" is-config="true" duration-ms="17456" started-at="2018-11-29T07:22:30Z" finished-at="2018-11-29T07:22:48Z">
          <reporter-output>
          </reporter-output>
        </test-method> <!-- setup -->
        <test-method status="PASS" signature="getResult(org.testng.ITestResult)[pri:0, instance:com.travels.qa.testcases.HomePage_Testcase@56ac3a89]" name="getResult" is-config="true" duration-ms="0" started-at="2018-11-29T07:22:30Z" finished-at="2018-11-29T07:22:30Z">
          <params>
            <param index="0">
              <value>
                <![CDATA[[TestResult name=Booking_Hotels_for_User status=SUCCESS method=HomePage_Testcase.Booking_Hotels_for_User()[pri:0, instance:com.travels.qa.testcases.HomePage_Testcase@56ac3a89] output={null}]]]>
              </value>
            </param>
          </params>
          <reporter-output>
          </reporter-output>
        </test-method> <!-- getResult -->
        <test-method status="PASS" signature="Booking_Tour_for_User()[pri:0, instance:com.travels.qa.testcases.HomePage_Testcase@56ac3a89]" name="Booking_Tour_for_User" duration-ms="3027" started-at="2018-11-29T07:22:48Z" finished-at="2018-11-29T07:22:51Z">
          <reporter-output>
          </reporter-output>
        </test-method> <!-- Booking_Tour_for_User -->
        <test-method status="PASS" signature="teardown()[pri:0, instance:com.travels.qa.testcases.HomePage_Testcase@56ac3a89]" name="teardown" is-config="true" duration-ms="942" started-at="2018-11-29T07:22:51Z" finished-at="2018-11-29T07:22:52Z">
          <reporter-output>
          </reporter-output>
        </test-method> <!-- teardown -->
        <test-method status="PASS" signature="getResult(org.testng.ITestResult)[pri:0, instance:com.travels.qa.testcases.HomePage_Testcase@56ac3a89]" name="getResult" is-config="true" duration-ms="0" started-at="2018-11-29T07:22:52Z" finished-at="2018-11-29T07:22:52Z">
          <params>
            <param index="0">
              <value>
                <![CDATA[[TestResult name=Booking_Tour_for_User status=SUCCESS method=HomePage_Testcase.Booking_Tour_for_User()[pri:0, instance:com.travels.qa.testcases.HomePage_Testcase@56ac3a89] output={null}]]]>
              </value>
            </param>
          </params>
          <reporter-output>
          </reporter-output>
        </test-method> <!-- getResult -->
        <test-method status="PASS" signature="setup()[pri:0, instance:com.travels.qa.testcases.HomePage_Testcase@56ac3a89]" name="setup" is-config="true" duration-ms="14110" started-at="2018-11-29T07:22:52Z" finished-at="2018-11-29T07:23:06Z">
          <reporter-output>
          </reporter-output>
        </test-method> <!-- setup -->
        <test-method status="PASS" signature="Booking_Visa_for_User()[pri:0, instance:com.travels.qa.testcases.HomePage_Testcase@56ac3a89]" name="Booking_Visa_for_User" duration-ms="5049" started-at="2018-11-29T07:23:06Z" finished-at="2018-11-29T07:23:11Z">
          <reporter-output>
          </reporter-output>
        </test-method> <!-- Booking_Visa_for_User -->
        <test-method status="PASS" signature="teardown()[pri:0, instance:com.travels.qa.testcases.HomePage_Testcase@56ac3a89]" name="teardown" is-config="true" duration-ms="937" started-at="2018-11-29T07:23:11Z" finished-at="2018-11-29T07:23:12Z">
          <reporter-output>
          </reporter-output>
        </test-method> <!-- teardown -->
        <test-method status="PASS" signature="getResult(org.testng.ITestResult)[pri:0, instance:com.travels.qa.testcases.HomePage_Testcase@56ac3a89]" name="getResult" is-config="true" duration-ms="1" started-at="2018-11-29T07:23:12Z" finished-at="2018-11-29T07:23:12Z">
          <params>
            <param index="0">
              <value>
                <![CDATA[[TestResult name=Booking_Visa_for_User status=SUCCESS method=HomePage_Testcase.Booking_Visa_for_User()[pri:0, instance:com.travels.qa.testcases.HomePage_Testcase@56ac3a89] output={null}]]]>
              </value>
            </param>
          </params>
          <reporter-output>
          </reporter-output>
        </test-method> <!-- getResult -->
        <test-method status="PASS" signature="setup()[pri:0, instance:com.travels.qa.testcases.HomePage_Testcase@56ac3a89]" name="setup" is-config="true" duration-ms="13372" started-at="2018-11-29T07:23:12Z" finished-at="2018-11-29T07:23:25Z">
          <reporter-output>
          </reporter-output>
        </test-method> <!-- setup -->
        <test-method status="PASS" signature="Cars_placard_handling()[pri:0, instance:com.travels.qa.testcases.HomePage_Testcase@56ac3a89]" name="Cars_placard_handling" duration-ms="5649" started-at="2018-11-29T07:23:25Z" finished-at="2018-11-29T07:23:31Z">
          <reporter-output>
          </reporter-output>
        </test-method> <!-- Cars_placard_handling -->
        <test-method status="PASS" signature="teardown()[pri:0, instance:com.travels.qa.testcases.HomePage_Testcase@56ac3a89]" name="teardown" is-config="true" duration-ms="973" started-at="2018-11-29T07:23:31Z" finished-at="2018-11-29T07:23:32Z">
          <reporter-output>
          </reporter-output>
        </test-method> <!-- teardown -->
        <test-method status="PASS" signature="getResult(org.testng.ITestResult)[pri:0, instance:com.travels.qa.testcases.HomePage_Testcase@56ac3a89]" name="getResult" is-config="true" duration-ms="0" started-at="2018-11-29T07:23:32Z" finished-at="2018-11-29T07:23:32Z">
          <params>
            <param index="0">
              <value>
                <![CDATA[[TestResult name=Cars_placard_handling status=SUCCESS method=HomePage_Testcase.Cars_placard_handling()[pri:0, instance:com.travels.qa.testcases.HomePage_Testcase@56ac3a89] output={null}]]]>
              </value>
            </param>
          </params>
          <reporter-output>
          </reporter-output>
        </test-method> <!-- getResult -->
        <test-method status="PASS" signature="setup()[pri:0, instance:com.travels.qa.testcases.HomePage_Testcase@56ac3a89]" name="setup" is-config="true" duration-ms="13475" started-at="2018-11-29T07:23:32Z" finished-at="2018-11-29T07:23:45Z">
          <reporter-output>
          </reporter-output>
        </test-method> <!-- setup -->
        <test-method status="PASS" signature="Checking_HomeButton_Click_Helps_To_Land_On_HomeScreen()[pri:0, instance:com.travels.qa.testcases.HomePage_Testcase@56ac3a89]" name="Checking_HomeButton_Click_Helps_To_Land_On_HomeScreen" duration-ms="2483" started-at="2018-11-29T07:23:45Z" finished-at="2018-11-29T07:23:48Z">
          <reporter-output>
          </reporter-output>
        </test-method> <!-- Checking_HomeButton_Click_Helps_To_Land_On_HomeScreen -->
        <test-method status="PASS" signature="teardown()[pri:0, instance:com.travels.qa.testcases.HomePage_Testcase@56ac3a89]" name="teardown" is-config="true" duration-ms="953" started-at="2018-11-29T07:23:48Z" finished-at="2018-11-29T07:23:49Z">
          <reporter-output>
          </reporter-output>
        </test-method> <!-- teardown -->
        <test-method status="PASS" signature="setup()[pri:0, instance:com.travels.qa.testcases.HomePage_Testcase@56ac3a89]" name="setup" is-config="true" duration-ms="12768" started-at="2018-11-29T07:23:49Z" finished-at="2018-11-29T07:24:01Z">
          <reporter-output>
          </reporter-output>
        </test-method> <!-- setup -->
        <test-method status="PASS" signature="getResult(org.testng.ITestResult)[pri:0, instance:com.travels.qa.testcases.HomePage_Testcase@56ac3a89]" name="getResult" is-config="true" duration-ms="0" started-at="2018-11-29T07:23:49Z" finished-at="2018-11-29T07:23:49Z">
          <params>
            <param index="0">
              <value>
                <![CDATA[[TestResult name=Checking_HomeButton_Click_Helps_To_Land_On_HomeScreen status=SUCCESS method=HomePage_Testcase.Checking_HomeButton_Click_Helps_To_Land_On_HomeScreen()[pri:0, instance:com.travels.qa.testcases.HomePage_Testcase@56ac3a89] output={null}]]]>
              </value>
            </param>
          </params>
          <reporter-output>
          </reporter-output>
        </test-method> <!-- getResult -->
        <test-method status="PASS" signature="Checking_Logo_Click_Helps_To_Land_On_HomeScreen()[pri:0, instance:com.travels.qa.testcases.HomePage_Testcase@56ac3a89]" name="Checking_Logo_Click_Helps_To_Land_On_HomeScreen" duration-ms="4115" started-at="2018-11-29T07:24:01Z" finished-at="2018-11-29T07:24:06Z">
          <reporter-output>
          </reporter-output>
        </test-method> <!-- Checking_Logo_Click_Helps_To_Land_On_HomeScreen -->
        <test-method status="PASS" signature="teardown()[pri:0, instance:com.travels.qa.testcases.HomePage_Testcase@56ac3a89]" name="teardown" is-config="true" duration-ms="981" started-at="2018-11-29T07:24:06Z" finished-at="2018-11-29T07:24:07Z">
          <reporter-output>
          </reporter-output>
        </test-method> <!-- teardown -->
        <test-method status="PASS" signature="getResult(org.testng.ITestResult)[pri:0, instance:com.travels.qa.testcases.HomePage_Testcase@56ac3a89]" name="getResult" is-config="true" duration-ms="0" started-at="2018-11-29T07:24:07Z" finished-at="2018-11-29T07:24:07Z">
          <params>
            <param index="0">
              <value>
                <![CDATA[[TestResult name=Checking_Logo_Click_Helps_To_Land_On_HomeScreen status=SUCCESS method=HomePage_Testcase.Checking_Logo_Click_Helps_To_Land_On_HomeScreen()[pri:0, instance:com.travels.qa.testcases.HomePage_Testcase@56ac3a89] output={null}]]]>
              </value>
            </param>
          </params>
          <reporter-output>
          </reporter-output>
        </test-method> <!-- getResult -->
        <test-method status="PASS" signature="setup()[pri:0, instance:com.travels.qa.testcases.HomePage_Testcase@56ac3a89]" name="setup" is-config="true" duration-ms="14368" started-at="2018-11-29T07:24:07Z" finished-at="2018-11-29T07:24:21Z">
          <reporter-output>
          </reporter-output>
        </test-method> <!-- setup -->
        <test-method status="PASS" signature="Checking_Presence_Of_Currency_In_The_List()[pri:0, instance:com.travels.qa.testcases.HomePage_Testcase@56ac3a89]" name="Checking_Presence_Of_Currency_In_The_List" duration-ms="1063" started-at="2018-11-29T07:24:21Z" finished-at="2018-11-29T07:24:22Z">
          <reporter-output>
          </reporter-output>
        </test-method> <!-- Checking_Presence_Of_Currency_In_The_List -->
        <test-method status="PASS" signature="teardown()[pri:0, instance:com.travels.qa.testcases.HomePage_Testcase@56ac3a89]" name="teardown" is-config="true" duration-ms="1000" started-at="2018-11-29T07:24:22Z" finished-at="2018-11-29T07:24:23Z">
          <reporter-output>
          </reporter-output>
        </test-method> <!-- teardown -->
        <test-method status="PASS" signature="getResult(org.testng.ITestResult)[pri:0, instance:com.travels.qa.testcases.HomePage_Testcase@56ac3a89]" name="getResult" is-config="true" duration-ms="0" started-at="2018-11-29T07:24:23Z" finished-at="2018-11-29T07:24:23Z">
          <params>
            <param index="0">
              <value>
                <![CDATA[[TestResult name=Checking_Presence_Of_Currency_In_The_List status=SUCCESS method=HomePage_Testcase.Checking_Presence_Of_Currency_In_The_List()[pri:0, instance:com.travels.qa.testcases.HomePage_Testcase@56ac3a89] output={null}]]]>
              </value>
            </param>
          </params>
          <reporter-output>
          </reporter-output>
        </test-method> <!-- getResult -->
        <test-method status="PASS" signature="setup()[pri:0, instance:com.travels.qa.testcases.HomePage_Testcase@56ac3a89]" name="setup" is-config="true" duration-ms="13903" started-at="2018-11-29T07:24:23Z" finished-at="2018-11-29T07:24:37Z">
          <reporter-output>
          </reporter-output>
        </test-method> <!-- setup -->
        <test-method status="PASS" signature="Checking_Presence_Of_Email_Address()[pri:0, instance:com.travels.qa.testcases.HomePage_Testcase@56ac3a89]" name="Checking_Presence_Of_Email_Address" duration-ms="134" started-at="2018-11-29T07:24:37Z" finished-at="2018-11-29T07:24:37Z">
          <reporter-output>
          </reporter-output>
        </test-method> <!-- Checking_Presence_Of_Email_Address -->
        <test-method status="PASS" signature="teardown()[pri:0, instance:com.travels.qa.testcases.HomePage_Testcase@56ac3a89]" name="teardown" is-config="true" duration-ms="941" started-at="2018-11-29T07:24:37Z" finished-at="2018-11-29T07:24:38Z">
          <reporter-output>
          </reporter-output>
        </test-method> <!-- teardown -->
        <test-method status="PASS" signature="getResult(org.testng.ITestResult)[pri:0, instance:com.travels.qa.testcases.HomePage_Testcase@56ac3a89]" name="getResult" is-config="true" duration-ms="1" started-at="2018-11-29T07:24:38Z" finished-at="2018-11-29T07:24:38Z">
          <params>
            <param index="0">
              <value>
                <![CDATA[[TestResult name=Checking_Presence_Of_Email_Address status=SUCCESS method=HomePage_Testcase.Checking_Presence_Of_Email_Address()[pri:0, instance:com.travels.qa.testcases.HomePage_Testcase@56ac3a89] output={null}]]]>
              </value>
            </param>
          </params>
          <reporter-output>
          </reporter-output>
        </test-method> <!-- getResult -->
        <test-method status="PASS" signature="setup()[pri:0, instance:com.travels.qa.testcases.HomePage_Testcase@56ac3a89]" name="setup" is-config="true" duration-ms="12849" started-at="2018-11-29T07:24:38Z" finished-at="2018-11-29T07:24:51Z">
          <reporter-output>
          </reporter-output>
        </test-method> <!-- setup -->
        <test-method status="PASS" signature="Checking_Presence_Of_Language_In_The_List()[pri:0, instance:com.travels.qa.testcases.HomePage_Testcase@56ac3a89]" name="Checking_Presence_Of_Language_In_The_List" duration-ms="845" started-at="2018-11-29T07:24:51Z" finished-at="2018-11-29T07:24:52Z">
          <reporter-output>
          </reporter-output>
        </test-method> <!-- Checking_Presence_Of_Language_In_The_List -->
        <test-method status="PASS" signature="teardown()[pri:0, instance:com.travels.qa.testcases.HomePage_Testcase@56ac3a89]" name="teardown" is-config="true" duration-ms="943" started-at="2018-11-29T07:24:52Z" finished-at="2018-11-29T07:24:53Z">
          <reporter-output>
          </reporter-output>
        </test-method> <!-- teardown -->
        <test-method status="PASS" signature="getResult(org.testng.ITestResult)[pri:0, instance:com.travels.qa.testcases.HomePage_Testcase@56ac3a89]" name="getResult" is-config="true" duration-ms="1" started-at="2018-11-29T07:24:53Z" finished-at="2018-11-29T07:24:53Z">
          <params>
            <param index="0">
              <value>
                <![CDATA[[TestResult name=Checking_Presence_Of_Language_In_The_List status=SUCCESS method=HomePage_Testcase.Checking_Presence_Of_Language_In_The_List()[pri:0, instance:com.travels.qa.testcases.HomePage_Testcase@56ac3a89] output={null}]]]>
              </value>
            </param>
          </params>
          <reporter-output>
          </reporter-output>
        </test-method> <!-- getResult -->
        <test-method status="PASS" signature="setup()[pri:0, instance:com.travels.qa.testcases.HomePage_Testcase@56ac3a89]" name="setup" is-config="true" duration-ms="12876" started-at="2018-11-29T07:24:53Z" finished-at="2018-11-29T07:25:06Z">
          <reporter-output>
          </reporter-output>
        </test-method> <!-- setup -->
        <test-method status="PASS" signature="Checking_Presence_Of_Logo()[pri:0, instance:com.travels.qa.testcases.HomePage_Testcase@56ac3a89]" name="Checking_Presence_Of_Logo" duration-ms="88" started-at="2018-11-29T07:25:06Z" finished-at="2018-11-29T07:25:06Z">
          <reporter-output>
          </reporter-output>
        </test-method> <!-- Checking_Presence_Of_Logo -->
        <test-method status="PASS" signature="teardown()[pri:0, instance:com.travels.qa.testcases.HomePage_Testcase@56ac3a89]" name="teardown" is-config="true" duration-ms="1003" started-at="2018-11-29T07:25:06Z" finished-at="2018-11-29T07:25:07Z">
          <reporter-output>
          </reporter-output>
        </test-method> <!-- teardown -->
        <test-method status="PASS" signature="setup()[pri:0, instance:com.travels.qa.testcases.HomePage_Testcase@56ac3a89]" name="setup" is-config="true" duration-ms="14871" started-at="2018-11-29T07:25:07Z" finished-at="2018-11-29T07:25:21Z">
          <reporter-output>
          </reporter-output>
        </test-method> <!-- setup -->
        <test-method status="PASS" signature="getResult(org.testng.ITestResult)[pri:0, instance:com.travels.qa.testcases.HomePage_Testcase@56ac3a89]" name="getResult" is-config="true" duration-ms="0" started-at="2018-11-29T07:25:07Z" finished-at="2018-11-29T07:25:07Z">
          <params>
            <param index="0">
              <value>
                <![CDATA[[TestResult name=Checking_Presence_Of_Logo status=SUCCESS method=HomePage_Testcase.Checking_Presence_Of_Logo()[pri:0, instance:com.travels.qa.testcases.HomePage_Testcase@56ac3a89] output={null}]]]>
              </value>
            </param>
          </params>
          <reporter-output>
          </reporter-output>
        </test-method> <!-- getResult -->
        <test-method status="PASS" signature="Checking_Presence_Of_PhoneNumber()[pri:0, instance:com.travels.qa.testcases.HomePage_Testcase@56ac3a89]" name="Checking_Presence_Of_PhoneNumber" duration-ms="117" started-at="2018-11-29T07:25:21Z" finished-at="2018-11-29T07:25:22Z">
          <reporter-output>
          </reporter-output>
        </test-method> <!-- Checking_Presence_Of_PhoneNumber -->
        <test-method status="PASS" signature="teardown()[pri:0, instance:com.travels.qa.testcases.HomePage_Testcase@56ac3a89]" name="teardown" is-config="true" duration-ms="936" started-at="2018-11-29T07:25:22Z" finished-at="2018-11-29T07:25:23Z">
          <reporter-output>
          </reporter-output>
        </test-method> <!-- teardown -->
        <test-method status="PASS" signature="getResult(org.testng.ITestResult)[pri:0, instance:com.travels.qa.testcases.HomePage_Testcase@56ac3a89]" name="getResult" is-config="true" duration-ms="0" started-at="2018-11-29T07:25:23Z" finished-at="2018-11-29T07:25:23Z">
          <params>
            <param index="0">
              <value>
                <![CDATA[[TestResult name=Checking_Presence_Of_PhoneNumber status=SUCCESS method=HomePage_Testcase.Checking_Presence_Of_PhoneNumber()[pri:0, instance:com.travels.qa.testcases.HomePage_Testcase@56ac3a89] output={null}]]]>
              </value>
            </param>
          </params>
          <reporter-output>
          </reporter-output>
        </test-method> <!-- getResult -->
        <test-method status="PASS" signature="setup()[pri:0, instance:com.travels.qa.testcases.HomePage_Testcase@56ac3a89]" name="setup" is-config="true" duration-ms="12926" started-at="2018-11-29T07:25:23Z" finished-at="2018-11-29T07:25:35Z">
          <reporter-output>
          </reporter-output>
        </test-method> <!-- setup -->
        <test-method status="PASS" signature="Checking_the_Text_Of_the_Blogbutton()[pri:0, instance:com.travels.qa.testcases.HomePage_Testcase@56ac3a89]" name="Checking_the_Text_Of_the_Blogbutton" duration-ms="148" started-at="2018-11-29T07:25:35Z" finished-at="2018-11-29T07:25:36Z">
          <reporter-output>
          </reporter-output>
        </test-method> <!-- Checking_the_Text_Of_the_Blogbutton -->
        <test-method status="PASS" signature="teardown()[pri:0, instance:com.travels.qa.testcases.HomePage_Testcase@56ac3a89]" name="teardown" is-config="true" duration-ms="924" started-at="2018-11-29T07:25:36Z" finished-at="2018-11-29T07:25:37Z">
          <reporter-output>
          </reporter-output>
        </test-method> <!-- teardown -->
        <test-method status="PASS" signature="getResult(org.testng.ITestResult)[pri:0, instance:com.travels.qa.testcases.HomePage_Testcase@56ac3a89]" name="getResult" is-config="true" duration-ms="0" started-at="2018-11-29T07:25:37Z" finished-at="2018-11-29T07:25:37Z">
          <params>
            <param index="0">
              <value>
                <![CDATA[[TestResult name=Checking_the_Text_Of_the_Blogbutton status=SUCCESS method=HomePage_Testcase.Checking_the_Text_Of_the_Blogbutton()[pri:0, instance:com.travels.qa.testcases.HomePage_Testcase@56ac3a89] output={null}]]]>
              </value>
            </param>
          </params>
          <reporter-output>
          </reporter-output>
        </test-method> <!-- getResult -->
        <test-method status="PASS" signature="setup()[pri:0, instance:com.travels.qa.testcases.HomePage_Testcase@56ac3a89]" name="setup" is-config="true" duration-ms="12446" started-at="2018-11-29T07:25:37Z" finished-at="2018-11-29T07:25:49Z">
          <reporter-output>
          </reporter-output>
        </test-method> <!-- setup -->
        <test-method status="PASS" signature="Checking_the_Text_Of_the_Homebutton()[pri:0, instance:com.travels.qa.testcases.HomePage_Testcase@56ac3a89]" name="Checking_the_Text_Of_the_Homebutton" duration-ms="118" started-at="2018-11-29T07:25:49Z" finished-at="2018-11-29T07:25:49Z">
          <reporter-output>
          </reporter-output>
        </test-method> <!-- Checking_the_Text_Of_the_Homebutton -->
        <test-method status="PASS" signature="teardown()[pri:0, instance:com.travels.qa.testcases.HomePage_Testcase@56ac3a89]" name="teardown" is-config="true" duration-ms="970" started-at="2018-11-29T07:25:49Z" finished-at="2018-11-29T07:25:50Z">
          <reporter-output>
          </reporter-output>
        </test-method> <!-- teardown -->
        <test-method status="PASS" signature="getResult(org.testng.ITestResult)[pri:0, instance:com.travels.qa.testcases.HomePage_Testcase@56ac3a89]" name="getResult" is-config="true" duration-ms="0" started-at="2018-11-29T07:25:50Z" finished-at="2018-11-29T07:25:50Z">
          <params>
            <param index="0">
              <value>
                <![CDATA[[TestResult name=Checking_the_Text_Of_the_Homebutton status=SUCCESS method=HomePage_Testcase.Checking_the_Text_Of_the_Homebutton()[pri:0, instance:com.travels.qa.testcases.HomePage_Testcase@56ac3a89] output={null}]]]>
              </value>
            </param>
          </params>
          <reporter-output>
          </reporter-output>
        </test-method> <!-- getResult -->
        <test-method status="PASS" signature="setup()[pri:0, instance:com.travels.qa.testcases.HomePage_Testcase@56ac3a89]" name="setup" is-config="true" duration-ms="13910" started-at="2018-11-29T07:25:50Z" finished-at="2018-11-29T07:26:04Z">
          <reporter-output>
          </reporter-output>
        </test-method> <!-- setup -->
        <test-method status="PASS" signature="Checking_the_Text_Of_the_Offersbutton()[pri:0, instance:com.travels.qa.testcases.HomePage_Testcase@56ac3a89]" name="Checking_the_Text_Of_the_Offersbutton" duration-ms="124" started-at="2018-11-29T07:26:04Z" finished-at="2018-11-29T07:26:04Z">
          <reporter-output>
          </reporter-output>
        </test-method> <!-- Checking_the_Text_Of_the_Offersbutton -->
        <test-method status="PASS" signature="teardown()[pri:0, instance:com.travels.qa.testcases.HomePage_Testcase@56ac3a89]" name="teardown" is-config="true" duration-ms="982" started-at="2018-11-29T07:26:04Z" finished-at="2018-11-29T07:26:05Z">
          <reporter-output>
          </reporter-output>
        </test-method> <!-- teardown -->
        <test-method status="PASS" signature="getResult(org.testng.ITestResult)[pri:0, instance:com.travels.qa.testcases.HomePage_Testcase@56ac3a89]" name="getResult" is-config="true" duration-ms="0" started-at="2018-11-29T07:26:05Z" finished-at="2018-11-29T07:26:05Z">
          <params>
            <param index="0">
              <value>
                <![CDATA[[TestResult name=Checking_the_Text_Of_the_Offersbutton status=SUCCESS method=HomePage_Testcase.Checking_the_Text_Of_the_Offersbutton()[pri:0, instance:com.travels.qa.testcases.HomePage_Testcase@56ac3a89] output={null}]]]>
              </value>
            </param>
          </params>
          <reporter-output>
          </reporter-output>
        </test-method> <!-- getResult -->
        <test-method status="PASS" signature="setup()[pri:0, instance:com.travels.qa.testcases.HomePage_Testcase@56ac3a89]" name="setup" is-config="true" duration-ms="12794" started-at="2018-11-29T07:26:05Z" finished-at="2018-11-29T07:26:18Z">
          <reporter-output>
          </reporter-output>
        </test-method> <!-- setup -->
        <test-method status="PASS" signature="Clicking_the_BlogButton_Navigates_to_Blog_Page()[pri:0, instance:com.travels.qa.testcases.HomePage_Testcase@56ac3a89]" name="Clicking_the_BlogButton_Navigates_to_Blog_Page" duration-ms="2266" started-at="2018-11-29T07:26:18Z" finished-at="2018-11-29T07:26:20Z">
          <reporter-output>
          </reporter-output>
        </test-method> <!-- Clicking_the_BlogButton_Navigates_to_Blog_Page -->
        <test-method status="PASS" signature="teardown()[pri:0, instance:com.travels.qa.testcases.HomePage_Testcase@56ac3a89]" name="teardown" is-config="true" duration-ms="928" started-at="2018-11-29T07:26:20Z" finished-at="2018-11-29T07:26:21Z">
          <reporter-output>
          </reporter-output>
        </test-method> <!-- teardown -->
        <test-method status="PASS" signature="setup()[pri:0, instance:com.travels.qa.testcases.HomePage_Testcase@56ac3a89]" name="setup" is-config="true" duration-ms="13524" started-at="2018-11-29T07:26:21Z" finished-at="2018-11-29T07:26:35Z">
          <reporter-output>
          </reporter-output>
        </test-method> <!-- setup -->
        <test-method status="PASS" signature="getResult(org.testng.ITestResult)[pri:0, instance:com.travels.qa.testcases.HomePage_Testcase@56ac3a89]" name="getResult" is-config="true" duration-ms="0" started-at="2018-11-29T07:26:21Z" finished-at="2018-11-29T07:26:21Z">
          <params>
            <param index="0">
              <value>
                <![CDATA[[TestResult name=Clicking_the_BlogButton_Navigates_to_Blog_Page status=SUCCESS method=HomePage_Testcase.Clicking_the_BlogButton_Navigates_to_Blog_Page()[pri:0, instance:com.travels.qa.testcases.HomePage_Testcase@56ac3a89] output={null}]]]>
              </value>
            </param>
          </params>
          <reporter-output>
          </reporter-output>
        </test-method> <!-- getResult -->
        <test-method status="PASS" signature="Clicking_the_OffersButton_Navigates_to_Offers_Page()[pri:0, instance:com.travels.qa.testcases.HomePage_Testcase@56ac3a89]" name="Clicking_the_OffersButton_Navigates_to_Offers_Page" duration-ms="2033" started-at="2018-11-29T07:26:35Z" finished-at="2018-11-29T07:26:37Z">
          <reporter-output>
          </reporter-output>
        </test-method> <!-- Clicking_the_OffersButton_Navigates_to_Offers_Page -->
        <test-method status="PASS" signature="teardown()[pri:0, instance:com.travels.qa.testcases.HomePage_Testcase@56ac3a89]" name="teardown" is-config="true" duration-ms="952" started-at="2018-11-29T07:26:37Z" finished-at="2018-11-29T07:26:38Z">
          <reporter-output>
          </reporter-output>
        </test-method> <!-- teardown -->
        <test-method status="PASS" signature="getResult(org.testng.ITestResult)[pri:0, instance:com.travels.qa.testcases.HomePage_Testcase@56ac3a89]" name="getResult" is-config="true" duration-ms="1" started-at="2018-11-29T07:26:38Z" finished-at="2018-11-29T07:26:38Z">
          <params>
            <param index="0">
              <value>
                <![CDATA[[TestResult name=Clicking_the_OffersButton_Navigates_to_Offers_Page status=SUCCESS method=HomePage_Testcase.Clicking_the_OffersButton_Navigates_to_Offers_Page()[pri:0, instance:com.travels.qa.testcases.HomePage_Testcase@56ac3a89] output={null}]]]>
              </value>
            </param>
          </params>
          <reporter-output>
          </reporter-output>
        </test-method> <!-- getResult -->
        <test-method status="PASS" signature="setup()[pri:0, instance:com.travels.qa.testcases.HomePage_Testcase@56ac3a89]" name="setup" is-config="true" duration-ms="12547" started-at="2018-11-29T07:26:38Z" finished-at="2018-11-29T07:26:50Z">
          <reporter-output>
          </reporter-output>
        </test-method> <!-- setup -->
        <test-method status="PASS" signature="Success_Upon_Clicking_Login_Link()[pri:0, instance:com.travels.qa.testcases.HomePage_Testcase@56ac3a89]" name="Success_Upon_Clicking_Login_Link" duration-ms="1320" started-at="2018-11-29T07:26:50Z" finished-at="2018-11-29T07:26:51Z">
          <reporter-output>
          </reporter-output>
        </test-method> <!-- Success_Upon_Clicking_Login_Link -->
        <test-method status="PASS" signature="teardown()[pri:0, instance:com.travels.qa.testcases.HomePage_Testcase@56ac3a89]" name="teardown" is-config="true" duration-ms="945" started-at="2018-11-29T07:26:51Z" finished-at="2018-11-29T07:26:52Z">
          <reporter-output>
          </reporter-output>
        </test-method> <!-- teardown -->
        <test-method status="PASS" signature="getResult(org.testng.ITestResult)[pri:0, instance:com.travels.qa.testcases.HomePage_Testcase@56ac3a89]" name="getResult" is-config="true" duration-ms="0" started-at="2018-11-29T07:26:52Z" finished-at="2018-11-29T07:26:52Z">
          <params>
            <param index="0">
              <value>
                <![CDATA[[TestResult name=Success_Upon_Clicking_Login_Link status=SUCCESS method=HomePage_Testcase.Success_Upon_Clicking_Login_Link()[pri:0, instance:com.travels.qa.testcases.HomePage_Testcase@56ac3a89] output={null}]]]>
              </value>
            </param>
          </params>
          <reporter-output>
          </reporter-output>
        </test-method> <!-- getResult -->
        <test-method status="PASS" signature="setup()[pri:0, instance:com.travels.qa.testcases.HomePage_Testcase@56ac3a89]" name="setup" is-config="true" duration-ms="13950" started-at="2018-11-29T07:26:52Z" finished-at="2018-11-29T07:27:06Z">
          <reporter-output>
          </reporter-output>
        </test-method> <!-- setup -->
        <test-method status="PASS" signature="Success_Upon_Clicking_Signup_Link()[pri:0, instance:com.travels.qa.testcases.HomePage_Testcase@56ac3a89]" name="Success_Upon_Clicking_Signup_Link" duration-ms="1426" started-at="2018-11-29T07:27:06Z" finished-at="2018-11-29T07:27:08Z">
          <reporter-output>
          </reporter-output>
        </test-method> <!-- Success_Upon_Clicking_Signup_Link -->
        <test-method status="PASS" signature="teardown()[pri:0, instance:com.travels.qa.testcases.HomePage_Testcase@56ac3a89]" name="teardown" is-config="true" duration-ms="990" started-at="2018-11-29T07:27:08Z" finished-at="2018-11-29T07:27:09Z">
          <reporter-output>
          </reporter-output>
        </test-method> <!-- teardown -->
        <test-method status="PASS" signature="getResult(org.testng.ITestResult)[pri:0, instance:com.travels.qa.testcases.HomePage_Testcase@56ac3a89]" name="getResult" is-config="true" duration-ms="0" started-at="2018-11-29T07:27:09Z" finished-at="2018-11-29T07:27:09Z">
          <params>
            <param index="0">
              <value>
                <![CDATA[[TestResult name=Success_Upon_Clicking_Signup_Link status=SUCCESS method=HomePage_Testcase.Success_Upon_Clicking_Signup_Link()[pri:0, instance:com.travels.qa.testcases.HomePage_Testcase@56ac3a89] output={null}]]]>
              </value>
            </param>
          </params>
          <reporter-output>
          </reporter-output>
        </test-method> <!-- getResult -->
        <test-method status="PASS" signature="setup()[pri:0, instance:com.travels.qa.testcases.HomePage_Testcase@56ac3a89]" name="setup" is-config="true" duration-ms="12727" started-at="2018-11-29T07:27:09Z" finished-at="2018-11-29T07:27:21Z">
          <reporter-output>
          </reporter-output>
        </test-method> <!-- setup -->
        <test-method status="PASS" signature="Text_Of_The_DropDown()[pri:0, instance:com.travels.qa.testcases.HomePage_Testcase@56ac3a89]" name="Text_Of_The_DropDown" duration-ms="119" started-at="2018-11-29T07:27:21Z" finished-at="2018-11-29T07:27:22Z">
          <reporter-output>
          </reporter-output>
        </test-method> <!-- Text_Of_The_DropDown -->
        <test-method status="PASS" signature="teardown()[pri:0, instance:com.travels.qa.testcases.HomePage_Testcase@56ac3a89]" name="teardown" is-config="true" duration-ms="943" started-at="2018-11-29T07:27:22Z" finished-at="2018-11-29T07:27:23Z">
          <reporter-output>
          </reporter-output>
        </test-method> <!-- teardown -->
        <test-method status="PASS" signature="setup()[pri:0, instance:com.travels.qa.testcases.HomePage_Testcase@56ac3a89]" name="setup" is-config="true" duration-ms="13266" started-at="2018-11-29T07:27:23Z" finished-at="2018-11-29T07:27:36Z">
          <reporter-output>
          </reporter-output>
        </test-method> <!-- setup -->
        <test-method status="PASS" signature="getResult(org.testng.ITestResult)[pri:0, instance:com.travels.qa.testcases.HomePage_Testcase@56ac3a89]" name="getResult" is-config="true" duration-ms="0" started-at="2018-11-29T07:27:23Z" finished-at="2018-11-29T07:27:23Z">
          <params>
            <param index="0">
              <value>
                <![CDATA[[TestResult name=Text_Of_The_DropDown status=SUCCESS method=HomePage_Testcase.Text_Of_The_DropDown()[pri:0, instance:com.travels.qa.testcases.HomePage_Testcase@56ac3a89] output={null}]]]>
              </value>
            </param>
          </params>
          <reporter-output>
          </reporter-output>
        </test-method> <!-- getResult -->
        <test-method status="PASS" signature="Tour_placard_handling()[pri:0, instance:com.travels.qa.testcases.HomePage_Testcase@56ac3a89]" name="Tour_placard_handling" duration-ms="6731" started-at="2018-11-29T07:27:36Z" finished-at="2018-11-29T07:27:43Z">
          <reporter-output>
          </reporter-output>
        </test-method> <!-- Tour_placard_handling -->
        <test-method status="PASS" signature="teardown()[pri:0, instance:com.travels.qa.testcases.HomePage_Testcase@56ac3a89]" name="teardown" is-config="true" duration-ms="961" started-at="2018-11-29T07:27:43Z" finished-at="2018-11-29T07:27:44Z">
          <reporter-output>
          </reporter-output>
        </test-method> <!-- teardown -->
        <test-method status="FAIL" signature="setup()[pri:0, instance:com.travels.qa.testcases.HomePage_Testcase@56ac3a89]" name="setup" is-config="true" duration-ms="23849" started-at="2018-11-29T07:27:44Z" finished-at="2018-11-29T07:28:07Z">
          <exception class="org.openqa.selenium.TimeoutException">
            <message>
              <![CDATA[timeout
  (Session info: chrome=69.0.3497.92)
  (Driver info: chromedriver=2.41.578737 (49da6702b16031c40d63e5618de03a32ff6c197e),platform=Windows NT 10.0.15063 x86_64) (WARNING: The server did not provide any stacktrace information)
Command duration or timeout: 0 milliseconds
Build info: version: '3.13.0', revision: '2f0d292', time: '2018-06-25T15:24:21.231Z'
System info: host: 'GIND04LX6R5G5Q2', ip: '10.242.76.77', os.name: 'Windows 10', os.arch: 'amd64', os.version: '10.0', java.version: '1.8.0_181'
Driver info: org.openqa.selenium.chrome.ChromeDriver
Capabilities {acceptInsecureCerts: false, acceptSslCerts: false, applicationCacheEnabled: false, browserConnectionEnabled: false, browserName: chrome, chrome: {chromedriverVersion: 2.41.578737 (49da6702b16031..., userDataDir: C:\Users\10263638\AppData\L...}, cssSelectorsEnabled: true, databaseEnabled: false, goog:chromeOptions: {debuggerAddress: localhost:49421}, handlesAlerts: true, hasTouchScreen: false, javascriptEnabled: true, locationContextEnabled: true, mobileEmulationEnabled: false, nativeEvents: true, networkConnectionEnabled: false, pageLoadStrategy: normal, platform: XP, platformName: XP, rotatable: false, setWindowRect: true, takesHeapSnapshot: true, takesScreenshot: true, unexpectedAlertBehaviour: , unhandledPromptBehavior: , version: 69.0.3497.92, webStorageEnabled: true}
Session ID: e9451c0e6c1840ae98952d334871f556]]>
            </message>
            <full-stacktrace>
              <![CDATA[org.openqa.selenium.TimeoutException: timeout
  (Session info: chrome=69.0.3497.92)
  (Driver info: chromedriver=2.41.578737 (49da6702b16031c40d63e5618de03a32ff6c197e),platform=Windows NT 10.0.15063 x86_64) (WARNING: The server did not provide any stacktrace information)
Command duration or timeout: 0 milliseconds
Build info: version: '3.13.0', revision: '2f0d292', time: '2018-06-25T15:24:21.231Z'
System info: host: 'GIND04LX6R5G5Q2', ip: '10.242.76.77', os.name: 'Windows 10', os.arch: 'amd64', os.version: '10.0', java.version: '1.8.0_181'
Driver info: org.openqa.selenium.chrome.ChromeDriver
Capabilities {acceptInsecureCerts: false, acceptSslCerts: false, applicationCacheEnabled: false, browserConnectionEnabled: false, browserName: chrome, chrome: {chromedriverVersion: 2.41.578737 (49da6702b16031..., userDataDir: C:\Users\10263638\AppData\L...}, cssSelectorsEnabled: true, databaseEnabled: false, goog:chromeOptions: {debuggerAddress: localhost:49421}, handlesAlerts: true, hasTouchScreen: false, javascriptEnabled: true, locationContextEnabled: true, mobileEmulationEnabled: false, nativeEvents: true, networkConnectionEnabled: false, pageLoadStrategy: normal, platform: XP, platformName: XP, rotatable: false, setWindowRect: true, takesHeapSnapshot: true, takesScreenshot: true, unexpectedAlertBehaviour: , unhandledPromptBehavior: , version: 69.0.3497.92, webStorageEnabled: true}
Session ID: e9451c0e6c1840ae98952d334871f556
at sun.reflect.NativeConstructorAccessorImpl.newInstance0(Native Method)
at sun.reflect.NativeConstructorAccessorImpl.newInstance(Unknown Source)
at sun.reflect.DelegatingConstructorAccessorImpl.newInstance(Unknown Source)
at java.lang.reflect.Constructor.newInstance(Unknown Source)
at org.openqa.selenium.remote.ErrorHandler.createThrowable(ErrorHandler.java:214)
at org.openqa.selenium.remote.ErrorHandler.throwIfResponseFailed(ErrorHandler.java:166)
at org.openqa.selenium.remote.http.JsonHttpResponseCodec.reconstructValue(JsonHttpResponseCodec.java:40)
at org.openqa.selenium.remote.http.AbstractHttpResponseCodec.decode(AbstractHttpResponseCodec.java:80)
at org.openqa.selenium.remote.http.AbstractHttpResponseCodec.decode(AbstractHttpResponseCodec.java:44)
at org.openqa.selenium.remote.HttpCommandExecutor.execute(HttpCommandExecutor.java:158)
at org.openqa.selenium.remote.service.DriverCommandExecutor.execute(DriverCommandExecutor.java:83)
at org.openqa.selenium.remote.RemoteWebDriver.execute(RemoteWebDriver.java:548)
at org.openqa.selenium.remote.RemoteWebDriver.get(RemoteWebDriver.java:276)
at com.travels.qa.base.TestBase.initialization(TestBase.java:92)
at com.travels.qa.testcases.HomePage_Testcase.setup(HomePage_Testcase.java:34)
at sun.reflect.GeneratedMethodAccessor5.invoke(Unknown Source)
at sun.reflect.DelegatingMethodAccessorImpl.invoke(Unknown Source)
at java.lang.reflect.Method.invoke(Unknown Source)
at org.testng.internal.MethodInvocationHelper.invokeMethod(MethodInvocationHelper.java:124)
at org.testng.internal.MethodInvocationHelper.invokeMethodConsideringTimeout(MethodInvocationHelper.java:59)
at org.testng.internal.Invoker.invokeConfigurationMethod(Invoker.java:458)
at org.testng.internal.Invoker.invokeConfigurations(Invoker.java:222)
at org.testng.internal.Invoker.invokeMethod(Invoker.java:523)
at org.testng.internal.Invoker.invokeTestMethod(Invoker.java:719)
at org.testng.internal.Invoker.invokeTestMethods(Invoker.java:989)
at org.testng.internal.TestMethodWorker.invokeTestMethods(TestMethodWorker.java:125)
at org.testng.internal.TestMethodWorker.run(TestMethodWorker.java:109)
at org.testng.TestRunner.privateRun(TestRunner.java:648)
at org.testng.TestRunner.run(TestRunner.java:505)
at org.testng.SuiteRunner.runTest(SuiteRunner.java:455)
at org.testng.SuiteRunner.runSequentially(SuiteRunner.java:450)
at org.testng.SuiteRunner.privateRun(SuiteRunner.java:415)
at org.testng.SuiteRunner.run(SuiteRunner.java:364)
at org.testng.SuiteRunnerWorker.runSuite(SuiteRunnerWorker.java:52)
at org.testng.SuiteRunnerWorker.run(SuiteRunnerWorker.java:84)
at org.testng.TestNG.runSuitesSequentially(TestNG.java:1208)
at org.testng.TestNG.runSuitesLocally(TestNG.java:1137)
at org.testng.TestNG.runSuites(TestNG.java:1049)
at org.testng.TestNG.run(TestNG.java:1017)
at org.testng.remote.AbstractRemoteTestNG.run(AbstractRemoteTestNG.java:114)
at org.testng.remote.RemoteTestNG.initAndRun(RemoteTestNG.java:251)
at org.testng.remote.RemoteTestNG.main(RemoteTestNG.java:77)
]]>
            </full-stacktrace>
          </exception> <!-- org.openqa.selenium.TimeoutException -->
          <reporter-output>
          </reporter-output>
        </test-method> <!-- setup -->
        <test-method status="PASS" signature="getResult(org.testng.ITestResult)[pri:0, instance:com.travels.qa.testcases.HomePage_Testcase@56ac3a89]" name="getResult" is-config="true" duration-ms="0" started-at="2018-11-29T07:27:44Z" finished-at="2018-11-29T07:27:44Z">
          <params>
            <param index="0">
              <value>
                <![CDATA[[TestResult name=Tour_placard_handling status=SUCCESS method=HomePage_Testcase.Tour_placard_handling()[pri:0, instance:com.travels.qa.testcases.HomePage_Testcase@56ac3a89] output={null}]]]>
              </value>
            </param>
          </params>
          <reporter-output>
          </reporter-output>
        </test-method> <!-- getResult -->
        <test-method status="SKIP" signature="hotels_placard_handling()[pri:0, instance:com.travels.qa.testcases.HomePage_Testcase@56ac3a89]" name="hotels_placard_handling" duration-ms="0" started-at="2018-11-29T07:28:07Z" finished-at="2018-11-29T07:28:07Z">
          <exception class="org.openqa.selenium.TimeoutException">
            <message>
              <![CDATA[timeout
  (Session info: chrome=69.0.3497.92)
  (Driver info: chromedriver=2.41.578737 (49da6702b16031c40d63e5618de03a32ff6c197e),platform=Windows NT 10.0.15063 x86_64) (WARNING: The server did not provide any stacktrace information)
Command duration or timeout: 0 milliseconds
Build info: version: '3.13.0', revision: '2f0d292', time: '2018-06-25T15:24:21.231Z'
System info: host: 'GIND04LX6R5G5Q2', ip: '10.242.76.77', os.name: 'Windows 10', os.arch: 'amd64', os.version: '10.0', java.version: '1.8.0_181'
Driver info: org.openqa.selenium.chrome.ChromeDriver
Capabilities {acceptInsecureCerts: false, acceptSslCerts: false, applicationCacheEnabled: false, browserConnectionEnabled: false, browserName: chrome, chrome: {chromedriverVersion: 2.41.578737 (49da6702b16031..., userDataDir: C:\Users\10263638\AppData\L...}, cssSelectorsEnabled: true, databaseEnabled: false, goog:chromeOptions: {debuggerAddress: localhost:49421}, handlesAlerts: true, hasTouchScreen: false, javascriptEnabled: true, locationContextEnabled: true, mobileEmulationEnabled: false, nativeEvents: true, networkConnectionEnabled: false, pageLoadStrategy: normal, platform: XP, platformName: XP, rotatable: false, setWindowRect: true, takesHeapSnapshot: true, takesScreenshot: true, unexpectedAlertBehaviour: , unhandledPromptBehavior: , version: 69.0.3497.92, webStorageEnabled: true}
Session ID: e9451c0e6c1840ae98952d334871f556]]>
            </message>
            <full-stacktrace>
              <![CDATA[org.openqa.selenium.TimeoutException: timeout
  (Session info: chrome=69.0.3497.92)
  (Driver info: chromedriver=2.41.578737 (49da6702b16031c40d63e5618de03a32ff6c197e),platform=Windows NT 10.0.15063 x86_64) (WARNING: The server did not provide any stacktrace information)
Command duration or timeout: 0 milliseconds
Build info: version: '3.13.0', revision: '2f0d292', time: '2018-06-25T15:24:21.231Z'
System info: host: 'GIND04LX6R5G5Q2', ip: '10.242.76.77', os.name: 'Windows 10', os.arch: 'amd64', os.version: '10.0', java.version: '1.8.0_181'
Driver info: org.openqa.selenium.chrome.ChromeDriver
Capabilities {acceptInsecureCerts: false, acceptSslCerts: false, applicationCacheEnabled: false, browserConnectionEnabled: false, browserName: chrome, chrome: {chromedriverVersion: 2.41.578737 (49da6702b16031..., userDataDir: C:\Users\10263638\AppData\L...}, cssSelectorsEnabled: true, databaseEnabled: false, goog:chromeOptions: {debuggerAddress: localhost:49421}, handlesAlerts: true, hasTouchScreen: false, javascriptEnabled: true, locationContextEnabled: true, mobileEmulationEnabled: false, nativeEvents: true, networkConnectionEnabled: false, pageLoadStrategy: normal, platform: XP, platformName: XP, rotatable: false, setWindowRect: true, takesHeapSnapshot: true, takesScreenshot: true, unexpectedAlertBehaviour: , unhandledPromptBehavior: , version: 69.0.3497.92, webStorageEnabled: true}
Session ID: e9451c0e6c1840ae98952d334871f556
at sun.reflect.NativeConstructorAccessorImpl.newInstance0(Native Method)
at sun.reflect.NativeConstructorAccessorImpl.newInstance(Unknown Source)
at sun.reflect.DelegatingConstructorAccessorImpl.newInstance(Unknown Source)
at java.lang.reflect.Constructor.newInstance(Unknown Source)
at org.openqa.selenium.remote.ErrorHandler.createThrowable(ErrorHandler.java:214)
at org.openqa.selenium.remote.ErrorHandler.throwIfResponseFailed(ErrorHandler.java:166)
at org.openqa.selenium.remote.http.JsonHttpResponseCodec.reconstructValue(JsonHttpResponseCodec.java:40)
at org.openqa.selenium.remote.http.AbstractHttpResponseCodec.decode(AbstractHttpResponseCodec.java:80)
at org.openqa.selenium.remote.http.AbstractHttpResponseCodec.decode(AbstractHttpResponseCodec.java:44)
at org.openqa.selenium.remote.HttpCommandExecutor.execute(HttpCommandExecutor.java:158)
at org.openqa.selenium.remote.service.DriverCommandExecutor.execute(DriverCommandExecutor.java:83)
at org.openqa.selenium.remote.RemoteWebDriver.execute(RemoteWebDriver.java:548)
at org.openqa.selenium.remote.RemoteWebDriver.get(RemoteWebDriver.java:276)
at com.travels.qa.base.TestBase.initialization(TestBase.java:92)
at com.travels.qa.testcases.HomePage_Testcase.setup(HomePage_Testcase.java:34)
at sun.reflect.GeneratedMethodAccessor5.invoke(Unknown Source)
at sun.reflect.DelegatingMethodAccessorImpl.invoke(Unknown Source)
at java.lang.reflect.Method.invoke(Unknown Source)
at org.testng.internal.MethodInvocationHelper.invokeMethod(MethodInvocationHelper.java:124)
at org.testng.internal.MethodInvocationHelper.invokeMethodConsideringTimeout(MethodInvocationHelper.java:59)
at org.testng.internal.Invoker.invokeConfigurationMethod(Invoker.java:458)
at org.testng.internal.Invoker.invokeConfigurations(Invoker.java:222)
at org.testng.internal.Invoker.invokeMethod(Invoker.java:523)
at org.testng.internal.Invoker.invokeTestMethod(Invoker.java:719)
at org.testng.internal.Invoker.invokeTestMethods(Invoker.java:989)
at org.testng.internal.TestMethodWorker.invokeTestMethods(TestMethodWorker.java:125)
at org.testng.internal.TestMethodWorker.run(TestMethodWorker.java:109)
at org.testng.TestRunner.privateRun(TestRunner.java:648)
at org.testng.TestRunner.run(TestRunner.java:505)
at org.testng.SuiteRunner.runTest(SuiteRunner.java:455)
at org.testng.SuiteRunner.runSequentially(SuiteRunner.java:450)
at org.testng.SuiteRunner.privateRun(SuiteRunner.java:415)
at org.testng.SuiteRunner.run(SuiteRunner.java:364)
at org.testng.SuiteRunnerWorker.runSuite(SuiteRunnerWorker.java:52)
at org.testng.SuiteRunnerWorker.run(SuiteRunnerWorker.java:84)
at org.testng.TestNG.runSuitesSequentially(TestNG.java:1208)
at org.testng.TestNG.runSuitesLocally(TestNG.java:1137)
at org.testng.TestNG.runSuites(TestNG.java:1049)
at org.testng.TestNG.run(TestNG.java:1017)
at org.testng.remote.AbstractRemoteTestNG.run(AbstractRemoteTestNG.java:114)
at org.testng.remote.RemoteTestNG.initAndRun(RemoteTestNG.java:251)
at org.testng.remote.RemoteTestNG.main(RemoteTestNG.java:77)
]]>
            </full-stacktrace>
          </exception> <!-- org.openqa.selenium.TimeoutException -->
          <reporter-output>
          </reporter-output>
        </test-method> <!-- hotels_placard_handling -->
        <test-method status="SKIP" signature="teardown()[pri:0, instance:com.travels.qa.testcases.HomePage_Testcase@56ac3a89]" name="teardown" is-config="true" duration-ms="0" started-at="2018-11-29T07:28:07Z" finished-at="2018-11-29T07:28:07Z">
          <reporter-output>
          </reporter-output>
        </test-method> <!-- teardown -->
        <test-method status="SKIP" signature="getResult(org.testng.ITestResult)[pri:0, instance:com.travels.qa.testcases.HomePage_Testcase@56ac3a89]" name="getResult" is-config="true" duration-ms="0" started-at="2018-11-29T07:28:07Z" finished-at="2018-11-29T07:28:07Z">
          <reporter-output>
          </reporter-output>
        </test-method> <!-- getResult -->
        <test-method status="SKIP" signature="setup()[pri:0, instance:com.travels.qa.testcases.HomePage_Testcase@56ac3a89]" name="setup" is-config="true" duration-ms="0" started-at="2018-11-29T07:28:07Z" finished-at="2018-11-29T07:28:07Z">
          <reporter-output>
          </reporter-output>
        </test-method> <!-- setup -->
        <test-method status="SKIP" signature="offer_placards_handling()[pri:0, instance:com.travels.qa.testcases.HomePage_Testcase@56ac3a89]" name="offer_placards_handling" duration-ms="0" started-at="2018-11-29T07:28:07Z" finished-at="2018-11-29T07:28:07Z">
          <exception class="org.openqa.selenium.TimeoutException">
            <message>
              <![CDATA[timeout
  (Session info: chrome=69.0.3497.92)
  (Driver info: chromedriver=2.41.578737 (49da6702b16031c40d63e5618de03a32ff6c197e),platform=Windows NT 10.0.15063 x86_64) (WARNING: The server did not provide any stacktrace information)
Command duration or timeout: 0 milliseconds
Build info: version: '3.13.0', revision: '2f0d292', time: '2018-06-25T15:24:21.231Z'
System info: host: 'GIND04LX6R5G5Q2', ip: '10.242.76.77', os.name: 'Windows 10', os.arch: 'amd64', os.version: '10.0', java.version: '1.8.0_181'
Driver info: org.openqa.selenium.chrome.ChromeDriver
Capabilities {acceptInsecureCerts: false, acceptSslCerts: false, applicationCacheEnabled: false, browserConnectionEnabled: false, browserName: chrome, chrome: {chromedriverVersion: 2.41.578737 (49da6702b16031..., userDataDir: C:\Users\10263638\AppData\L...}, cssSelectorsEnabled: true, databaseEnabled: false, goog:chromeOptions: {debuggerAddress: localhost:49421}, handlesAlerts: true, hasTouchScreen: false, javascriptEnabled: true, locationContextEnabled: true, mobileEmulationEnabled: false, nativeEvents: true, networkConnectionEnabled: false, pageLoadStrategy: normal, platform: XP, platformName: XP, rotatable: false, setWindowRect: true, takesHeapSnapshot: true, takesScreenshot: true, unexpectedAlertBehaviour: , unhandledPromptBehavior: , version: 69.0.3497.92, webStorageEnabled: true}
Session ID: e9451c0e6c1840ae98952d334871f556]]>
            </message>
            <full-stacktrace>
              <![CDATA[org.openqa.selenium.TimeoutException: timeout
  (Session info: chrome=69.0.3497.92)
  (Driver info: chromedriver=2.41.578737 (49da6702b16031c40d63e5618de03a32ff6c197e),platform=Windows NT 10.0.15063 x86_64) (WARNING: The server did not provide any stacktrace information)
Command duration or timeout: 0 milliseconds
Build info: version: '3.13.0', revision: '2f0d292', time: '2018-06-25T15:24:21.231Z'
System info: host: 'GIND04LX6R5G5Q2', ip: '10.242.76.77', os.name: 'Windows 10', os.arch: 'amd64', os.version: '10.0', java.version: '1.8.0_181'
Driver info: org.openqa.selenium.chrome.ChromeDriver
Capabilities {acceptInsecureCerts: false, acceptSslCerts: false, applicationCacheEnabled: false, browserConnectionEnabled: false, browserName: chrome, chrome: {chromedriverVersion: 2.41.578737 (49da6702b16031..., userDataDir: C:\Users\10263638\AppData\L...}, cssSelectorsEnabled: true, databaseEnabled: false, goog:chromeOptions: {debuggerAddress: localhost:49421}, handlesAlerts: true, hasTouchScreen: false, javascriptEnabled: true, locationContextEnabled: true, mobileEmulationEnabled: false, nativeEvents: true, networkConnectionEnabled: false, pageLoadStrategy: normal, platform: XP, platformName: XP, rotatable: false, setWindowRect: true, takesHeapSnapshot: true, takesScreenshot: true, unexpectedAlertBehaviour: , unhandledPromptBehavior: , version: 69.0.3497.92, webStorageEnabled: true}
Session ID: e9451c0e6c1840ae98952d334871f556
at sun.reflect.NativeConstructorAccessorImpl.newInstance0(Native Method)
at sun.reflect.NativeConstructorAccessorImpl.newInstance(Unknown Source)
at sun.reflect.DelegatingConstructorAccessorImpl.newInstance(Unknown Source)
at java.lang.reflect.Constructor.newInstance(Unknown Source)
at org.openqa.selenium.remote.ErrorHandler.createThrowable(ErrorHandler.java:214)
at org.openqa.selenium.remote.ErrorHandler.throwIfResponseFailed(ErrorHandler.java:166)
at org.openqa.selenium.remote.http.JsonHttpResponseCodec.reconstructValue(JsonHttpResponseCodec.java:40)
at org.openqa.selenium.remote.http.AbstractHttpResponseCodec.decode(AbstractHttpResponseCodec.java:80)
at org.openqa.selenium.remote.http.AbstractHttpResponseCodec.decode(AbstractHttpResponseCodec.java:44)
at org.openqa.selenium.remote.HttpCommandExecutor.execute(HttpCommandExecutor.java:158)
at org.openqa.selenium.remote.service.DriverCommandExecutor.execute(DriverCommandExecutor.java:83)
at org.openqa.selenium.remote.RemoteWebDriver.execute(RemoteWebDriver.java:548)
at org.openqa.selenium.remote.RemoteWebDriver.get(RemoteWebDriver.java:276)
at com.travels.qa.base.TestBase.initialization(TestBase.java:92)
at com.travels.qa.testcases.HomePage_Testcase.setup(HomePage_Testcase.java:34)
at sun.reflect.GeneratedMethodAccessor5.invoke(Unknown Source)
at sun.reflect.DelegatingMethodAccessorImpl.invoke(Unknown Source)
at java.lang.reflect.Method.invoke(Unknown Source)
at org.testng.internal.MethodInvocationHelper.invokeMethod(MethodInvocationHelper.java:124)
at org.testng.internal.MethodInvocationHelper.invokeMethodConsideringTimeout(MethodInvocationHelper.java:59)
at org.testng.internal.Invoker.invokeConfigurationMethod(Invoker.java:458)
at org.testng.internal.Invoker.invokeConfigurations(Invoker.java:222)
at org.testng.internal.Invoker.invokeMethod(Invoker.java:523)
at org.testng.internal.Invoker.invokeTestMethod(Invoker.java:719)
at org.testng.internal.Invoker.invokeTestMethods(Invoker.java:989)
at org.testng.internal.TestMethodWorker.invokeTestMethods(TestMethodWorker.java:125)
at org.testng.internal.TestMethodWorker.run(TestMethodWorker.java:109)
at org.testng.TestRunner.privateRun(TestRunner.java:648)
at org.testng.TestRunner.run(TestRunner.java:505)
at org.testng.SuiteRunner.runTest(SuiteRunner.java:455)
at org.testng.SuiteRunner.runSequentially(SuiteRunner.java:450)
at org.testng.SuiteRunner.privateRun(SuiteRunner.java:415)
at org.testng.SuiteRunner.run(SuiteRunner.java:364)
at org.testng.SuiteRunnerWorker.runSuite(SuiteRunnerWorker.java:52)
at org.testng.SuiteRunnerWorker.run(SuiteRunnerWorker.java:84)
at org.testng.TestNG.runSuitesSequentially(TestNG.java:1208)
at org.testng.TestNG.runSuitesLocally(TestNG.java:1137)
at org.testng.TestNG.runSuites(TestNG.java:1049)
at org.testng.TestNG.run(TestNG.java:1017)
at org.testng.remote.AbstractRemoteTestNG.run(AbstractRemoteTestNG.java:114)
at org.testng.remote.RemoteTestNG.initAndRun(RemoteTestNG.java:251)
at org.testng.remote.RemoteTestNG.main(RemoteTestNG.java:77)
]]>
            </full-stacktrace>
          </exception> <!-- org.openqa.selenium.TimeoutException -->
          <reporter-output>
          </reporter-output>
        </test-method> <!-- offer_placards_handling -->
        <test-method status="SKIP" signature="teardown()[pri:0, instance:com.travels.qa.testcases.HomePage_Testcase@56ac3a89]" name="teardown" is-config="true" duration-ms="0" started-at="2018-11-29T07:28:07Z" finished-at="2018-11-29T07:28:07Z">
          <reporter-output>
          </reporter-output>
        </test-method> <!-- teardown -->
        <test-method status="SKIP" signature="getResult(org.testng.ITestResult)[pri:0, instance:com.travels.qa.testcases.HomePage_Testcase@56ac3a89]" name="getResult" is-config="true" duration-ms="0" started-at="2018-11-29T07:28:07Z" finished-at="2018-11-29T07:28:07Z">
          <reporter-output>
          </reporter-output>
        </test-method> <!-- getResult -->
      </class> <!-- com.travels.qa.testcases.HomePage_Testcase -->
      <class name="com.travels.qa.testcases.CarsInvoice_Testcase">
        <test-method status="PASS" signature="setup()[pri:0, instance:com.travels.qa.testcases.CarsInvoice_Testcase@490ab905]" name="setup" is-config="true" duration-ms="11634" started-at="2018-11-29T07:19:24Z" finished-at="2018-11-29T07:19:35Z">
          <reporter-output>
          </reporter-output>
        </test-method> <!-- setup -->
        <test-method status="PASS" signature="Invoice_Visibility()[pri:0, instance:com.travels.qa.testcases.CarsInvoice_Testcase@490ab905]" name="Invoice_Visibility" duration-ms="19214" started-at="2018-11-29T07:19:35Z" finished-at="2018-11-29T07:19:55Z">
          <reporter-output>
          </reporter-output>
        </test-method> <!-- Invoice_Visibility -->
        <test-method status="PASS" signature="teardown()[pri:0, instance:com.travels.qa.testcases.CarsInvoice_Testcase@490ab905]" name="teardown" is-config="true" duration-ms="1021" started-at="2018-11-29T07:19:55Z" finished-at="2018-11-29T07:19:56Z">
          <reporter-output>
          </reporter-output>
        </test-method> <!-- teardown -->
        <test-method status="PASS" signature="getResult(org.testng.ITestResult)[pri:0, instance:com.travels.qa.testcases.CarsInvoice_Testcase@490ab905]" name="getResult" is-config="true" duration-ms="1" started-at="2018-11-29T07:19:56Z" finished-at="2018-11-29T07:19:56Z">
          <params>
            <param index="0">
              <value>
                <![CDATA[[TestResult name=Invoice_Visibility status=SUCCESS method=CarsInvoice_Testcase.Invoice_Visibility()[pri:0, instance:com.travels.qa.testcases.CarsInvoice_Testcase@490ab905] output={null}]]]>
              </value>
            </param>
          </params>
          <reporter-output>
          </reporter-output>
        </test-method> <!-- getResult -->
        <test-method status="PASS" signature="setup()[pri:0, instance:com.travels.qa.testcases.CarsInvoice_Testcase@490ab905]" name="setup" is-config="true" duration-ms="11142" started-at="2018-11-29T07:19:56Z" finished-at="2018-11-29T07:20:07Z">
          <reporter-output>
          </reporter-output>
        </test-method> <!-- setup -->
        <test-method status="PASS" signature="payement_on_arrival()[pri:0, instance:com.travels.qa.testcases.CarsInvoice_Testcase@490ab905]" name="payement_on_arrival" duration-ms="26665" started-at="2018-11-29T07:20:07Z" finished-at="2018-11-29T07:20:33Z">
          <reporter-output>
          </reporter-output>
        </test-method> <!-- payement_on_arrival -->
        <test-method status="PASS" signature="teardown()[pri:0, instance:com.travels.qa.testcases.CarsInvoice_Testcase@490ab905]" name="teardown" is-config="true" duration-ms="979" started-at="2018-11-29T07:20:33Z" finished-at="2018-11-29T07:20:34Z">
          <reporter-output>
          </reporter-output>
        </test-method> <!-- teardown -->
        <test-method status="PASS" signature="getResult(org.testng.ITestResult)[pri:0, instance:com.travels.qa.testcases.CarsInvoice_Testcase@490ab905]" name="getResult" is-config="true" duration-ms="1" started-at="2018-11-29T07:20:34Z" finished-at="2018-11-29T07:20:34Z">
          <params>
            <param index="0">
              <value>
                <![CDATA[[TestResult name=payement_on_arrival status=SUCCESS method=CarsInvoice_Testcase.payement_on_arrival()[pri:0, instance:com.travels.qa.testcases.CarsInvoice_Testcase@490ab905] output={null}]]]>
              </value>
            </param>
          </params>
          <reporter-output>
          </reporter-output>
        </test-method> <!-- getResult -->
        <test-method status="PASS" signature="setup()[pri:0, instance:com.travels.qa.testcases.CarsInvoice_Testcase@490ab905]" name="setup" is-config="true" duration-ms="11432" started-at="2018-11-29T07:20:34Z" finished-at="2018-11-29T07:20:46Z">
          <reporter-output>
          </reporter-output>
        </test-method> <!-- setup -->
        <test-method status="PASS" signature="payment_Now()[pri:0, instance:com.travels.qa.testcases.CarsInvoice_Testcase@490ab905]" name="payment_Now" duration-ms="36648" started-at="2018-11-29T07:20:46Z" finished-at="2018-11-29T07:21:22Z">
          <reporter-output>
          </reporter-output>
        </test-method> <!-- payment_Now -->
        <test-method status="PASS" signature="teardown()[pri:0, instance:com.travels.qa.testcases.CarsInvoice_Testcase@490ab905]" name="teardown" is-config="true" duration-ms="987" started-at="2018-11-29T07:21:22Z" finished-at="2018-11-29T07:21:23Z">
          <reporter-output>
          </reporter-output>
        </test-method> <!-- teardown -->
        <test-method status="PASS" signature="getResult(org.testng.ITestResult)[pri:0, instance:com.travels.qa.testcases.CarsInvoice_Testcase@490ab905]" name="getResult" is-config="true" duration-ms="1" started-at="2018-11-29T07:21:23Z" finished-at="2018-11-29T07:21:23Z">
          <params>
            <param index="0">
              <value>
                <![CDATA[[TestResult name=payment_Now status=SUCCESS method=CarsInvoice_Testcase.payment_Now()[pri:0, instance:com.travels.qa.testcases.CarsInvoice_Testcase@490ab905] output={null}]]]>
              </value>
            </param>
          </params>
          <reporter-output>
          </reporter-output>
        </test-method> <!-- getResult -->
        <test-method status="PASS" signature="setup()[pri:0, instance:com.travels.qa.testcases.CarsInvoice_Testcase@490ab905]" name="setup" is-config="true" duration-ms="10742" started-at="2018-11-29T07:21:23Z" finished-at="2018-11-29T07:21:34Z">
          <reporter-output>
          </reporter-output>
        </test-method> <!-- setup -->
        <test-method status="PASS" signature="payment_on_arrival_when_SignedUp()[pri:0, instance:com.travels.qa.testcases.CarsInvoice_Testcase@490ab905]" name="payment_on_arrival_when_SignedUp" duration-ms="24759" started-at="2018-11-29T07:21:34Z" finished-at="2018-11-29T07:21:59Z">
          <reporter-output>
          </reporter-output>
        </test-method> <!-- payment_on_arrival_when_SignedUp -->
        <test-method status="PASS" signature="teardown()[pri:0, instance:com.travels.qa.testcases.CarsInvoice_Testcase@490ab905]" name="teardown" is-config="true" duration-ms="1004" started-at="2018-11-29T07:21:59Z" finished-at="2018-11-29T07:22:00Z">
          <reporter-output>
          </reporter-output>
        </test-method> <!-- teardown -->
        <test-method status="PASS" signature="getResult(org.testng.ITestResult)[pri:0, instance:com.travels.qa.testcases.CarsInvoice_Testcase@490ab905]" name="getResult" is-config="true" duration-ms="0" started-at="2018-11-29T07:22:00Z" finished-at="2018-11-29T07:22:00Z">
          <params>
            <param index="0">
              <value>
                <![CDATA[[TestResult name=payment_on_arrival_when_SignedUp status=SUCCESS method=CarsInvoice_Testcase.payment_on_arrival_when_SignedUp()[pri:0, instance:com.travels.qa.testcases.CarsInvoice_Testcase@490ab905] output={null}]]]>
              </value>
            </param>
          </params>
          <reporter-output>
          </reporter-output>
        </test-method> <!-- getResult -->
      </class> <!-- com.travels.qa.testcases.CarsInvoice_Testcase -->
      <class name="com.travels.qa.testcases.Login_Testcase">
        <test-method status="PASS" signature="setup()[pri:0, instance:com.travels.qa.testcases.Login_Testcase@6e1567f1]" name="setup" is-config="true" duration-ms="10354" started-at="2018-11-29T07:37:10Z" finished-at="2018-11-29T07:37:21Z">
          <reporter-output>
          </reporter-output>
        </test-method> <!-- setup -->
        <test-method status="PASS" signature="Error_Message_On_login_click_if_both_textfields_are_empty()[pri:0, instance:com.travels.qa.testcases.Login_Testcase@6e1567f1]" name="Error_Message_On_login_click_if_both_textfields_are_empty" duration-ms="1982" started-at="2018-11-29T07:37:21Z" finished-at="2018-11-29T07:37:23Z">
          <reporter-output>
          </reporter-output>
        </test-method> <!-- Error_Message_On_login_click_if_both_textfields_are_empty -->
        <test-method status="PASS" signature="teardown()[pri:0, instance:com.travels.qa.testcases.Login_Testcase@6e1567f1]" name="teardown" is-config="true" duration-ms="916" started-at="2018-11-29T07:37:23Z" finished-at="2018-11-29T07:37:24Z">
          <reporter-output>
          </reporter-output>
        </test-method> <!-- teardown -->
        <test-method status="PASS" signature="getResult(org.testng.ITestResult)[pri:0, instance:com.travels.qa.testcases.Login_Testcase@6e1567f1]" name="getResult" is-config="true" duration-ms="0" started-at="2018-11-29T07:37:24Z" finished-at="2018-11-29T07:37:24Z">
          <params>
            <param index="0">
              <value>
                <![CDATA[[TestResult name=Error_Message_On_login_click_if_both_textfields_are_empty status=SUCCESS method=Login_Testcase.Error_Message_On_login_click_if_both_textfields_are_empty()[pri:0, instance:com.travels.qa.testcases.Login_Testcase@6e1567f1] output={null}]]]>
              </value>
            </param>
          </params>
          <reporter-output>
          </reporter-output>
        </test-method> <!-- getResult -->
        <test-method status="PASS" signature="setup()[pri:0, instance:com.travels.qa.testcases.Login_Testcase@6e1567f1]" name="setup" is-config="true" duration-ms="10529" started-at="2018-11-29T07:37:24Z" finished-at="2018-11-29T07:37:34Z">
          <reporter-output>
          </reporter-output>
        </test-method> <!-- setup -->
        <test-method status="PASS" signature="Error_Message_On_login_click_if_both_textfields_are_entered_not_present_In_Database()[pri:0, instance:com.travels.qa.testcases.Login_Testcase@6e1567f1]" name="Error_Message_On_login_click_if_both_textfields_are_entered_not_present_In_Database" duration-ms="2300" started-at="2018-11-29T07:37:34Z" finished-at="2018-11-29T07:37:37Z">
          <reporter-output>
          </reporter-output>
        </test-method> <!-- Error_Message_On_login_click_if_both_textfields_are_entered_not_present_In_Database -->
        <test-method status="PASS" signature="teardown()[pri:0, instance:com.travels.qa.testcases.Login_Testcase@6e1567f1]" name="teardown" is-config="true" duration-ms="918" started-at="2018-11-29T07:37:37Z" finished-at="2018-11-29T07:37:37Z">
          <reporter-output>
          </reporter-output>
        </test-method> <!-- teardown -->
        <test-method status="PASS" signature="getResult(org.testng.ITestResult)[pri:0, instance:com.travels.qa.testcases.Login_Testcase@6e1567f1]" name="getResult" is-config="true" duration-ms="1" started-at="2018-11-29T07:37:37Z" finished-at="2018-11-29T07:37:37Z">
          <params>
            <param index="0">
              <value>
                <![CDATA[[TestResult name=Error_Message_On_login_click_if_both_textfields_are_entered_not_present_In_Database status=SUCCESS method=Login_Testcase.Error_Message_On_login_click_if_both_textfields_are_entered_not_present_In_Database()[pri:0, instance:com.travels.qa.testcases.Login_Testcase@6e1567f1] output={null}]]]>
              </value>
            </param>
          </params>
          <reporter-output>
          </reporter-output>
        </test-method> <!-- getResult -->
        <test-method status="PASS" signature="setup()[pri:0, instance:com.travels.qa.testcases.Login_Testcase@6e1567f1]" name="setup" is-config="true" duration-ms="11363" started-at="2018-11-29T07:37:37Z" finished-at="2018-11-29T07:37:49Z">
          <reporter-output>
          </reporter-output>
        </test-method> <!-- setup -->
        <test-method status="PASS" signature="Signup_through_login_page()[pri:0, instance:com.travels.qa.testcases.Login_Testcase@6e1567f1]" name="Signup_through_login_page" duration-ms="4752" started-at="2018-11-29T07:37:49Z" finished-at="2018-11-29T07:37:54Z">
          <reporter-output>
          </reporter-output>
        </test-method> <!-- Signup_through_login_page -->
        <test-method status="PASS" signature="teardown()[pri:0, instance:com.travels.qa.testcases.Login_Testcase@6e1567f1]" name="teardown" is-config="true" duration-ms="1044" started-at="2018-11-29T07:37:54Z" finished-at="2018-11-29T07:37:55Z">
          <reporter-output>
          </reporter-output>
        </test-method> <!-- teardown -->
        <test-method status="PASS" signature="getResult(org.testng.ITestResult)[pri:0, instance:com.travels.qa.testcases.Login_Testcase@6e1567f1]" name="getResult" is-config="true" duration-ms="0" started-at="2018-11-29T07:37:55Z" finished-at="2018-11-29T07:37:55Z">
          <params>
            <param index="0">
              <value>
                <![CDATA[[TestResult name=Signup_through_login_page status=SUCCESS method=Login_Testcase.Signup_through_login_page()[pri:0, instance:com.travels.qa.testcases.Login_Testcase@6e1567f1] output={null}]]]>
              </value>
            </param>
          </params>
          <reporter-output>
          </reporter-output>
        </test-method> <!-- getResult -->
        <test-method status="PASS" signature="setup()[pri:0, instance:com.travels.qa.testcases.Login_Testcase@6e1567f1]" name="setup" is-config="true" duration-ms="9873" started-at="2018-11-29T07:37:55Z" finished-at="2018-11-29T07:38:04Z">
          <reporter-output>
          </reporter-output>
        </test-method> <!-- setup -->
        <test-method status="PASS" signature="Signup_through_login_page_and_logout()[pri:0, instance:com.travels.qa.testcases.Login_Testcase@6e1567f1]" name="Signup_through_login_page_and_logout" duration-ms="6242" started-at="2018-11-29T07:38:04Z" finished-at="2018-11-29T07:38:11Z">
          <reporter-output>
          </reporter-output>
        </test-method> <!-- Signup_through_login_page_and_logout -->
        <test-method status="PASS" signature="teardown()[pri:0, instance:com.travels.qa.testcases.Login_Testcase@6e1567f1]" name="teardown" is-config="true" duration-ms="939" started-at="2018-11-29T07:38:11Z" finished-at="2018-11-29T07:38:12Z">
          <reporter-output>
          </reporter-output>
        </test-method> <!-- teardown -->
        <test-method status="PASS" signature="getResult(org.testng.ITestResult)[pri:0, instance:com.travels.qa.testcases.Login_Testcase@6e1567f1]" name="getResult" is-config="true" duration-ms="0" started-at="2018-11-29T07:38:12Z" finished-at="2018-11-29T07:38:12Z">
          <params>
            <param index="0">
              <value>
                <![CDATA[[TestResult name=Signup_through_login_page_and_logout status=SUCCESS method=Login_Testcase.Signup_through_login_page_and_logout()[pri:0, instance:com.travels.qa.testcases.Login_Testcase@6e1567f1] output={null}]]]>
              </value>
            </param>
          </params>
          <reporter-output>
          </reporter-output>
        </test-method> <!-- getResult -->
        <test-method status="PASS" signature="setup()[pri:0, instance:com.travels.qa.testcases.Login_Testcase@6e1567f1]" name="setup" is-config="true" duration-ms="10525" started-at="2018-11-29T07:38:12Z" finished-at="2018-11-29T07:38:22Z">
          <reporter-output>
          </reporter-output>
        </test-method> <!-- setup -->
        <test-method status="PASS" signature="Text_Inside_The_TextBoxes()[pri:0, instance:com.travels.qa.testcases.Login_Testcase@6e1567f1]" name="Text_Inside_The_TextBoxes" duration-ms="3113" started-at="2018-11-29T07:38:22Z" finished-at="2018-11-29T07:38:25Z">
          <reporter-output>
          </reporter-output>
        </test-method> <!-- Text_Inside_The_TextBoxes -->
        <test-method status="PASS" signature="teardown()[pri:0, instance:com.travels.qa.testcases.Login_Testcase@6e1567f1]" name="teardown" is-config="true" duration-ms="917" started-at="2018-11-29T07:38:25Z" finished-at="2018-11-29T07:38:26Z">
          <reporter-output>
          </reporter-output>
        </test-method> <!-- teardown -->
        <test-method status="PASS" signature="getResult(org.testng.ITestResult)[pri:0, instance:com.travels.qa.testcases.Login_Testcase@6e1567f1]" name="getResult" is-config="true" duration-ms="0" started-at="2018-11-29T07:38:26Z" finished-at="2018-11-29T07:38:26Z">
          <params>
            <param index="0">
              <value>
                <![CDATA[[TestResult name=Text_Inside_The_TextBoxes status=SUCCESS method=Login_Testcase.Text_Inside_The_TextBoxes()[pri:0, instance:com.travels.qa.testcases.Login_Testcase@6e1567f1] output={null}]]]>
              </value>
            </param>
          </params>
          <reporter-output>
          </reporter-output>
        </test-method> <!-- getResult -->
        <test-method status="PASS" signature="setup()[pri:0, instance:com.travels.qa.testcases.Login_Testcase@6e1567f1]" name="setup" is-config="true" duration-ms="10860" started-at="2018-11-29T07:38:26Z" finished-at="2018-11-29T07:38:37Z">
          <reporter-output>
          </reporter-output>
        </test-method> <!-- setup -->
        <test-method status="PASS" signature="Verifying_text_field_titles()[pri:0, instance:com.travels.qa.testcases.Login_Testcase@6e1567f1]" name="Verifying_text_field_titles" duration-ms="2647" started-at="2018-11-29T07:38:37Z" finished-at="2018-11-29T07:38:40Z">
          <reporter-output>
          </reporter-output>
        </test-method> <!-- Verifying_text_field_titles -->
        <test-method status="PASS" signature="teardown()[pri:0, instance:com.travels.qa.testcases.Login_Testcase@6e1567f1]" name="teardown" is-config="true" duration-ms="902" started-at="2018-11-29T07:38:40Z" finished-at="2018-11-29T07:38:41Z">
          <reporter-output>
          </reporter-output>
        </test-method> <!-- teardown -->
        <test-method status="PASS" signature="getResult(org.testng.ITestResult)[pri:0, instance:com.travels.qa.testcases.Login_Testcase@6e1567f1]" name="getResult" is-config="true" duration-ms="0" started-at="2018-11-29T07:38:41Z" finished-at="2018-11-29T07:38:41Z">
          <params>
            <param index="0">
              <value>
                <![CDATA[[TestResult name=Verifying_text_field_titles status=SUCCESS method=Login_Testcase.Verifying_text_field_titles()[pri:0, instance:com.travels.qa.testcases.Login_Testcase@6e1567f1] output={null}]]]>
              </value>
            </param>
          </params>
          <reporter-output>
          </reporter-output>
        </test-method> <!-- getResult -->
      </class> <!-- com.travels.qa.testcases.Login_Testcase -->
      <class name="com.travels.qa.testcases.SignUpPage_Testcase">
        <test-method status="PASS" signature="setup()[pri:0, instance:com.travels.qa.testcases.SignUpPage_Testcase@cb644e]" name="setup" is-config="true" duration-ms="11185" started-at="2018-11-29T07:39:29Z" finished-at="2018-11-29T07:39:40Z">
          <reporter-output>
          </reporter-output>
        </test-method> <!-- setup -->
        <test-method status="PASS" signature="AppStoreButton_navigates_to_ConnectingToAppStore()[pri:0, instance:com.travels.qa.testcases.SignUpPage_Testcase@cb644e]" name="AppStoreButton_navigates_to_ConnectingToAppStore" duration-ms="6418" started-at="2018-11-29T07:39:40Z" finished-at="2018-11-29T07:39:46Z">
          <reporter-output>
          </reporter-output>
        </test-method> <!-- AppStoreButton_navigates_to_ConnectingToAppStore -->
        <test-method status="PASS" signature="teardown()[pri:0, instance:com.travels.qa.testcases.SignUpPage_Testcase@cb644e]" name="teardown" is-config="true" duration-ms="939" started-at="2018-11-29T07:39:46Z" finished-at="2018-11-29T07:39:47Z">
          <reporter-output>
          </reporter-output>
        </test-method> <!-- teardown -->
        <test-method status="PASS" signature="setup()[pri:0, instance:com.travels.qa.testcases.SignUpPage_Testcase@cb644e]" name="setup" is-config="true" duration-ms="11815" started-at="2018-11-29T07:39:47Z" finished-at="2018-11-29T07:39:59Z">
          <reporter-output>
          </reporter-output>
        </test-method> <!-- setup -->
        <test-method status="PASS" signature="getResult(org.testng.ITestResult)[pri:0, instance:com.travels.qa.testcases.SignUpPage_Testcase@cb644e]" name="getResult" is-config="true" duration-ms="0" started-at="2018-11-29T07:39:47Z" finished-at="2018-11-29T07:39:47Z">
          <params>
            <param index="0">
              <value>
                <![CDATA[[TestResult name=AppStoreButton_navigates_to_ConnectingToAppStore status=SUCCESS method=SignUpPage_Testcase.AppStoreButton_navigates_to_ConnectingToAppStore()[pri:0, instance:com.travels.qa.testcases.SignUpPage_Testcase@cb644e] output={null}]]]>
              </value>
            </param>
          </params>
          <reporter-output>
          </reporter-output>
        </test-method> <!-- getResult -->
        <test-method status="PASS" signature="Clicking_the_Subscription_Button()[pri:0, instance:com.travels.qa.testcases.SignUpPage_Testcase@cb644e]" name="Clicking_the_Subscription_Button" duration-ms="3168" started-at="2018-11-29T07:39:59Z" finished-at="2018-11-29T07:40:02Z">
          <reporter-output>
          </reporter-output>
        </test-method> <!-- Clicking_the_Subscription_Button -->
        <test-method status="PASS" signature="teardown()[pri:0, instance:com.travels.qa.testcases.SignUpPage_Testcase@cb644e]" name="teardown" is-config="true" duration-ms="969" started-at="2018-11-29T07:40:02Z" finished-at="2018-11-29T07:40:03Z">
          <reporter-output>
          </reporter-output>
        </test-method> <!-- teardown -->
        <test-method status="PASS" signature="getResult(org.testng.ITestResult)[pri:0, instance:com.travels.qa.testcases.SignUpPage_Testcase@cb644e]" name="getResult" is-config="true" duration-ms="0" started-at="2018-11-29T07:40:03Z" finished-at="2018-11-29T07:40:03Z">
          <params>
            <param index="0">
              <value>
                <![CDATA[[TestResult name=Clicking_the_Subscription_Button status=SUCCESS method=SignUpPage_Testcase.Clicking_the_Subscription_Button()[pri:0, instance:com.travels.qa.testcases.SignUpPage_Testcase@cb644e] output={null}]]]>
              </value>
            </param>
          </params>
          <reporter-output>
          </reporter-output>
        </test-method> <!-- getResult -->
        <test-method status="PASS" signature="setup()[pri:0, instance:com.travels.qa.testcases.SignUpPage_Testcase@cb644e]" name="setup" is-config="true" duration-ms="14130" started-at="2018-11-29T07:40:03Z" finished-at="2018-11-29T07:40:17Z">
          <reporter-output>
          </reporter-output>
        </test-method> <!-- setup -->
        <test-method status="PASS" signature="Clicking_the_Subscription_Button_If_User_Already_Exists()[pri:0, instance:com.travels.qa.testcases.SignUpPage_Testcase@cb644e]" name="Clicking_the_Subscription_Button_If_User_Already_Exists" duration-ms="8311" started-at="2018-11-29T07:40:17Z" finished-at="2018-11-29T07:40:25Z">
          <reporter-output>
          </reporter-output>
        </test-method> <!-- Clicking_the_Subscription_Button_If_User_Already_Exists -->
        <test-method status="PASS" signature="teardown()[pri:0, instance:com.travels.qa.testcases.SignUpPage_Testcase@cb644e]" name="teardown" is-config="true" duration-ms="933" started-at="2018-11-29T07:40:25Z" finished-at="2018-11-29T07:40:26Z">
          <reporter-output>
          </reporter-output>
        </test-method> <!-- teardown -->
        <test-method status="PASS" signature="setup()[pri:0, instance:com.travels.qa.testcases.SignUpPage_Testcase@cb644e]" name="setup" is-config="true" duration-ms="12439" started-at="2018-11-29T07:40:26Z" finished-at="2018-11-29T07:40:39Z">
          <reporter-output>
          </reporter-output>
        </test-method> <!-- setup -->
        <test-method status="PASS" signature="getResult(org.testng.ITestResult)[pri:0, instance:com.travels.qa.testcases.SignUpPage_Testcase@cb644e]" name="getResult" is-config="true" duration-ms="0" started-at="2018-11-29T07:40:26Z" finished-at="2018-11-29T07:40:26Z">
          <params>
            <param index="0">
              <value>
                <![CDATA[[TestResult name=Clicking_the_Subscription_Button_If_User_Already_Exists status=SUCCESS method=SignUpPage_Testcase.Clicking_the_Subscription_Button_If_User_Already_Exists()[pri:0, instance:com.travels.qa.testcases.SignUpPage_Testcase@cb644e] output={null}]]]>
              </value>
            </param>
          </params>
          <reporter-output>
          </reporter-output>
        </test-method> <!-- getResult -->
        <test-method status="PASS" signature="Filling_the_Form_Of_SignUp()[pri:0, instance:com.travels.qa.testcases.SignUpPage_Testcase@cb644e]" name="Filling_the_Form_Of_SignUp" duration-ms="3699" started-at="2018-11-29T07:40:39Z" finished-at="2018-11-29T07:40:43Z">
          <reporter-output>
          </reporter-output>
        </test-method> <!-- Filling_the_Form_Of_SignUp -->
        <test-method status="PASS" signature="teardown()[pri:0, instance:com.travels.qa.testcases.SignUpPage_Testcase@cb644e]" name="teardown" is-config="true" duration-ms="999" started-at="2018-11-29T07:40:43Z" finished-at="2018-11-29T07:40:44Z">
          <reporter-output>
          </reporter-output>
        </test-method> <!-- teardown -->
        <test-method status="PASS" signature="getResult(org.testng.ITestResult)[pri:0, instance:com.travels.qa.testcases.SignUpPage_Testcase@cb644e]" name="getResult" is-config="true" duration-ms="1" started-at="2018-11-29T07:40:44Z" finished-at="2018-11-29T07:40:44Z">
          <params>
            <param index="0">
              <value>
                <![CDATA[[TestResult name=Filling_the_Form_Of_SignUp status=SUCCESS method=SignUpPage_Testcase.Filling_the_Form_Of_SignUp()[pri:0, instance:com.travels.qa.testcases.SignUpPage_Testcase@cb644e] output={null}]]]>
              </value>
            </param>
          </params>
          <reporter-output>
          </reporter-output>
        </test-method> <!-- getResult -->
        <test-method status="PASS" signature="setup()[pri:0, instance:com.travels.qa.testcases.SignUpPage_Testcase@cb644e]" name="setup" is-config="true" duration-ms="10357" started-at="2018-11-29T07:40:44Z" finished-at="2018-11-29T07:40:54Z">
          <reporter-output>
          </reporter-output>
        </test-method> <!-- setup -->
        <test-method status="PASS" signature="GooglePlayButton_navigates_to_GooglePlayStore()[pri:0, instance:com.travels.qa.testcases.SignUpPage_Testcase@cb644e]" name="GooglePlayButton_navigates_to_GooglePlayStore" duration-ms="10063" started-at="2018-11-29T07:40:54Z" finished-at="2018-11-29T07:41:04Z">
          <reporter-output>
          </reporter-output>
        </test-method> <!-- GooglePlayButton_navigates_to_GooglePlayStore -->
        <test-method status="PASS" signature="teardown()[pri:0, instance:com.travels.qa.testcases.SignUpPage_Testcase@cb644e]" name="teardown" is-config="true" duration-ms="996" started-at="2018-11-29T07:41:04Z" finished-at="2018-11-29T07:41:05Z">
          <reporter-output>
          </reporter-output>
        </test-method> <!-- teardown -->
        <test-method status="PASS" signature="getResult(org.testng.ITestResult)[pri:0, instance:com.travels.qa.testcases.SignUpPage_Testcase@cb644e]" name="getResult" is-config="true" duration-ms="0" started-at="2018-11-29T07:41:05Z" finished-at="2018-11-29T07:41:05Z">
          <params>
            <param index="0">
              <value>
                <![CDATA[[TestResult name=GooglePlayButton_navigates_to_GooglePlayStore status=SUCCESS method=SignUpPage_Testcase.GooglePlayButton_navigates_to_GooglePlayStore()[pri:0, instance:com.travels.qa.testcases.SignUpPage_Testcase@cb644e] output={null}]]]>
              </value>
            </param>
          </params>
          <reporter-output>
          </reporter-output>
        </test-method> <!-- getResult -->
        <test-method status="PASS" signature="setup()[pri:0, instance:com.travels.qa.testcases.SignUpPage_Testcase@cb644e]" name="setup" is-config="true" duration-ms="10615" started-at="2018-11-29T07:41:05Z" finished-at="2018-11-29T07:41:16Z">
          <reporter-output>
          </reporter-output>
        </test-method> <!-- setup -->
        <test-method status="PASS" signature="Matching_the_Actual_with_Expected_errors_if_confirmpassword_is_Entered()[pri:0, instance:com.travels.qa.testcases.SignUpPage_Testcase@cb644e]" name="Matching_the_Actual_with_Expected_errors_if_confirmpassword_is_Entered" duration-ms="2301" started-at="2018-11-29T07:41:16Z" finished-at="2018-11-29T07:41:18Z">
          <reporter-output>
          </reporter-output>
        </test-method> <!-- Matching_the_Actual_with_Expected_errors_if_confirmpassword_is_Entered -->
        <test-method status="PASS" signature="teardown()[pri:0, instance:com.travels.qa.testcases.SignUpPage_Testcase@cb644e]" name="teardown" is-config="true" duration-ms="995" started-at="2018-11-29T07:41:18Z" finished-at="2018-11-29T07:41:19Z">
          <reporter-output>
          </reporter-output>
        </test-method> <!-- teardown -->
        <test-method status="PASS" signature="getResult(org.testng.ITestResult)[pri:0, instance:com.travels.qa.testcases.SignUpPage_Testcase@cb644e]" name="getResult" is-config="true" duration-ms="0" started-at="2018-11-29T07:41:19Z" finished-at="2018-11-29T07:41:19Z">
          <params>
            <param index="0">
              <value>
                <![CDATA[[TestResult name=Matching_the_Actual_with_Expected_errors_if_confirmpassword_is_Entered status=SUCCESS method=SignUpPage_Testcase.Matching_the_Actual_with_Expected_errors_if_confirmpassword_is_Entered()[pri:0, instance:com.travels.qa.testcases.SignUpPage_Testcase@cb644e] output={null}]]]>
              </value>
            </param>
          </params>
          <reporter-output>
          </reporter-output>
        </test-method> <!-- getResult -->
        <test-method status="PASS" signature="setup()[pri:0, instance:com.travels.qa.testcases.SignUpPage_Testcase@cb644e]" name="setup" is-config="true" duration-ms="10674" started-at="2018-11-29T07:41:19Z" finished-at="2018-11-29T07:41:30Z">
          <reporter-output>
          </reporter-output>
        </test-method> <!-- setup -->
        <test-method status="PASS" signature="Matching_the_Actual_with_Expected_errors_if_email_is_Entered()[pri:0, instance:com.travels.qa.testcases.SignUpPage_Testcase@cb644e]" name="Matching_the_Actual_with_Expected_errors_if_email_is_Entered" duration-ms="2206" started-at="2018-11-29T07:41:30Z" finished-at="2018-11-29T07:41:32Z">
          <reporter-output>
          </reporter-output>
        </test-method> <!-- Matching_the_Actual_with_Expected_errors_if_email_is_Entered -->
        <test-method status="PASS" signature="teardown()[pri:0, instance:com.travels.qa.testcases.SignUpPage_Testcase@cb644e]" name="teardown" is-config="true" duration-ms="909" started-at="2018-11-29T07:41:32Z" finished-at="2018-11-29T07:41:33Z">
          <reporter-output>
          </reporter-output>
        </test-method> <!-- teardown -->
        <test-method status="PASS" signature="getResult(org.testng.ITestResult)[pri:0, instance:com.travels.qa.testcases.SignUpPage_Testcase@cb644e]" name="getResult" is-config="true" duration-ms="1" started-at="2018-11-29T07:41:33Z" finished-at="2018-11-29T07:41:33Z">
          <params>
            <param index="0">
              <value>
                <![CDATA[[TestResult name=Matching_the_Actual_with_Expected_errors_if_email_is_Entered status=SUCCESS method=SignUpPage_Testcase.Matching_the_Actual_with_Expected_errors_if_email_is_Entered()[pri:0, instance:com.travels.qa.testcases.SignUpPage_Testcase@cb644e] output={null}]]]>
              </value>
            </param>
          </params>
          <reporter-output>
          </reporter-output>
        </test-method> <!-- getResult -->
        <test-method status="PASS" signature="setup()[pri:0, instance:com.travels.qa.testcases.SignUpPage_Testcase@cb644e]" name="setup" is-config="true" duration-ms="12168" started-at="2018-11-29T07:41:33Z" finished-at="2018-11-29T07:41:45Z">
          <reporter-output>
          </reporter-output>
        </test-method> <!-- setup -->
        <test-method status="PASS" signature="Matching_the_Actual_with_Expected_errors_if_firstname_is_Entered()[pri:0, instance:com.travels.qa.testcases.SignUpPage_Testcase@cb644e]" name="Matching_the_Actual_with_Expected_errors_if_firstname_is_Entered" duration-ms="2147" started-at="2018-11-29T07:41:45Z" finished-at="2018-11-29T07:41:47Z">
          <reporter-output>
          </reporter-output>
        </test-method> <!-- Matching_the_Actual_with_Expected_errors_if_firstname_is_Entered -->
        <test-method status="PASS" signature="teardown()[pri:0, instance:com.travels.qa.testcases.SignUpPage_Testcase@cb644e]" name="teardown" is-config="true" duration-ms="923" started-at="2018-11-29T07:41:47Z" finished-at="2018-11-29T07:41:48Z">
          <reporter-output>
          </reporter-output>
        </test-method> <!-- teardown -->
        <test-method status="PASS" signature="getResult(org.testng.ITestResult)[pri:0, instance:com.travels.qa.testcases.SignUpPage_Testcase@cb644e]" name="getResult" is-config="true" duration-ms="0" started-at="2018-11-29T07:41:48Z" finished-at="2018-11-29T07:41:48Z">
          <params>
            <param index="0">
              <value>
                <![CDATA[[TestResult name=Matching_the_Actual_with_Expected_errors_if_firstname_is_Entered status=SUCCESS method=SignUpPage_Testcase.Matching_the_Actual_with_Expected_errors_if_firstname_is_Entered()[pri:0, instance:com.travels.qa.testcases.SignUpPage_Testcase@cb644e] output={null}]]]>
              </value>
            </param>
          </params>
          <reporter-output>
          </reporter-output>
        </test-method> <!-- getResult -->
        <test-method status="PASS" signature="setup()[pri:0, instance:com.travels.qa.testcases.SignUpPage_Testcase@cb644e]" name="setup" is-config="true" duration-ms="10292" started-at="2018-11-29T07:41:48Z" finished-at="2018-11-29T07:41:58Z">
          <reporter-output>
          </reporter-output>
        </test-method> <!-- setup -->
        <test-method status="PASS" signature="Matching_the_Actual_with_Expected_errors_if_lastname_is_Entered()[pri:0, instance:com.travels.qa.testcases.SignUpPage_Testcase@cb644e]" name="Matching_the_Actual_with_Expected_errors_if_lastname_is_Entered" duration-ms="3161" started-at="2018-11-29T07:41:58Z" finished-at="2018-11-29T07:42:01Z">
          <reporter-output>
          </reporter-output>
        </test-method> <!-- Matching_the_Actual_with_Expected_errors_if_lastname_is_Entered -->
        <test-method status="PASS" signature="teardown()[pri:0, instance:com.travels.qa.testcases.SignUpPage_Testcase@cb644e]" name="teardown" is-config="true" duration-ms="1380" started-at="2018-11-29T07:42:01Z" finished-at="2018-11-29T07:42:03Z">
          <reporter-output>
          </reporter-output>
        </test-method> <!-- teardown -->
        <test-method status="PASS" signature="setup()[pri:0, instance:com.travels.qa.testcases.SignUpPage_Testcase@cb644e]" name="setup" is-config="true" duration-ms="13012" started-at="2018-11-29T07:42:03Z" finished-at="2018-11-29T07:42:16Z">
          <reporter-output>
          </reporter-output>
        </test-method> <!-- setup -->
        <test-method status="PASS" signature="getResult(org.testng.ITestResult)[pri:0, instance:com.travels.qa.testcases.SignUpPage_Testcase@cb644e]" name="getResult" is-config="true" duration-ms="0" started-at="2018-11-29T07:42:03Z" finished-at="2018-11-29T07:42:03Z">
          <params>
            <param index="0">
              <value>
                <![CDATA[[TestResult name=Matching_the_Actual_with_Expected_errors_if_lastname_is_Entered status=SUCCESS method=SignUpPage_Testcase.Matching_the_Actual_with_Expected_errors_if_lastname_is_Entered()[pri:0, instance:com.travels.qa.testcases.SignUpPage_Testcase@cb644e] output={null}]]]>
              </value>
            </param>
          </params>
          <reporter-output>
          </reporter-output>
        </test-method> <!-- getResult -->
        <test-method status="PASS" signature="Matching_the_Actual_with_Expected_errors_if_matched_confirmpassword_and_Password_is_Entered()[pri:0, instance:com.travels.qa.testcases.SignUpPage_Testcase@cb644e]" name="Matching_the_Actual_with_Expected_errors_if_matched_confirmpassword_and_Password_is_Entered" duration-ms="2613" started-at="2018-11-29T07:42:16Z" finished-at="2018-11-29T07:42:18Z">
          <reporter-output>
          </reporter-output>
        </test-method> <!-- Matching_the_Actual_with_Expected_errors_if_matched_confirmpassword_and_Password_is_Entered -->
        <test-method status="PASS" signature="teardown()[pri:0, instance:com.travels.qa.testcases.SignUpPage_Testcase@cb644e]" name="teardown" is-config="true" duration-ms="923" started-at="2018-11-29T07:42:18Z" finished-at="2018-11-29T07:42:19Z">
          <reporter-output>
          </reporter-output>
        </test-method> <!-- teardown -->
        <test-method status="PASS" signature="setup()[pri:0, instance:com.travels.qa.testcases.SignUpPage_Testcase@cb644e]" name="setup" is-config="true" duration-ms="10547" started-at="2018-11-29T07:42:19Z" finished-at="2018-11-29T07:42:30Z">
          <reporter-output>
          </reporter-output>
        </test-method> <!-- setup -->
        <test-method status="PASS" signature="getResult(org.testng.ITestResult)[pri:0, instance:com.travels.qa.testcases.SignUpPage_Testcase@cb644e]" name="getResult" is-config="true" duration-ms="0" started-at="2018-11-29T07:42:19Z" finished-at="2018-11-29T07:42:19Z">
          <params>
            <param index="0">
              <value>
                <![CDATA[[TestResult name=Matching_the_Actual_with_Expected_errors_if_matched_confirmpassword_and_Password_is_Entered status=SUCCESS method=SignUpPage_Testcase.Matching_the_Actual_with_Expected_errors_if_matched_confirmpassword_and_Password_is_Entered()[pri:0, instance:com.travels.qa.testcases.SignUpPage_Testcase@cb644e] output={null}]]]>
              </value>
            </param>
          </params>
          <reporter-output>
          </reporter-output>
        </test-method> <!-- getResult -->
        <test-method status="PASS" signature="Matching_the_Actual_with_Expected_errors_if_mismatched_confirmpassword_and_Password_is_Entered()[pri:0, instance:com.travels.qa.testcases.SignUpPage_Testcase@cb644e]" name="Matching_the_Actual_with_Expected_errors_if_mismatched_confirmpassword_and_Password_is_Entered" duration-ms="2455" started-at="2018-11-29T07:42:30Z" finished-at="2018-11-29T07:42:32Z">
          <reporter-output>
          </reporter-output>
        </test-method> <!-- Matching_the_Actual_with_Expected_errors_if_mismatched_confirmpassword_and_Password_is_Entered -->
        <test-method status="PASS" signature="teardown()[pri:0, instance:com.travels.qa.testcases.SignUpPage_Testcase@cb644e]" name="teardown" is-config="true" duration-ms="974" started-at="2018-11-29T07:42:32Z" finished-at="2018-11-29T07:42:33Z">
          <reporter-output>
          </reporter-output>
        </test-method> <!-- teardown -->
        <test-method status="PASS" signature="getResult(org.testng.ITestResult)[pri:0, instance:com.travels.qa.testcases.SignUpPage_Testcase@cb644e]" name="getResult" is-config="true" duration-ms="0" started-at="2018-11-29T07:42:33Z" finished-at="2018-11-29T07:42:33Z">
          <params>
            <param index="0">
              <value>
                <![CDATA[[TestResult name=Matching_the_Actual_with_Expected_errors_if_mismatched_confirmpassword_and_Password_is_Entered status=SUCCESS method=SignUpPage_Testcase.Matching_the_Actual_with_Expected_errors_if_mismatched_confirmpassword_and_Password_is_Entered()[pri:0, instance:com.travels.qa.testcases.SignUpPage_Testcase@cb644e] output={null}]]]>
              </value>
            </param>
          </params>
          <reporter-output>
          </reporter-output>
        </test-method> <!-- getResult -->
        <test-method status="PASS" signature="setup()[pri:0, instance:com.travels.qa.testcases.SignUpPage_Testcase@cb644e]" name="setup" is-config="true" duration-ms="10078" started-at="2018-11-29T07:42:33Z" finished-at="2018-11-29T07:42:43Z">
          <reporter-output>
          </reporter-output>
        </test-method> <!-- setup -->
        <test-method status="PASS" signature="Matching_the_Actual_with_Expected_errors_if_no_textfield_is_Entered()[pri:0, instance:com.travels.qa.testcases.SignUpPage_Testcase@cb644e]" name="Matching_the_Actual_with_Expected_errors_if_no_textfield_is_Entered" duration-ms="2149" started-at="2018-11-29T07:42:43Z" finished-at="2018-11-29T07:42:45Z">
          <reporter-output>
          </reporter-output>
        </test-method> <!-- Matching_the_Actual_with_Expected_errors_if_no_textfield_is_Entered -->
        <test-method status="PASS" signature="teardown()[pri:0, instance:com.travels.qa.testcases.SignUpPage_Testcase@cb644e]" name="teardown" is-config="true" duration-ms="900" started-at="2018-11-29T07:42:45Z" finished-at="2018-11-29T07:42:46Z">
          <reporter-output>
          </reporter-output>
        </test-method> <!-- teardown -->
        <test-method status="PASS" signature="getResult(org.testng.ITestResult)[pri:0, instance:com.travels.qa.testcases.SignUpPage_Testcase@cb644e]" name="getResult" is-config="true" duration-ms="0" started-at="2018-11-29T07:42:46Z" finished-at="2018-11-29T07:42:46Z">
          <params>
            <param index="0">
              <value>
                <![CDATA[[TestResult name=Matching_the_Actual_with_Expected_errors_if_no_textfield_is_Entered status=SUCCESS method=SignUpPage_Testcase.Matching_the_Actual_with_Expected_errors_if_no_textfield_is_Entered()[pri:0, instance:com.travels.qa.testcases.SignUpPage_Testcase@cb644e] output={null}]]]>
              </value>
            </param>
          </params>
          <reporter-output>
          </reporter-output>
        </test-method> <!-- getResult -->
        <test-method status="PASS" signature="setup()[pri:0, instance:com.travels.qa.testcases.SignUpPage_Testcase@cb644e]" name="setup" is-config="true" duration-ms="9942" started-at="2018-11-29T07:42:46Z" finished-at="2018-11-29T07:42:56Z">
          <reporter-output>
          </reporter-output>
        </test-method> <!-- setup -->
        <test-method status="PASS" signature="Matching_the_Actual_with_Expected_errors_if_password_is_Entered()[pri:0, instance:com.travels.qa.testcases.SignUpPage_Testcase@cb644e]" name="Matching_the_Actual_with_Expected_errors_if_password_is_Entered" duration-ms="2457" started-at="2018-11-29T07:42:56Z" finished-at="2018-11-29T07:42:59Z">
          <reporter-output>
          </reporter-output>
        </test-method> <!-- Matching_the_Actual_with_Expected_errors_if_password_is_Entered -->
        <test-method status="PASS" signature="teardown()[pri:0, instance:com.travels.qa.testcases.SignUpPage_Testcase@cb644e]" name="teardown" is-config="true" duration-ms="918" started-at="2018-11-29T07:42:59Z" finished-at="2018-11-29T07:43:00Z">
          <reporter-output>
          </reporter-output>
        </test-method> <!-- teardown -->
        <test-method status="PASS" signature="getResult(org.testng.ITestResult)[pri:0, instance:com.travels.qa.testcases.SignUpPage_Testcase@cb644e]" name="getResult" is-config="true" duration-ms="0" started-at="2018-11-29T07:43:00Z" finished-at="2018-11-29T07:43:00Z">
          <params>
            <param index="0">
              <value>
                <![CDATA[[TestResult name=Matching_the_Actual_with_Expected_errors_if_password_is_Entered status=SUCCESS method=SignUpPage_Testcase.Matching_the_Actual_with_Expected_errors_if_password_is_Entered()[pri:0, instance:com.travels.qa.testcases.SignUpPage_Testcase@cb644e] output={null}]]]>
              </value>
            </param>
          </params>
          <reporter-output>
          </reporter-output>
        </test-method> <!-- getResult -->
        <test-method status="PASS" signature="setup()[pri:0, instance:com.travels.qa.testcases.SignUpPage_Testcase@cb644e]" name="setup" is-config="true" duration-ms="10187" started-at="2018-11-29T07:43:00Z" finished-at="2018-11-29T07:43:10Z">
          <reporter-output>
          </reporter-output>
        </test-method> <!-- setup -->
        <test-method status="PASS" signature="Text_Inside_The_TextBoxes()[pri:0, instance:com.travels.qa.testcases.SignUpPage_Testcase@cb644e]" name="Text_Inside_The_TextBoxes" duration-ms="1589" started-at="2018-11-29T07:43:10Z" finished-at="2018-11-29T07:43:11Z">
          <reporter-output>
          </reporter-output>
        </test-method> <!-- Text_Inside_The_TextBoxes -->
        <test-method status="PASS" signature="teardown()[pri:0, instance:com.travels.qa.testcases.SignUpPage_Testcase@cb644e]" name="teardown" is-config="true" duration-ms="907" started-at="2018-11-29T07:43:11Z" finished-at="2018-11-29T07:43:12Z">
          <reporter-output>
          </reporter-output>
        </test-method> <!-- teardown -->
        <test-method status="PASS" signature="getResult(org.testng.ITestResult)[pri:0, instance:com.travels.qa.testcases.SignUpPage_Testcase@cb644e]" name="getResult" is-config="true" duration-ms="0" started-at="2018-11-29T07:43:12Z" finished-at="2018-11-29T07:43:12Z">
          <params>
            <param index="0">
              <value>
                <![CDATA[[TestResult name=Text_Inside_The_TextBoxes status=SUCCESS method=SignUpPage_Testcase.Text_Inside_The_TextBoxes()[pri:0, instance:com.travels.qa.testcases.SignUpPage_Testcase@cb644e] output={null}]]]>
              </value>
            </param>
          </params>
          <reporter-output>
          </reporter-output>
        </test-method> <!-- getResult -->
        <test-method status="PASS" signature="setup()[pri:0, instance:com.travels.qa.testcases.SignUpPage_Testcase@cb644e]" name="setup" is-config="true" duration-ms="9451" started-at="2018-11-29T07:43:12Z" finished-at="2018-11-29T07:43:22Z">
          <reporter-output>
          </reporter-output>
        </test-method> <!-- setup -->
        <test-method status="PASS" signature="Title_Of_The_TextBoxes()[pri:0, instance:com.travels.qa.testcases.SignUpPage_Testcase@cb644e]" name="Title_Of_The_TextBoxes" duration-ms="1783" started-at="2018-11-29T07:43:22Z" finished-at="2018-11-29T07:43:24Z">
          <reporter-output>
          </reporter-output>
        </test-method> <!-- Title_Of_The_TextBoxes -->
        <test-method status="PASS" signature="teardown()[pri:0, instance:com.travels.qa.testcases.SignUpPage_Testcase@cb644e]" name="teardown" is-config="true" duration-ms="915" started-at="2018-11-29T07:43:24Z" finished-at="2018-11-29T07:43:25Z">
          <reporter-output>
          </reporter-output>
        </test-method> <!-- teardown -->
        <test-method status="PASS" signature="getResult(org.testng.ITestResult)[pri:0, instance:com.travels.qa.testcases.SignUpPage_Testcase@cb644e]" name="getResult" is-config="true" duration-ms="1" started-at="2018-11-29T07:43:25Z" finished-at="2018-11-29T07:43:25Z">
          <params>
            <param index="0">
              <value>
                <![CDATA[[TestResult name=Title_Of_The_TextBoxes status=SUCCESS method=SignUpPage_Testcase.Title_Of_The_TextBoxes()[pri:0, instance:com.travels.qa.testcases.SignUpPage_Testcase@cb644e] output={null}]]]>
              </value>
            </param>
          </params>
          <reporter-output>
          </reporter-output>
        </test-method> <!-- getResult -->
      </class> <!-- com.travels.qa.testcases.SignUpPage_Testcase -->
      <class name="com.travels.qa.testcases.Hotels_Testcase">
        <test-method status="PASS" signature="setup()[pri:0, instance:com.travels.qa.testcases.Hotels_Testcase@59494225]" name="setup" is-config="true" duration-ms="11748" started-at="2018-11-29T07:35:46Z" finished-at="2018-11-29T07:35:57Z">
          <reporter-output>
          </reporter-output>
        </test-method> <!-- setup -->
        <test-method status="PASS" signature="Amenities_Checkbox_Filter()[pri:0, instance:com.travels.qa.testcases.Hotels_Testcase@59494225]" name="Amenities_Checkbox_Filter" duration-ms="5739" started-at="2018-11-29T07:35:57Z" finished-at="2018-11-29T07:36:03Z">
          <reporter-output>
          </reporter-output>
        </test-method> <!-- Amenities_Checkbox_Filter -->
        <test-method status="PASS" signature="teardown()[pri:0, instance:com.travels.qa.testcases.Hotels_Testcase@59494225]" name="teardown" is-config="true" duration-ms="981" started-at="2018-11-29T07:36:03Z" finished-at="2018-11-29T07:36:04Z">
          <reporter-output>
          </reporter-output>
        </test-method> <!-- teardown -->
        <test-method status="PASS" signature="setup()[pri:0, instance:com.travels.qa.testcases.Hotels_Testcase@59494225]" name="setup" is-config="true" duration-ms="10284" started-at="2018-11-29T07:36:04Z" finished-at="2018-11-29T07:36:14Z">
          <reporter-output>
          </reporter-output>
        </test-method> <!-- setup -->
        <test-method status="PASS" signature="getResult(org.testng.ITestResult)[pri:0, instance:com.travels.qa.testcases.Hotels_Testcase@59494225]" name="getResult" is-config="true" duration-ms="0" started-at="2018-11-29T07:36:04Z" finished-at="2018-11-29T07:36:04Z">
          <params>
            <param index="0">
              <value>
                <![CDATA[[TestResult name=Amenities_Checkbox_Filter status=SUCCESS method=Hotels_Testcase.Amenities_Checkbox_Filter()[pri:0, instance:com.travels.qa.testcases.Hotels_Testcase@59494225] output={null}]]]>
              </value>
            </param>
          </params>
          <reporter-output>
          </reporter-output>
        </test-method> <!-- getResult -->
        <test-method status="PASS" signature="Hotels_Filter()[pri:0, instance:com.travels.qa.testcases.Hotels_Testcase@59494225]" name="Hotels_Filter" duration-ms="4817" started-at="2018-11-29T07:36:14Z" finished-at="2018-11-29T07:36:19Z">
          <reporter-output>
          </reporter-output>
        </test-method> <!-- Hotels_Filter -->
        <test-method status="PASS" signature="teardown()[pri:0, instance:com.travels.qa.testcases.Hotels_Testcase@59494225]" name="teardown" is-config="true" duration-ms="942" started-at="2018-11-29T07:36:19Z" finished-at="2018-11-29T07:36:20Z">
          <reporter-output>
          </reporter-output>
        </test-method> <!-- teardown -->
        <test-method status="PASS" signature="getResult(org.testng.ITestResult)[pri:0, instance:com.travels.qa.testcases.Hotels_Testcase@59494225]" name="getResult" is-config="true" duration-ms="1" started-at="2018-11-29T07:36:20Z" finished-at="2018-11-29T07:36:20Z">
          <params>
            <param index="0">
              <value>
                <![CDATA[[TestResult name=Hotels_Filter status=SUCCESS method=Hotels_Testcase.Hotels_Filter()[pri:0, instance:com.travels.qa.testcases.Hotels_Testcase@59494225] output={null}]]]>
              </value>
            </param>
          </params>
          <reporter-output>
          </reporter-output>
        </test-method> <!-- getResult -->
        <test-method status="PASS" signature="setup()[pri:0, instance:com.travels.qa.testcases.Hotels_Testcase@59494225]" name="setup" is-config="true" duration-ms="12165" started-at="2018-11-29T07:36:20Z" finished-at="2018-11-29T07:36:32Z">
          <reporter-output>
          </reporter-output>
        </test-method> <!-- setup -->
        <test-method status="PASS" signature="Navigating_to_Hotel_booking()[pri:0, instance:com.travels.qa.testcases.Hotels_Testcase@59494225]" name="Navigating_to_Hotel_booking" duration-ms="13204" started-at="2018-11-29T07:36:32Z" finished-at="2018-11-29T07:36:45Z">
          <reporter-output>
          </reporter-output>
        </test-method> <!-- Navigating_to_Hotel_booking -->
        <test-method status="PASS" signature="teardown()[pri:0, instance:com.travels.qa.testcases.Hotels_Testcase@59494225]" name="teardown" is-config="true" duration-ms="1026" started-at="2018-11-29T07:36:45Z" finished-at="2018-11-29T07:36:46Z">
          <reporter-output>
          </reporter-output>
        </test-method> <!-- teardown -->
        <test-method status="PASS" signature="getResult(org.testng.ITestResult)[pri:0, instance:com.travels.qa.testcases.Hotels_Testcase@59494225]" name="getResult" is-config="true" duration-ms="0" started-at="2018-11-29T07:36:46Z" finished-at="2018-11-29T07:36:46Z">
          <params>
            <param index="0">
              <value>
                <![CDATA[[TestResult name=Navigating_to_Hotel_booking status=SUCCESS method=Hotels_Testcase.Navigating_to_Hotel_booking()[pri:0, instance:com.travels.qa.testcases.Hotels_Testcase@59494225] output={null}]]]>
              </value>
            </param>
          </params>
          <reporter-output>
          </reporter-output>
        </test-method> <!-- getResult -->
        <test-method status="FAIL" signature="setup()[pri:0, instance:com.travels.qa.testcases.Hotels_Testcase@59494225]" name="setup" is-config="true" duration-ms="24029" started-at="2018-11-29T07:36:46Z" finished-at="2018-11-29T07:37:10Z">
          <exception class="org.openqa.selenium.TimeoutException">
            <message>
              <![CDATA[timeout
  (Session info: chrome=69.0.3497.92)
  (Driver info: chromedriver=2.41.578737 (49da6702b16031c40d63e5618de03a32ff6c197e),platform=Windows NT 10.0.15063 x86_64) (WARNING: The server did not provide any stacktrace information)
Command duration or timeout: 0 milliseconds
Build info: version: '3.13.0', revision: '2f0d292', time: '2018-06-25T15:24:21.231Z'
System info: host: 'GIND04LX6R5G5Q2', ip: '10.242.76.77', os.name: 'Windows 10', os.arch: 'amd64', os.version: '10.0', java.version: '1.8.0_181'
Driver info: org.openqa.selenium.chrome.ChromeDriver
Capabilities {acceptInsecureCerts: false, acceptSslCerts: false, applicationCacheEnabled: false, browserConnectionEnabled: false, browserName: chrome, chrome: {chromedriverVersion: 2.41.578737 (49da6702b16031..., userDataDir: C:\Users\10263638\AppData\L...}, cssSelectorsEnabled: true, databaseEnabled: false, goog:chromeOptions: {debuggerAddress: localhost:51443}, handlesAlerts: true, hasTouchScreen: false, javascriptEnabled: true, locationContextEnabled: true, mobileEmulationEnabled: false, nativeEvents: true, networkConnectionEnabled: false, pageLoadStrategy: normal, platform: XP, platformName: XP, rotatable: false, setWindowRect: true, takesHeapSnapshot: true, takesScreenshot: true, unexpectedAlertBehaviour: , unhandledPromptBehavior: , version: 69.0.3497.92, webStorageEnabled: true}
Session ID: b0b098dd6b1751701559c2be6d2df903]]>
            </message>
            <full-stacktrace>
              <![CDATA[org.openqa.selenium.TimeoutException: timeout
  (Session info: chrome=69.0.3497.92)
  (Driver info: chromedriver=2.41.578737 (49da6702b16031c40d63e5618de03a32ff6c197e),platform=Windows NT 10.0.15063 x86_64) (WARNING: The server did not provide any stacktrace information)
Command duration or timeout: 0 milliseconds
Build info: version: '3.13.0', revision: '2f0d292', time: '2018-06-25T15:24:21.231Z'
System info: host: 'GIND04LX6R5G5Q2', ip: '10.242.76.77', os.name: 'Windows 10', os.arch: 'amd64', os.version: '10.0', java.version: '1.8.0_181'
Driver info: org.openqa.selenium.chrome.ChromeDriver
Capabilities {acceptInsecureCerts: false, acceptSslCerts: false, applicationCacheEnabled: false, browserConnectionEnabled: false, browserName: chrome, chrome: {chromedriverVersion: 2.41.578737 (49da6702b16031..., userDataDir: C:\Users\10263638\AppData\L...}, cssSelectorsEnabled: true, databaseEnabled: false, goog:chromeOptions: {debuggerAddress: localhost:51443}, handlesAlerts: true, hasTouchScreen: false, javascriptEnabled: true, locationContextEnabled: true, mobileEmulationEnabled: false, nativeEvents: true, networkConnectionEnabled: false, pageLoadStrategy: normal, platform: XP, platformName: XP, rotatable: false, setWindowRect: true, takesHeapSnapshot: true, takesScreenshot: true, unexpectedAlertBehaviour: , unhandledPromptBehavior: , version: 69.0.3497.92, webStorageEnabled: true}
Session ID: b0b098dd6b1751701559c2be6d2df903
at sun.reflect.NativeConstructorAccessorImpl.newInstance0(Native Method)
at sun.reflect.NativeConstructorAccessorImpl.newInstance(Unknown Source)
at sun.reflect.DelegatingConstructorAccessorImpl.newInstance(Unknown Source)
at java.lang.reflect.Constructor.newInstance(Unknown Source)
at org.openqa.selenium.remote.ErrorHandler.createThrowable(ErrorHandler.java:214)
at org.openqa.selenium.remote.ErrorHandler.throwIfResponseFailed(ErrorHandler.java:166)
at org.openqa.selenium.remote.http.JsonHttpResponseCodec.reconstructValue(JsonHttpResponseCodec.java:40)
at org.openqa.selenium.remote.http.AbstractHttpResponseCodec.decode(AbstractHttpResponseCodec.java:80)
at org.openqa.selenium.remote.http.AbstractHttpResponseCodec.decode(AbstractHttpResponseCodec.java:44)
at org.openqa.selenium.remote.HttpCommandExecutor.execute(HttpCommandExecutor.java:158)
at org.openqa.selenium.remote.service.DriverCommandExecutor.execute(DriverCommandExecutor.java:83)
at org.openqa.selenium.remote.RemoteWebDriver.execute(RemoteWebDriver.java:548)
at org.openqa.selenium.remote.RemoteWebDriver.get(RemoteWebDriver.java:276)
at com.travels.qa.base.TestBase.initialization(TestBase.java:92)
at com.travels.qa.testcases.Hotels_Testcase.setup(Hotels_Testcase.java:31)
at sun.reflect.NativeMethodAccessorImpl.invoke0(Native Method)
at sun.reflect.NativeMethodAccessorImpl.invoke(Unknown Source)
at sun.reflect.DelegatingMethodAccessorImpl.invoke(Unknown Source)
at java.lang.reflect.Method.invoke(Unknown Source)
at org.testng.internal.MethodInvocationHelper.invokeMethod(MethodInvocationHelper.java:124)
at org.testng.internal.MethodInvocationHelper.invokeMethodConsideringTimeout(MethodInvocationHelper.java:59)
at org.testng.internal.Invoker.invokeConfigurationMethod(Invoker.java:458)
at org.testng.internal.Invoker.invokeConfigurations(Invoker.java:222)
at org.testng.internal.Invoker.invokeMethod(Invoker.java:523)
at org.testng.internal.Invoker.invokeTestMethod(Invoker.java:719)
at org.testng.internal.Invoker.invokeTestMethods(Invoker.java:989)
at org.testng.internal.TestMethodWorker.invokeTestMethods(TestMethodWorker.java:125)
at org.testng.internal.TestMethodWorker.run(TestMethodWorker.java:109)
at org.testng.TestRunner.privateRun(TestRunner.java:648)
at org.testng.TestRunner.run(TestRunner.java:505)
at org.testng.SuiteRunner.runTest(SuiteRunner.java:455)
at org.testng.SuiteRunner.runSequentially(SuiteRunner.java:450)
at org.testng.SuiteRunner.privateRun(SuiteRunner.java:415)
at org.testng.SuiteRunner.run(SuiteRunner.java:364)
at org.testng.SuiteRunnerWorker.runSuite(SuiteRunnerWorker.java:52)
at org.testng.SuiteRunnerWorker.run(SuiteRunnerWorker.java:84)
at org.testng.TestNG.runSuitesSequentially(TestNG.java:1208)
at org.testng.TestNG.runSuitesLocally(TestNG.java:1137)
at org.testng.TestNG.runSuites(TestNG.java:1049)
at org.testng.TestNG.run(TestNG.java:1017)
at org.testng.remote.AbstractRemoteTestNG.run(AbstractRemoteTestNG.java:114)
at org.testng.remote.RemoteTestNG.initAndRun(RemoteTestNG.java:251)
at org.testng.remote.RemoteTestNG.main(RemoteTestNG.java:77)
]]>
            </full-stacktrace>
          </exception> <!-- org.openqa.selenium.TimeoutException -->
          <reporter-output>
          </reporter-output>
        </test-method> <!-- setup -->
        <test-method status="SKIP" signature="Property_Checkbox_Filter()[pri:0, instance:com.travels.qa.testcases.Hotels_Testcase@59494225]" name="Property_Checkbox_Filter" duration-ms="0" started-at="2018-11-29T07:37:10Z" finished-at="2018-11-29T07:37:10Z">
          <exception class="org.openqa.selenium.TimeoutException">
            <message>
              <![CDATA[timeout
  (Session info: chrome=69.0.3497.92)
  (Driver info: chromedriver=2.41.578737 (49da6702b16031c40d63e5618de03a32ff6c197e),platform=Windows NT 10.0.15063 x86_64) (WARNING: The server did not provide any stacktrace information)
Command duration or timeout: 0 milliseconds
Build info: version: '3.13.0', revision: '2f0d292', time: '2018-06-25T15:24:21.231Z'
System info: host: 'GIND04LX6R5G5Q2', ip: '10.242.76.77', os.name: 'Windows 10', os.arch: 'amd64', os.version: '10.0', java.version: '1.8.0_181'
Driver info: org.openqa.selenium.chrome.ChromeDriver
Capabilities {acceptInsecureCerts: false, acceptSslCerts: false, applicationCacheEnabled: false, browserConnectionEnabled: false, browserName: chrome, chrome: {chromedriverVersion: 2.41.578737 (49da6702b16031..., userDataDir: C:\Users\10263638\AppData\L...}, cssSelectorsEnabled: true, databaseEnabled: false, goog:chromeOptions: {debuggerAddress: localhost:51443}, handlesAlerts: true, hasTouchScreen: false, javascriptEnabled: true, locationContextEnabled: true, mobileEmulationEnabled: false, nativeEvents: true, networkConnectionEnabled: false, pageLoadStrategy: normal, platform: XP, platformName: XP, rotatable: false, setWindowRect: true, takesHeapSnapshot: true, takesScreenshot: true, unexpectedAlertBehaviour: , unhandledPromptBehavior: , version: 69.0.3497.92, webStorageEnabled: true}
Session ID: b0b098dd6b1751701559c2be6d2df903]]>
            </message>
            <full-stacktrace>
              <![CDATA[org.openqa.selenium.TimeoutException: timeout
  (Session info: chrome=69.0.3497.92)
  (Driver info: chromedriver=2.41.578737 (49da6702b16031c40d63e5618de03a32ff6c197e),platform=Windows NT 10.0.15063 x86_64) (WARNING: The server did not provide any stacktrace information)
Command duration or timeout: 0 milliseconds
Build info: version: '3.13.0', revision: '2f0d292', time: '2018-06-25T15:24:21.231Z'
System info: host: 'GIND04LX6R5G5Q2', ip: '10.242.76.77', os.name: 'Windows 10', os.arch: 'amd64', os.version: '10.0', java.version: '1.8.0_181'
Driver info: org.openqa.selenium.chrome.ChromeDriver
Capabilities {acceptInsecureCerts: false, acceptSslCerts: false, applicationCacheEnabled: false, browserConnectionEnabled: false, browserName: chrome, chrome: {chromedriverVersion: 2.41.578737 (49da6702b16031..., userDataDir: C:\Users\10263638\AppData\L...}, cssSelectorsEnabled: true, databaseEnabled: false, goog:chromeOptions: {debuggerAddress: localhost:51443}, handlesAlerts: true, hasTouchScreen: false, javascriptEnabled: true, locationContextEnabled: true, mobileEmulationEnabled: false, nativeEvents: true, networkConnectionEnabled: false, pageLoadStrategy: normal, platform: XP, platformName: XP, rotatable: false, setWindowRect: true, takesHeapSnapshot: true, takesScreenshot: true, unexpectedAlertBehaviour: , unhandledPromptBehavior: , version: 69.0.3497.92, webStorageEnabled: true}
Session ID: b0b098dd6b1751701559c2be6d2df903
at sun.reflect.NativeConstructorAccessorImpl.newInstance0(Native Method)
at sun.reflect.NativeConstructorAccessorImpl.newInstance(Unknown Source)
at sun.reflect.DelegatingConstructorAccessorImpl.newInstance(Unknown Source)
at java.lang.reflect.Constructor.newInstance(Unknown Source)
at org.openqa.selenium.remote.ErrorHandler.createThrowable(ErrorHandler.java:214)
at org.openqa.selenium.remote.ErrorHandler.throwIfResponseFailed(ErrorHandler.java:166)
at org.openqa.selenium.remote.http.JsonHttpResponseCodec.reconstructValue(JsonHttpResponseCodec.java:40)
at org.openqa.selenium.remote.http.AbstractHttpResponseCodec.decode(AbstractHttpResponseCodec.java:80)
at org.openqa.selenium.remote.http.AbstractHttpResponseCodec.decode(AbstractHttpResponseCodec.java:44)
at org.openqa.selenium.remote.HttpCommandExecutor.execute(HttpCommandExecutor.java:158)
at org.openqa.selenium.remote.service.DriverCommandExecutor.execute(DriverCommandExecutor.java:83)
at org.openqa.selenium.remote.RemoteWebDriver.execute(RemoteWebDriver.java:548)
at org.openqa.selenium.remote.RemoteWebDriver.get(RemoteWebDriver.java:276)
at com.travels.qa.base.TestBase.initialization(TestBase.java:92)
at com.travels.qa.testcases.Hotels_Testcase.setup(Hotels_Testcase.java:31)
at sun.reflect.NativeMethodAccessorImpl.invoke0(Native Method)
at sun.reflect.NativeMethodAccessorImpl.invoke(Unknown Source)
at sun.reflect.DelegatingMethodAccessorImpl.invoke(Unknown Source)
at java.lang.reflect.Method.invoke(Unknown Source)
at org.testng.internal.MethodInvocationHelper.invokeMethod(MethodInvocationHelper.java:124)
at org.testng.internal.MethodInvocationHelper.invokeMethodConsideringTimeout(MethodInvocationHelper.java:59)
at org.testng.internal.Invoker.invokeConfigurationMethod(Invoker.java:458)
at org.testng.internal.Invoker.invokeConfigurations(Invoker.java:222)
at org.testng.internal.Invoker.invokeMethod(Invoker.java:523)
at org.testng.internal.Invoker.invokeTestMethod(Invoker.java:719)
at org.testng.internal.Invoker.invokeTestMethods(Invoker.java:989)
at org.testng.internal.TestMethodWorker.invokeTestMethods(TestMethodWorker.java:125)
at org.testng.internal.TestMethodWorker.run(TestMethodWorker.java:109)
at org.testng.TestRunner.privateRun(TestRunner.java:648)
at org.testng.TestRunner.run(TestRunner.java:505)
at org.testng.SuiteRunner.runTest(SuiteRunner.java:455)
at org.testng.SuiteRunner.runSequentially(SuiteRunner.java:450)
at org.testng.SuiteRunner.privateRun(SuiteRunner.java:415)
at org.testng.SuiteRunner.run(SuiteRunner.java:364)
at org.testng.SuiteRunnerWorker.runSuite(SuiteRunnerWorker.java:52)
at org.testng.SuiteRunnerWorker.run(SuiteRunnerWorker.java:84)
at org.testng.TestNG.runSuitesSequentially(TestNG.java:1208)
at org.testng.TestNG.runSuitesLocally(TestNG.java:1137)
at org.testng.TestNG.runSuites(TestNG.java:1049)
at org.testng.TestNG.run(TestNG.java:1017)
at org.testng.remote.AbstractRemoteTestNG.run(AbstractRemoteTestNG.java:114)
at org.testng.remote.RemoteTestNG.initAndRun(RemoteTestNG.java:251)
at org.testng.remote.RemoteTestNG.main(RemoteTestNG.java:77)
]]>
            </full-stacktrace>
          </exception> <!-- org.openqa.selenium.TimeoutException -->
          <reporter-output>
          </reporter-output>
        </test-method> <!-- Property_Checkbox_Filter -->
        <test-method status="SKIP" signature="teardown()[pri:0, instance:com.travels.qa.testcases.Hotels_Testcase@59494225]" name="teardown" is-config="true" duration-ms="0" started-at="2018-11-29T07:37:10Z" finished-at="2018-11-29T07:37:10Z">
          <reporter-output>
          </reporter-output>
        </test-method> <!-- teardown -->
        <test-method status="SKIP" signature="getResult(org.testng.ITestResult)[pri:0, instance:com.travels.qa.testcases.Hotels_Testcase@59494225]" name="getResult" is-config="true" duration-ms="0" started-at="2018-11-29T07:37:10Z" finished-at="2018-11-29T07:37:10Z">
          <reporter-output>
          </reporter-output>
        </test-method> <!-- getResult -->
      </class> <!-- com.travels.qa.testcases.Hotels_Testcase -->
      <class name="com.travels.qa.testcases.Account_Testcase">
        <test-method status="PASS" signature="setUp()[pri:0, instance:com.travels.qa.testcases.Account_Testcase@e45f292]" name="setUp" is-config="true" duration-ms="244" started-at="2018-11-29T07:14:03Z" finished-at="2018-11-29T07:14:03Z">
          <reporter-output>
          </reporter-output>
        </test-method> <!-- setUp -->
        <test-method status="PASS" signature="setup()[pri:0, instance:com.travels.qa.testcases.Account_Testcase@e45f292]" name="setup" is-config="true" duration-ms="11267" started-at="2018-11-29T07:14:03Z" finished-at="2018-11-29T07:14:14Z">
          <reporter-output>
          </reporter-output>
        </test-method> <!-- setup -->
        <test-method status="PASS" signature="Details_Entry_Of_Users_Profile()[pri:0, instance:com.travels.qa.testcases.Account_Testcase@e45f292]" name="Details_Entry_Of_Users_Profile" duration-ms="7468" started-at="2018-11-29T07:14:14Z" finished-at="2018-11-29T07:14:22Z">
          <reporter-output>
          </reporter-output>
        </test-method> <!-- Details_Entry_Of_Users_Profile -->
        <test-method status="PASS" signature="teardown()[pri:0, instance:com.travels.qa.testcases.Account_Testcase@e45f292]" name="teardown" is-config="true" duration-ms="952" started-at="2018-11-29T07:14:22Z" finished-at="2018-11-29T07:14:23Z">
          <reporter-output>
          </reporter-output>
        </test-method> <!-- teardown -->
        <test-method status="PASS" signature="getResult(org.testng.ITestResult)[pri:0, instance:com.travels.qa.testcases.Account_Testcase@e45f292]" name="getResult" is-config="true" duration-ms="11" started-at="2018-11-29T07:14:23Z" finished-at="2018-11-29T07:14:23Z">
          <params>
            <param index="0">
              <value>
                <![CDATA[[TestResult name=Details_Entry_Of_Users_Profile status=SUCCESS method=Account_Testcase.Details_Entry_Of_Users_Profile()[pri:0, instance:com.travels.qa.testcases.Account_Testcase@e45f292] output={null}]]]>
              </value>
            </param>
          </params>
          <reporter-output>
          </reporter-output>
        </test-method> <!-- getResult -->
        <test-method status="PASS" signature="setup()[pri:0, instance:com.travels.qa.testcases.Account_Testcase@e45f292]" name="setup" is-config="true" duration-ms="10995" started-at="2018-11-29T07:14:23Z" finished-at="2018-11-29T07:14:34Z">
          <reporter-output>
          </reporter-output>
        </test-method> <!-- setup -->
        <test-method status="PASS" signature="Logo_Click_Navigates_to_Homescreen()[pri:0, instance:com.travels.qa.testcases.Account_Testcase@e45f292]" name="Logo_Click_Navigates_to_Homescreen" duration-ms="6063" started-at="2018-11-29T07:14:34Z" finished-at="2018-11-29T07:14:40Z">
          <reporter-output>
          </reporter-output>
        </test-method> <!-- Logo_Click_Navigates_to_Homescreen -->
        <test-method status="PASS" signature="teardown()[pri:0, instance:com.travels.qa.testcases.Account_Testcase@e45f292]" name="teardown" is-config="true" duration-ms="992" started-at="2018-11-29T07:14:40Z" finished-at="2018-11-29T07:14:41Z">
          <reporter-output>
          </reporter-output>
        </test-method> <!-- teardown -->
        <test-method status="PASS" signature="getResult(org.testng.ITestResult)[pri:0, instance:com.travels.qa.testcases.Account_Testcase@e45f292]" name="getResult" is-config="true" duration-ms="1" started-at="2018-11-29T07:14:41Z" finished-at="2018-11-29T07:14:41Z">
          <params>
            <param index="0">
              <value>
                <![CDATA[[TestResult name=Logo_Click_Navigates_to_Homescreen status=SUCCESS method=Account_Testcase.Logo_Click_Navigates_to_Homescreen()[pri:0, instance:com.travels.qa.testcases.Account_Testcase@e45f292] output={null}]]]>
              </value>
            </param>
          </params>
          <reporter-output>
          </reporter-output>
        </test-method> <!-- getResult -->
        <test-method status="PASS" signature="tearDown()[pri:0, instance:com.travels.qa.testcases.Account_Testcase@e45f292]" name="tearDown" is-config="true" duration-ms="712" started-at="2018-11-29T07:48:59Z" finished-at="2018-11-29T07:49:00Z">
          <reporter-output>
          </reporter-output>
        </test-method> <!-- tearDown -->
      </class> <!-- com.travels.qa.testcases.Account_Testcase -->
      <class name="com.travels.qa.testcases.HotelConfirmation_Testcase">
        <test-method status="PASS" signature="setup()[pri:0, instance:com.travels.qa.testcases.HotelConfirmation_Testcase@72d818d1]" name="setup" is-config="true" duration-ms="11038" started-at="2018-11-29T07:31:20Z" finished-at="2018-11-29T07:31:31Z">
          <reporter-output>
          </reporter-output>
        </test-method> <!-- setup -->
        <test-method status="PASS" signature="book_with_invalid_user()[pri:0, instance:com.travels.qa.testcases.HotelConfirmation_Testcase@72d818d1]" name="book_with_invalid_user" duration-ms="17550" started-at="2018-11-29T07:31:31Z" finished-at="2018-11-29T07:31:49Z">
          <reporter-output>
          </reporter-output>
        </test-method> <!-- book_with_invalid_user -->
        <test-method status="PASS" signature="teardown()[pri:0, instance:com.travels.qa.testcases.HotelConfirmation_Testcase@72d818d1]" name="teardown" is-config="true" duration-ms="1001" started-at="2018-11-29T07:31:49Z" finished-at="2018-11-29T07:31:50Z">
          <reporter-output>
          </reporter-output>
        </test-method> <!-- teardown -->
        <test-method status="PASS" signature="setup()[pri:0, instance:com.travels.qa.testcases.HotelConfirmation_Testcase@72d818d1]" name="setup" is-config="true" duration-ms="10748" started-at="2018-11-29T07:31:50Z" finished-at="2018-11-29T07:32:00Z">
          <reporter-output>
          </reporter-output>
        </test-method> <!-- setup -->
        <test-method status="PASS" signature="getResult(org.testng.ITestResult)[pri:0, instance:com.travels.qa.testcases.HotelConfirmation_Testcase@72d818d1]" name="getResult" is-config="true" duration-ms="0" started-at="2018-11-29T07:31:50Z" finished-at="2018-11-29T07:31:50Z">
          <params>
            <param index="0">
              <value>
                <![CDATA[[TestResult name=book_with_invalid_user status=SUCCESS method=HotelConfirmation_Testcase.book_with_invalid_user()[pri:0, instance:com.travels.qa.testcases.HotelConfirmation_Testcase@72d818d1] output={null}]]]>
              </value>
            </param>
          </params>
          <reporter-output>
          </reporter-output>
        </test-method> <!-- getResult -->
        <test-method status="PASS" signature="booking_as_a_guest()[pri:0, instance:com.travels.qa.testcases.HotelConfirmation_Testcase@72d818d1]" name="booking_as_a_guest" duration-ms="19700" started-at="2018-11-29T07:32:00Z" finished-at="2018-11-29T07:32:20Z">
          <reporter-output>
          </reporter-output>
        </test-method> <!-- booking_as_a_guest -->
        <test-method status="PASS" signature="teardown()[pri:0, instance:com.travels.qa.testcases.HotelConfirmation_Testcase@72d818d1]" name="teardown" is-config="true" duration-ms="974" started-at="2018-11-29T07:32:20Z" finished-at="2018-11-29T07:32:21Z">
          <reporter-output>
          </reporter-output>
        </test-method> <!-- teardown -->
        <test-method status="PASS" signature="getResult(org.testng.ITestResult)[pri:0, instance:com.travels.qa.testcases.HotelConfirmation_Testcase@72d818d1]" name="getResult" is-config="true" duration-ms="0" started-at="2018-11-29T07:32:21Z" finished-at="2018-11-29T07:32:21Z">
          <params>
            <param index="0">
              <value>
                <![CDATA[[TestResult name=booking_as_a_guest status=SUCCESS method=HotelConfirmation_Testcase.booking_as_a_guest()[pri:0, instance:com.travels.qa.testcases.HotelConfirmation_Testcase@72d818d1] output={null}]]]>
              </value>
            </param>
          </params>
          <reporter-output>
          </reporter-output>
        </test-method> <!-- getResult -->
        <test-method status="PASS" signature="setup()[pri:0, instance:com.travels.qa.testcases.HotelConfirmation_Testcase@72d818d1]" name="setup" is-config="true" duration-ms="14472" started-at="2018-11-29T07:32:21Z" finished-at="2018-11-29T07:32:35Z">
          <reporter-output>
          </reporter-output>
        </test-method> <!-- setup -->
        <test-method status="PASS" signature="make_a_note_while_ordering()[pri:0, instance:com.travels.qa.testcases.HotelConfirmation_Testcase@72d818d1]" name="make_a_note_while_ordering" duration-ms="23866" started-at="2018-11-29T07:32:35Z" finished-at="2018-11-29T07:32:59Z">
          <reporter-output>
          </reporter-output>
        </test-method> <!-- make_a_note_while_ordering -->
        <test-method status="PASS" signature="teardown()[pri:0, instance:com.travels.qa.testcases.HotelConfirmation_Testcase@72d818d1]" name="teardown" is-config="true" duration-ms="1012" started-at="2018-11-29T07:32:59Z" finished-at="2018-11-29T07:33:00Z">
          <reporter-output>
          </reporter-output>
        </test-method> <!-- teardown -->
        <test-method status="PASS" signature="getResult(org.testng.ITestResult)[pri:0, instance:com.travels.qa.testcases.HotelConfirmation_Testcase@72d818d1]" name="getResult" is-config="true" duration-ms="0" started-at="2018-11-29T07:33:00Z" finished-at="2018-11-29T07:33:00Z">
          <params>
            <param index="0">
              <value>
                <![CDATA[[TestResult name=make_a_note_while_ordering status=SUCCESS method=HotelConfirmation_Testcase.make_a_note_while_ordering()[pri:0, instance:com.travels.qa.testcases.HotelConfirmation_Testcase@72d818d1] output={null}]]]>
              </value>
            </param>
          </params>
          <reporter-output>
          </reporter-output>
        </test-method> <!-- getResult -->
      </class> <!-- com.travels.qa.testcases.HotelConfirmation_Testcase -->
      <class name="com.travels.qa.testcases.TourBooking_Testcase">
        <test-method status="PASS" signature="setup()[pri:0, instance:com.travels.qa.testcases.TourBooking_Testcase@56ef9176]" name="setup" is-config="true" duration-ms="11360" started-at="2018-11-29T07:44:06Z" finished-at="2018-11-29T07:44:17Z">
          <reporter-output>
          </reporter-output>
        </test-method> <!-- setup -->
        <test-method status="PASS" signature="Date_Change_Of_the_Tour()[pri:0, instance:com.travels.qa.testcases.TourBooking_Testcase@56ef9176]" name="Date_Change_Of_the_Tour" duration-ms="15766" started-at="2018-11-29T07:44:17Z" finished-at="2018-11-29T07:44:33Z">
          <reporter-output>
          </reporter-output>
        </test-method> <!-- Date_Change_Of_the_Tour -->
        <test-method status="PASS" signature="teardown()[pri:0, instance:com.travels.qa.testcases.TourBooking_Testcase@56ef9176]" name="teardown" is-config="true" duration-ms="1169" started-at="2018-11-29T07:44:33Z" finished-at="2018-11-29T07:44:34Z">
          <reporter-output>
          </reporter-output>
        </test-method> <!-- teardown -->
        <test-method status="PASS" signature="getResult(org.testng.ITestResult)[pri:0, instance:com.travels.qa.testcases.TourBooking_Testcase@56ef9176]" name="getResult" is-config="true" duration-ms="1" started-at="2018-11-29T07:44:34Z" finished-at="2018-11-29T07:44:34Z">
          <params>
            <param index="0">
              <value>
                <![CDATA[[TestResult name=Date_Change_Of_the_Tour status=SUCCESS method=TourBooking_Testcase.Date_Change_Of_the_Tour()[pri:0, instance:com.travels.qa.testcases.TourBooking_Testcase@56ef9176] output={null}]]]>
              </value>
            </param>
          </params>
          <reporter-output>
          </reporter-output>
        </test-method> <!-- getResult -->
        <test-method status="PASS" signature="setup()[pri:0, instance:com.travels.qa.testcases.TourBooking_Testcase@56ef9176]" name="setup" is-config="true" duration-ms="14178" started-at="2018-11-29T07:44:34Z" finished-at="2018-11-29T07:44:48Z">
          <reporter-output>
          </reporter-output>
        </test-method> <!-- setup -->
        <test-method status="PASS" signature="booking_tour()[pri:0, instance:com.travels.qa.testcases.TourBooking_Testcase@56ef9176]" name="booking_tour" duration-ms="11810" started-at="2018-11-29T07:44:48Z" finished-at="2018-11-29T07:45:00Z">
          <reporter-output>
          </reporter-output>
        </test-method> <!-- booking_tour -->
        <test-method status="PASS" signature="teardown()[pri:0, instance:com.travels.qa.testcases.TourBooking_Testcase@56ef9176]" name="teardown" is-config="true" duration-ms="1173" started-at="2018-11-29T07:45:00Z" finished-at="2018-11-29T07:45:01Z">
          <reporter-output>
          </reporter-output>
        </test-method> <!-- teardown -->
        <test-method status="PASS" signature="getResult(org.testng.ITestResult)[pri:0, instance:com.travels.qa.testcases.TourBooking_Testcase@56ef9176]" name="getResult" is-config="true" duration-ms="1" started-at="2018-11-29T07:45:01Z" finished-at="2018-11-29T07:45:01Z">
          <params>
            <param index="0">
              <value>
                <![CDATA[[TestResult name=booking_tour status=SUCCESS method=TourBooking_Testcase.booking_tour()[pri:0, instance:com.travels.qa.testcases.TourBooking_Testcase@56ef9176] output={null}]]]>
              </value>
            </param>
          </params>
          <reporter-output>
          </reporter-output>
        </test-method> <!-- getResult -->
      </class> <!-- com.travels.qa.testcases.TourBooking_Testcase -->
      <class name="com.travels.qa.testcases.TourInvoice_Testcase">
        <test-method status="PASS" signature="setup()[pri:0, instance:com.travels.qa.testcases.TourInvoice_Testcase@1ed4004b]" name="setup" is-config="true" duration-ms="10096" started-at="2018-11-29T07:46:33Z" finished-at="2018-11-29T07:46:43Z">
          <reporter-output>
          </reporter-output>
        </test-method> <!-- setup -->
        <test-method status="PASS" signature="Invoice_Visibility()[pri:0, instance:com.travels.qa.testcases.TourInvoice_Testcase@1ed4004b]" name="Invoice_Visibility" duration-ms="20850" started-at="2018-11-29T07:46:43Z" finished-at="2018-11-29T07:47:04Z">
          <reporter-output>
          </reporter-output>
        </test-method> <!-- Invoice_Visibility -->
        <test-method status="PASS" signature="teardown()[pri:0, instance:com.travels.qa.testcases.TourInvoice_Testcase@1ed4004b]" name="teardown" is-config="true" duration-ms="1307" started-at="2018-11-29T07:47:04Z" finished-at="2018-11-29T07:47:05Z">
          <reporter-output>
          </reporter-output>
        </test-method> <!-- teardown -->
        <test-method status="PASS" signature="getResult(org.testng.ITestResult)[pri:0, instance:com.travels.qa.testcases.TourInvoice_Testcase@1ed4004b]" name="getResult" is-config="true" duration-ms="1" started-at="2018-11-29T07:47:05Z" finished-at="2018-11-29T07:47:05Z">
          <params>
            <param index="0">
              <value>
                <![CDATA[[TestResult name=Invoice_Visibility status=SUCCESS method=TourInvoice_Testcase.Invoice_Visibility()[pri:0, instance:com.travels.qa.testcases.TourInvoice_Testcase@1ed4004b] output={null}]]]>
              </value>
            </param>
          </params>
          <reporter-output>
          </reporter-output>
        </test-method> <!-- getResult -->
        <test-method status="PASS" signature="setup()[pri:0, instance:com.travels.qa.testcases.TourInvoice_Testcase@1ed4004b]" name="setup" is-config="true" duration-ms="10195" started-at="2018-11-29T07:47:05Z" finished-at="2018-11-29T07:47:15Z">
          <reporter-output>
          </reporter-output>
        </test-method> <!-- setup -->
        <test-method status="PASS" signature="payement_on_arrival()[pri:0, instance:com.travels.qa.testcases.TourInvoice_Testcase@1ed4004b]" name="payement_on_arrival" duration-ms="19337" started-at="2018-11-29T07:47:15Z" finished-at="2018-11-29T07:47:34Z">
          <reporter-output>
          </reporter-output>
        </test-method> <!-- payement_on_arrival -->
        <test-method status="PASS" signature="teardown()[pri:0, instance:com.travels.qa.testcases.TourInvoice_Testcase@1ed4004b]" name="teardown" is-config="true" duration-ms="1056" started-at="2018-11-29T07:47:34Z" finished-at="2018-11-29T07:47:35Z">
          <reporter-output>
          </reporter-output>
        </test-method> <!-- teardown -->
        <test-method status="PASS" signature="getResult(org.testng.ITestResult)[pri:0, instance:com.travels.qa.testcases.TourInvoice_Testcase@1ed4004b]" name="getResult" is-config="true" duration-ms="0" started-at="2018-11-29T07:47:35Z" finished-at="2018-11-29T07:47:35Z">
          <params>
            <param index="0">
              <value>
                <![CDATA[[TestResult name=payement_on_arrival status=SUCCESS method=TourInvoice_Testcase.payement_on_arrival()[pri:0, instance:com.travels.qa.testcases.TourInvoice_Testcase@1ed4004b] output={null}]]]>
              </value>
            </param>
          </params>
          <reporter-output>
          </reporter-output>
        </test-method> <!-- getResult -->
        <test-method status="PASS" signature="setup()[pri:0, instance:com.travels.qa.testcases.TourInvoice_Testcase@1ed4004b]" name="setup" is-config="true" duration-ms="11551" started-at="2018-11-29T07:47:35Z" finished-at="2018-11-29T07:47:47Z">
          <reporter-output>
          </reporter-output>
        </test-method> <!-- setup -->
        <test-method status="PASS" signature="payment_Now()[pri:0, instance:com.travels.qa.testcases.TourInvoice_Testcase@1ed4004b]" name="payment_Now" duration-ms="37925" started-at="2018-11-29T07:47:47Z" finished-at="2018-11-29T07:48:25Z">
          <reporter-output>
          </reporter-output>
        </test-method> <!-- payment_Now -->
        <test-method status="PASS" signature="teardown()[pri:0, instance:com.travels.qa.testcases.TourInvoice_Testcase@1ed4004b]" name="teardown" is-config="true" duration-ms="1056" started-at="2018-11-29T07:48:25Z" finished-at="2018-11-29T07:48:26Z">
          <reporter-output>
          </reporter-output>
        </test-method> <!-- teardown -->
        <test-method status="PASS" signature="getResult(org.testng.ITestResult)[pri:0, instance:com.travels.qa.testcases.TourInvoice_Testcase@1ed4004b]" name="getResult" is-config="true" duration-ms="0" started-at="2018-11-29T07:48:26Z" finished-at="2018-11-29T07:48:26Z">
          <params>
            <param index="0">
              <value>
                <![CDATA[[TestResult name=payment_Now status=SUCCESS method=TourInvoice_Testcase.payment_Now()[pri:0, instance:com.travels.qa.testcases.TourInvoice_Testcase@1ed4004b] output={null}]]]>
              </value>
            </param>
          </params>
          <reporter-output>
          </reporter-output>
        </test-method> <!-- getResult -->
        <test-method status="PASS" signature="setup()[pri:0, instance:com.travels.qa.testcases.TourInvoice_Testcase@1ed4004b]" name="setup" is-config="true" duration-ms="11242" started-at="2018-11-29T07:48:26Z" finished-at="2018-11-29T07:48:37Z">
          <reporter-output>
          </reporter-output>
        </test-method> <!-- setup -->
        <test-method status="FAIL" signature="payment_on_arrival_when_SignedUp()[pri:0, instance:com.travels.qa.testcases.TourInvoice_Testcase@1ed4004b]" name="payment_on_arrival_when_SignedUp" duration-ms="20913" started-at="2018-11-29T07:48:37Z" finished-at="2018-11-29T07:48:58Z">
          <exception class="org.openqa.selenium.TimeoutException">
            <message>
              <![CDATA[timeout
  (Session info: chrome=69.0.3497.92)
  (Driver info: chromedriver=2.41.578737 (49da6702b16031c40d63e5618de03a32ff6c197e),platform=Windows NT 10.0.15063 x86_64) (WARNING: The server did not provide any stacktrace information)
Command duration or timeout: 0 milliseconds
Build info: version: '3.13.0', revision: '2f0d292', time: '2018-06-25T15:24:21.231Z'
System info: host: 'GIND04LX6R5G5Q2', ip: '10.242.76.77', os.name: 'Windows 10', os.arch: 'amd64', os.version: '10.0', java.version: '1.8.0_181'
Driver info: org.openqa.selenium.chrome.ChromeDriver
Capabilities {acceptInsecureCerts: false, acceptSslCerts: false, applicationCacheEnabled: false, browserConnectionEnabled: false, browserName: chrome, chrome: {chromedriverVersion: 2.41.578737 (49da6702b16031..., userDataDir: C:\Users\10263638\AppData\L...}, cssSelectorsEnabled: true, databaseEnabled: false, goog:chromeOptions: {debuggerAddress: localhost:54143}, handlesAlerts: true, hasTouchScreen: false, javascriptEnabled: true, locationContextEnabled: true, mobileEmulationEnabled: false, nativeEvents: true, networkConnectionEnabled: false, pageLoadStrategy: normal, platform: XP, platformName: XP, rotatable: false, setWindowRect: true, takesHeapSnapshot: true, takesScreenshot: true, unexpectedAlertBehaviour: , unhandledPromptBehavior: , version: 69.0.3497.92, webStorageEnabled: true}
Session ID: b858ce3815cda4dfe341526c4355930e]]>
            </message>
            <full-stacktrace>
              <![CDATA[org.openqa.selenium.TimeoutException: timeout
  (Session info: chrome=69.0.3497.92)
  (Driver info: chromedriver=2.41.578737 (49da6702b16031c40d63e5618de03a32ff6c197e),platform=Windows NT 10.0.15063 x86_64) (WARNING: The server did not provide any stacktrace information)
Command duration or timeout: 0 milliseconds
Build info: version: '3.13.0', revision: '2f0d292', time: '2018-06-25T15:24:21.231Z'
System info: host: 'GIND04LX6R5G5Q2', ip: '10.242.76.77', os.name: 'Windows 10', os.arch: 'amd64', os.version: '10.0', java.version: '1.8.0_181'
Driver info: org.openqa.selenium.chrome.ChromeDriver
Capabilities {acceptInsecureCerts: false, acceptSslCerts: false, applicationCacheEnabled: false, browserConnectionEnabled: false, browserName: chrome, chrome: {chromedriverVersion: 2.41.578737 (49da6702b16031..., userDataDir: C:\Users\10263638\AppData\L...}, cssSelectorsEnabled: true, databaseEnabled: false, goog:chromeOptions: {debuggerAddress: localhost:54143}, handlesAlerts: true, hasTouchScreen: false, javascriptEnabled: true, locationContextEnabled: true, mobileEmulationEnabled: false, nativeEvents: true, networkConnectionEnabled: false, pageLoadStrategy: normal, platform: XP, platformName: XP, rotatable: false, setWindowRect: true, takesHeapSnapshot: true, takesScreenshot: true, unexpectedAlertBehaviour: , unhandledPromptBehavior: , version: 69.0.3497.92, webStorageEnabled: true}
Session ID: b858ce3815cda4dfe341526c4355930e
at sun.reflect.NativeConstructorAccessorImpl.newInstance0(Native Method)
at sun.reflect.NativeConstructorAccessorImpl.newInstance(Unknown Source)
at sun.reflect.DelegatingConstructorAccessorImpl.newInstance(Unknown Source)
at java.lang.reflect.Constructor.newInstance(Unknown Source)
at org.openqa.selenium.remote.ErrorHandler.createThrowable(ErrorHandler.java:214)
at org.openqa.selenium.remote.ErrorHandler.throwIfResponseFailed(ErrorHandler.java:166)
at org.openqa.selenium.remote.http.JsonHttpResponseCodec.reconstructValue(JsonHttpResponseCodec.java:40)
at org.openqa.selenium.remote.http.AbstractHttpResponseCodec.decode(AbstractHttpResponseCodec.java:80)
at org.openqa.selenium.remote.http.AbstractHttpResponseCodec.decode(AbstractHttpResponseCodec.java:44)
at org.openqa.selenium.remote.HttpCommandExecutor.execute(HttpCommandExecutor.java:158)
at org.openqa.selenium.remote.service.DriverCommandExecutor.execute(DriverCommandExecutor.java:83)
at org.openqa.selenium.remote.RemoteWebDriver.execute(RemoteWebDriver.java:548)
at org.openqa.selenium.remote.RemoteWebElement.execute(RemoteWebElement.java:276)
at org.openqa.selenium.remote.RemoteWebElement.click(RemoteWebElement.java:83)
at com.travels.qa.utility.Testutility.MyAccountDropDown(Testutility.java:26)
at com.travels.qa.pages.HomePage.Signup(HomePage.java:144)
at com.travels.qa.testcases.TourInvoice_Testcase.payment_on_arrival_when_SignedUp(TourInvoice_Testcase.java:90)
at sun.reflect.NativeMethodAccessorImpl.invoke0(Native Method)
at sun.reflect.NativeMethodAccessorImpl.invoke(Unknown Source)
at sun.reflect.DelegatingMethodAccessorImpl.invoke(Unknown Source)
at java.lang.reflect.Method.invoke(Unknown Source)
at org.testng.internal.MethodInvocationHelper.invokeMethod(MethodInvocationHelper.java:124)
at org.testng.internal.Invoker.invokeMethod(Invoker.java:583)
at org.testng.internal.Invoker.invokeTestMethod(Invoker.java:719)
at org.testng.internal.Invoker.invokeTestMethods(Invoker.java:989)
at org.testng.internal.TestMethodWorker.invokeTestMethods(TestMethodWorker.java:125)
at org.testng.internal.TestMethodWorker.run(TestMethodWorker.java:109)
at org.testng.TestRunner.privateRun(TestRunner.java:648)
at org.testng.TestRunner.run(TestRunner.java:505)
at org.testng.SuiteRunner.runTest(SuiteRunner.java:455)
at org.testng.SuiteRunner.runSequentially(SuiteRunner.java:450)
at org.testng.SuiteRunner.privateRun(SuiteRunner.java:415)
at org.testng.SuiteRunner.run(SuiteRunner.java:364)
at org.testng.SuiteRunnerWorker.runSuite(SuiteRunnerWorker.java:52)
at org.testng.SuiteRunnerWorker.run(SuiteRunnerWorker.java:84)
at org.testng.TestNG.runSuitesSequentially(TestNG.java:1208)
at org.testng.TestNG.runSuitesLocally(TestNG.java:1137)
at org.testng.TestNG.runSuites(TestNG.java:1049)
at org.testng.TestNG.run(TestNG.java:1017)
at org.testng.remote.AbstractRemoteTestNG.run(AbstractRemoteTestNG.java:114)
at org.testng.remote.RemoteTestNG.initAndRun(RemoteTestNG.java:251)
at org.testng.remote.RemoteTestNG.main(RemoteTestNG.java:77)
]]>
            </full-stacktrace>
          </exception> <!-- org.openqa.selenium.TimeoutException -->
          <reporter-output>
          </reporter-output>
        </test-method> <!-- payment_on_arrival_when_SignedUp -->
        <test-method status="PASS" signature="teardown()[pri:0, instance:com.travels.qa.testcases.TourInvoice_Testcase@1ed4004b]" name="teardown" is-config="true" duration-ms="1115" started-at="2018-11-29T07:48:58Z" finished-at="2018-11-29T07:48:59Z">
          <reporter-output>
          </reporter-output>
        </test-method> <!-- teardown -->
        <test-method status="PASS" signature="getResult(org.testng.ITestResult)[pri:0, instance:com.travels.qa.testcases.TourInvoice_Testcase@1ed4004b]" name="getResult" is-config="true" duration-ms="1" started-at="2018-11-29T07:48:59Z" finished-at="2018-11-29T07:48:59Z">
          <params>
            <param index="0">
              <value>
                <![CDATA[[TestResult name=payment_on_arrival_when_SignedUp status=FAILURE method=TourInvoice_Testcase.payment_on_arrival_when_SignedUp()[pri:0, instance:com.travels.qa.testcases.TourInvoice_Testcase@1ed4004b] output={null}]]]>
              </value>
            </param>
          </params>
          <reporter-output>
          </reporter-output>
        </test-method> <!-- getResult -->
      </class> <!-- com.travels.qa.testcases.TourInvoice_Testcase -->
    </test> <!-- Aditya Test -->
  </suite> <!-- Aditya Automation -->
</testng-results>
