<?xml version="1.0" encoding="UTF-8"?>
<!-- Generated by org.testng.reporters.JUnitReportReporter -->
<testsuite skipped="2" hostname="GIND04LX6R5G5Q2" name="com.travels.qa.testcases.HomePage_Testcase" tests="24" failures="0" timestamp="29 Nov 2018 07:49:01 GMT" time="367.397" errors="1">
  <testcase name="Booking_Visa_for_User" time="18.790" classname="com.travels.qa.testcases.HomePage_Testcase"/>
  <testcase name="Clicking_the_BlogButton_Navigates_to_Blog_Page" time="16.566" classname="com.travels.qa.testcases.HomePage_Testcase"/>
  <testcase name="Checking_the_Text_Of_the_Offersbutton" time="14.594" classname="com.travels.qa.testcases.HomePage_Testcase"/>
  <testcase name="Checking_Presence_Of_PhoneNumber" time="13.654" classname="com.travels.qa.testcases.HomePage_Testcase"/>
  <testcase name="Checking_the_Text_Of_the_Homebutton" time="14.365" classname="com.travels.qa.testcases.HomePage_Testcase"/>
  <testcase name="Cars_placard_handling" time="17.652" classname="com.travels.qa.testcases.HomePage_Testcase"/>
  <testcase name="Checking_Presence_Of_Logo" time="13.875" classname="com.travels.qa.testcases.HomePage_Testcase"/>
  <testcase name="offer_placards_handling" time="11.799" classname="com.travels.qa.testcases.HomePage_Testcase">
    <skipped/>
  </testcase> <!-- offer_placards_handling -->
  <testcase name="Tour_placard_handling" time="20.600" classname="com.travels.qa.testcases.HomePage_Testcase"/>
  <testcase name="Text_Of_The_DropDown" time="14.965" classname="com.travels.qa.testcases.HomePage_Testcase"/>
  <testcase name="Checking_Presence_Of_Language_In_The_List" time="14.244" classname="com.travels.qa.testcases.HomePage_Testcase"/>
  <testcase name="setup" time="39.644" classname="com.travels.qa.testcases.HomePage_Testcase">
    <error type="org.openqa.selenium.TimeoutException" message="timeout
  (Session info: chrome=69.0.3497.92)
  (Driver info: chromedriver=2.41.578737 (49da6702b16031c40d63e5618de03a32ff6c197e),platform=Windows NT 10.0.15063 x86_64) (WARNING: The server did not provide any stacktrace information)
Command duration or timeout: 0 milliseconds
Build info: version: &#039;3.13.0&#039;, revision: &#039;2f0d292&#039;, time: &#039;2018-06-25T15:24:21.231Z&#039;
System info: host: &#039;GIND04LX6R5G5Q2&#039;, ip: &#039;10.242.76.77&#039;, os.name: &#039;Windows 10&#039;, os.arch: &#039;amd64&#039;, os.version: &#039;10.0&#039;, java.version: &#039;1.8.0_181&#039;
Driver info: org.openqa.selenium.chrome.ChromeDriver
Capabilities {acceptInsecureCerts: false, acceptSslCerts: false, applicationCacheEnabled: false, browserConnectionEnabled: false, browserName: chrome, chrome: {chromedriverVersion: 2.41.578737 (49da6702b16031..., userDataDir: C:\Users\10263638\AppData\L...}, cssSelectorsEnabled: true, databaseEnabled: false, goog:chromeOptions: {debuggerAddress: localhost:49421}, handlesAlerts: true, hasTouchScreen: false, javascriptEnabled: true, locationContextEnabled: true, mobileEmulationEnabled: false, nativeEvents: true, networkConnectionEnabled: false, pageLoadStrategy: normal, platform: XP, platformName: XP, rotatable: false, setWindowRect: true, takesHeapSnapshot: true, takesScreenshot: true, unexpectedAlertBehaviour: , unhandledPromptBehavior: , version: 69.0.3497.92, webStorageEnabled: true}
Session ID: e9451c0e6c1840ae98952d334871f556">
      <![CDATA[org.openqa.selenium.TimeoutException: timeout
  (Session info: chrome=69.0.3497.92)
  (Driver info: chromedriver=2.41.578737 (49da6702b16031c40d63e5618de03a32ff6c197e),platform=Windows NT 10.0.15063 x86_64) (WARNING: The server did not provide any stacktrace information)
Command duration or timeout: 0 milliseconds
Build info: version: '3.13.0', revision: '2f0d292', time: '2018-06-25T15:24:21.231Z'
System info: host: 'GIND04LX6R5G5Q2', ip: '10.242.76.77', os.name: 'Windows 10', os.arch: 'amd64', os.version: '10.0', java.version: '1.8.0_181'
Driver info: org.openqa.selenium.chrome.ChromeDriver
Capabilities {acceptInsecureCerts: false, acceptSslCerts: false, applicationCacheEnabled: false, browserConnectionEnabled: false, browserName: chrome, chrome: {chromedriverVersion: 2.41.578737 (49da6702b16031..., userDataDir: C:\Users\10263638\AppData\L...}, cssSelectorsEnabled: true, databaseEnabled: false, goog:chromeOptions: {debuggerAddress: localhost:49421}, handlesAlerts: true, hasTouchScreen: false, javascriptEnabled: true, locationContextEnabled: true, mobileEmulationEnabled: false, nativeEvents: true, networkConnectionEnabled: false, pageLoadStrategy: normal, platform: XP, platformName: XP, rotatable: false, setWindowRect: true, takesHeapSnapshot: true, takesScreenshot: true, unexpectedAlertBehaviour: , unhandledPromptBehavior: , version: 69.0.3497.92, webStorageEnabled: true}
Session ID: e9451c0e6c1840ae98952d334871f556
at sun.reflect.NativeConstructorAccessorImpl.newInstance0(Native Method)
at sun.reflect.NativeConstructorAccessorImpl.newInstance(Unknown Source)
at sun.reflect.DelegatingConstructorAccessorImpl.newInstance(Unknown Source)
at java.lang.reflect.Constructor.newInstance(Unknown Source)
at org.openqa.selenium.remote.ErrorHandler.createThrowable(ErrorHandler.java:214)
at org.openqa.selenium.remote.ErrorHandler.throwIfResponseFailed(ErrorHandler.java:166)
at org.openqa.selenium.remote.http.JsonHttpResponseCodec.reconstructValue(JsonHttpResponseCodec.java:40)
at org.openqa.selenium.remote.http.AbstractHttpResponseCodec.decode(AbstractHttpResponseCodec.java:80)
at org.openqa.selenium.remote.http.AbstractHttpResponseCodec.decode(AbstractHttpResponseCodec.java:44)
at org.openqa.selenium.remote.HttpCommandExecutor.execute(HttpCommandExecutor.java:158)
at org.openqa.selenium.remote.service.DriverCommandExecutor.execute(DriverCommandExecutor.java:83)
at org.openqa.selenium.remote.RemoteWebDriver.execute(RemoteWebDriver.java:548)
at org.openqa.selenium.remote.RemoteWebDriver.get(RemoteWebDriver.java:276)
at com.travels.qa.base.TestBase.initialization(TestBase.java:92)
at com.travels.qa.testcases.HomePage_Testcase.setup(HomePage_Testcase.java:34)
at sun.reflect.GeneratedMethodAccessor5.invoke(Unknown Source)
at sun.reflect.DelegatingMethodAccessorImpl.invoke(Unknown Source)
at java.lang.reflect.Method.invoke(Unknown Source)
at org.testng.internal.MethodInvocationHelper.invokeMethod(MethodInvocationHelper.java:124)
at org.testng.internal.MethodInvocationHelper.invokeMethodConsideringTimeout(MethodInvocationHelper.java:59)
at org.testng.internal.Invoker.invokeConfigurationMethod(Invoker.java:458)
at org.testng.internal.Invoker.invokeConfigurations(Invoker.java:222)
at org.testng.internal.Invoker.invokeMethod(Invoker.java:523)
at org.testng.internal.Invoker.invokeTestMethod(Invoker.java:719)
at org.testng.internal.Invoker.invokeTestMethods(Invoker.java:989)
at org.testng.internal.TestMethodWorker.invokeTestMethods(TestMethodWorker.java:125)
at org.testng.internal.TestMethodWorker.run(TestMethodWorker.java:109)
at org.testng.TestRunner.privateRun(TestRunner.java:648)
at org.testng.TestRunner.run(TestRunner.java:505)
at org.testng.SuiteRunner.runTest(SuiteRunner.java:455)
at org.testng.SuiteRunner.runSequentially(SuiteRunner.java:450)
at org.testng.SuiteRunner.privateRun(SuiteRunner.java:415)
at org.testng.SuiteRunner.run(SuiteRunner.java:364)
at org.testng.SuiteRunnerWorker.runSuite(SuiteRunnerWorker.java:52)
at org.testng.SuiteRunnerWorker.run(SuiteRunnerWorker.java:84)
at org.testng.TestNG.runSuitesSequentially(TestNG.java:1208)
at org.testng.TestNG.runSuitesLocally(TestNG.java:1137)
at org.testng.TestNG.runSuites(TestNG.java:1049)
at org.testng.TestNG.run(TestNG.java:1017)
at org.testng.remote.AbstractRemoteTestNG.run(AbstractRemoteTestNG.java:114)
at org.testng.remote.RemoteTestNG.initAndRun(RemoteTestNG.java:251)
at org.testng.remote.RemoteTestNG.main(RemoteTestNG.java:77)
]]>
    </error>
  </testcase> <!-- setup -->
  <testcase name="Checking_HomeButton_Click_Helps_To_Land_On_HomeScreen" time="17.535" classname="com.travels.qa.testcases.HomePage_Testcase"/>
  <testcase name="Checking_Logo_Click_Helps_To_Land_On_HomeScreen" time="22.541" classname="com.travels.qa.testcases.HomePage_Testcase"/>
  <testcase name="Booking_Tour_for_User" time="16.824" classname="com.travels.qa.testcases.HomePage_Testcase"/>
  <testcase name="Checking_Presence_Of_Currency_In_The_List" time="14.884" classname="com.travels.qa.testcases.HomePage_Testcase"/>
  <testcase name="Checking_Presence_Of_Email_Address" time="14.591" classname="com.travels.qa.testcases.HomePage_Testcase"/>
  <testcase name="Clicking_the_OffersButton_Navigates_to_Offers_Page" time="16.882" classname="com.travels.qa.testcases.HomePage_Testcase"/>
  <testcase name="Booking_Hotels_for_User" time="18.430" classname="com.travels.qa.testcases.HomePage_Testcase"/>
  <testcase name="Booking_Cars_for_User" time="16.747" classname="com.travels.qa.testcases.HomePage_Testcase"/>
  <testcase name="Success_Upon_Clicking_Login_Link" time="16.641" classname="com.travels.qa.testcases.HomePage_Testcase"/>
  <testcase name="hotels_placard_handling" time="0.000" classname="com.travels.qa.testcases.HomePage_Testcase">
    <skipped/>
  </testcase> <!-- hotels_placard_handling -->
  <testcase name="Success_Upon_Clicking_Signup_Link" time="1.426" classname="com.travels.qa.testcases.HomePage_Testcase"/>
  <testcase name="Checking_the_Text_Of_the_Blogbutton" time="0.148" classname="com.travels.qa.testcases.HomePage_Testcase"/>
</testsuite> <!-- com.travels.qa.testcases.HomePage_Testcase -->
