<?xml version="1.0" encoding="UTF-8"?>
<!-- Generated by org.testng.reporters.JUnitXMLReporter -->
<testsuite hostname="GIND04LX6R5G5Q2" ignored="34" name="Aditya Test" tests="92" failures="3" timestamp="29 Nov 2018 07:48:59 GMT" time="2096.316" errors="0">
  <testcase name="@BeforeMethod setup" time="23.849" classname="com.travels.qa.testcases.HomePage_Testcase">
    <failure type="org.openqa.selenium.TimeoutException" message="timeout
  (Session info: chrome=69.0.3497.92)
  (Driver info: chromedriver=2.41.578737 (49da6702b16031c40d63e5618de03a32ff6c197e),platform=Windows NT 10.0.15063 x86_64) (WARNING: The server did not provide any stacktrace information)
Command duration or timeout: 0 milliseconds
Build info: version: &amp;apos;3.13.0&amp;apos;, revision: &amp;apos;2f0d292&amp;apos;, time: &amp;apos;2018-06-25T15:24:21.231Z&amp;apos;
System info: host: &amp;apos;GIND04LX6R5G5Q2&amp;apos;, ip: &amp;apos;10.242.76.77&amp;apos;, os.name: &amp;apos;Windows 10&amp;apos;, os.arch: &amp;apos;amd64&amp;apos;, os.version: &amp;apos;10.0&amp;apos;, java.version: &amp;apos;1.8.0_181&amp;apos;
Driver info: org.openqa.selenium.chrome.ChromeDriver
Capabilities {acceptInsecureCerts: false, acceptSslCerts: false, applicationCacheEnabled: false, browserConnectionEnabled: false, browserName: chrome, chrome: {chromedriverVersion: 2.41.578737 (49da6702b16031..., userDataDir: C:\Users\10263638\AppData\L...}, cssSelectorsEnabled: true, databaseEnabled: false, goog:chromeOptions: {debuggerAddress: localhost:49421}, handlesAlerts: true, hasTouchScreen: false, javascriptEnabled: true, locationContextEnabled: true, mobileEmulationEnabled: false, nativeEvents: true, networkConnectionEnabled: false, pageLoadStrategy: normal, platform: XP, platformName: XP, rotatable: false, setWindowRect: true, takesHeapSnapshot: true, takesScreenshot: true, unexpectedAlertBehaviour: , unhandledPromptBehavior: , version: 69.0.3497.92, webStorageEnabled: true}
Session ID: e9451c0e6c1840ae98952d334871f556">
      <![CDATA[org.openqa.selenium.TimeoutException: timeout
  (Session info: chrome=69.0.3497.92)
  (Driver info: chromedriver=2.41.578737 (49da6702b16031c40d63e5618de03a32ff6c197e),platform=Windows NT 10.0.15063 x86_64) (WARNING: The server did not provide any stacktrace information)
Command duration or timeout: 0 milliseconds
Build info: version: '3.13.0', revision: '2f0d292', time: '2018-06-25T15:24:21.231Z'
System info: host: 'GIND04LX6R5G5Q2', ip: '10.242.76.77', os.name: 'Windows 10', os.arch: 'amd64', os.version: '10.0', java.version: '1.8.0_181'
Driver info: org.openqa.selenium.chrome.ChromeDriver
Capabilities {acceptInsecureCerts: false, acceptSslCerts: false, applicationCacheEnabled: false, browserConnectionEnabled: false, browserName: chrome, chrome: {chromedriverVersion: 2.41.578737 (49da6702b16031..., userDataDir: C:\Users\10263638\AppData\L...}, cssSelectorsEnabled: true, databaseEnabled: false, goog:chromeOptions: {debuggerAddress: localhost:49421}, handlesAlerts: true, hasTouchScreen: false, javascriptEnabled: true, locationContextEnabled: true, mobileEmulationEnabled: false, nativeEvents: true, networkConnectionEnabled: false, pageLoadStrategy: normal, platform: XP, platformName: XP, rotatable: false, setWindowRect: true, takesHeapSnapshot: true, takesScreenshot: true, unexpectedAlertBehaviour: , unhandledPromptBehavior: , version: 69.0.3497.92, webStorageEnabled: true}
Session ID: e9451c0e6c1840ae98952d334871f556
at org.openqa.selenium.remote.ErrorHandler.createThrowable(ErrorHandler.java:214)
at org.openqa.selenium.remote.ErrorHandler.throwIfResponseFailed(ErrorHandler.java:166)
at org.openqa.selenium.remote.http.JsonHttpResponseCodec.reconstructValue(JsonHttpResponseCodec.java:40)
at org.openqa.selenium.remote.http.AbstractHttpResponseCodec.decode(AbstractHttpResponseCodec.java:80)
at org.openqa.selenium.remote.http.AbstractHttpResponseCodec.decode(AbstractHttpResponseCodec.java:44)
at org.openqa.selenium.remote.HttpCommandExecutor.execute(HttpCommandExecutor.java:158)
at org.openqa.selenium.remote.service.DriverCommandExecutor.execute(DriverCommandExecutor.java:83)
at org.openqa.selenium.remote.RemoteWebDriver.execute(RemoteWebDriver.java:548)
at org.openqa.selenium.remote.RemoteWebDriver.get(RemoteWebDriver.java:276)
at com.travels.qa.base.TestBase.initialization(TestBase.java:92)
at com.travels.qa.testcases.HomePage_Testcase.setup(HomePage_Testcase.java:34)
... Removed 31 stack frames]]>
    </failure>
  </testcase> <!-- @BeforeMethod setup -->
  <testcase name="@AfterMethod teardown" time="0.0" classname="com.travels.qa.testcases.HomePage_Testcase">
    <skipped/>
  </testcase> <!-- @AfterMethod teardown -->
  <testcase name="@AfterMethod getResult" time="0.0" classname="com.travels.qa.base.TestBase">
    <skipped/>
  </testcase> <!-- @AfterMethod getResult -->
  <testcase name="@BeforeMethod setup" time="0.0" classname="com.travels.qa.testcases.HomePage_Testcase">
    <skipped/>
  </testcase> <!-- @BeforeMethod setup -->
  <testcase name="@AfterMethod teardown" time="0.0" classname="com.travels.qa.testcases.HomePage_Testcase">
    <skipped/>
  </testcase> <!-- @AfterMethod teardown -->
  <testcase name="@AfterMethod getResult" time="0.0" classname="com.travels.qa.base.TestBase">
    <skipped/>
  </testcase> <!-- @AfterMethod getResult -->
  <testcase name="@BeforeMethod setup" time="24.029" classname="com.travels.qa.testcases.Hotels_Testcase">
    <failure type="org.openqa.selenium.TimeoutException" message="timeout
  (Session info: chrome=69.0.3497.92)
  (Driver info: chromedriver=2.41.578737 (49da6702b16031c40d63e5618de03a32ff6c197e),platform=Windows NT 10.0.15063 x86_64) (WARNING: The server did not provide any stacktrace information)
Command duration or timeout: 0 milliseconds
Build info: version: &amp;apos;3.13.0&amp;apos;, revision: &amp;apos;2f0d292&amp;apos;, time: &amp;apos;2018-06-25T15:24:21.231Z&amp;apos;
System info: host: &amp;apos;GIND04LX6R5G5Q2&amp;apos;, ip: &amp;apos;10.242.76.77&amp;apos;, os.name: &amp;apos;Windows 10&amp;apos;, os.arch: &amp;apos;amd64&amp;apos;, os.version: &amp;apos;10.0&amp;apos;, java.version: &amp;apos;1.8.0_181&amp;apos;
Driver info: org.openqa.selenium.chrome.ChromeDriver
Capabilities {acceptInsecureCerts: false, acceptSslCerts: false, applicationCacheEnabled: false, browserConnectionEnabled: false, browserName: chrome, chrome: {chromedriverVersion: 2.41.578737 (49da6702b16031..., userDataDir: C:\Users\10263638\AppData\L...}, cssSelectorsEnabled: true, databaseEnabled: false, goog:chromeOptions: {debuggerAddress: localhost:51443}, handlesAlerts: true, hasTouchScreen: false, javascriptEnabled: true, locationContextEnabled: true, mobileEmulationEnabled: false, nativeEvents: true, networkConnectionEnabled: false, pageLoadStrategy: normal, platform: XP, platformName: XP, rotatable: false, setWindowRect: true, takesHeapSnapshot: true, takesScreenshot: true, unexpectedAlertBehaviour: , unhandledPromptBehavior: , version: 69.0.3497.92, webStorageEnabled: true}
Session ID: b0b098dd6b1751701559c2be6d2df903">
      <![CDATA[org.openqa.selenium.TimeoutException: timeout
  (Session info: chrome=69.0.3497.92)
  (Driver info: chromedriver=2.41.578737 (49da6702b16031c40d63e5618de03a32ff6c197e),platform=Windows NT 10.0.15063 x86_64) (WARNING: The server did not provide any stacktrace information)
Command duration or timeout: 0 milliseconds
Build info: version: '3.13.0', revision: '2f0d292', time: '2018-06-25T15:24:21.231Z'
System info: host: 'GIND04LX6R5G5Q2', ip: '10.242.76.77', os.name: 'Windows 10', os.arch: 'amd64', os.version: '10.0', java.version: '1.8.0_181'
Driver info: org.openqa.selenium.chrome.ChromeDriver
Capabilities {acceptInsecureCerts: false, acceptSslCerts: false, applicationCacheEnabled: false, browserConnectionEnabled: false, browserName: chrome, chrome: {chromedriverVersion: 2.41.578737 (49da6702b16031..., userDataDir: C:\Users\10263638\AppData\L...}, cssSelectorsEnabled: true, databaseEnabled: false, goog:chromeOptions: {debuggerAddress: localhost:51443}, handlesAlerts: true, hasTouchScreen: false, javascriptEnabled: true, locationContextEnabled: true, mobileEmulationEnabled: false, nativeEvents: true, networkConnectionEnabled: false, pageLoadStrategy: normal, platform: XP, platformName: XP, rotatable: false, setWindowRect: true, takesHeapSnapshot: true, takesScreenshot: true, unexpectedAlertBehaviour: , unhandledPromptBehavior: , version: 69.0.3497.92, webStorageEnabled: true}
Session ID: b0b098dd6b1751701559c2be6d2df903
at org.openqa.selenium.remote.ErrorHandler.createThrowable(ErrorHandler.java:214)
at org.openqa.selenium.remote.ErrorHandler.throwIfResponseFailed(ErrorHandler.java:166)
at org.openqa.selenium.remote.http.JsonHttpResponseCodec.reconstructValue(JsonHttpResponseCodec.java:40)
at org.openqa.selenium.remote.http.AbstractHttpResponseCodec.decode(AbstractHttpResponseCodec.java:80)
at org.openqa.selenium.remote.http.AbstractHttpResponseCodec.decode(AbstractHttpResponseCodec.java:44)
at org.openqa.selenium.remote.HttpCommandExecutor.execute(HttpCommandExecutor.java:158)
at org.openqa.selenium.remote.service.DriverCommandExecutor.execute(DriverCommandExecutor.java:83)
at org.openqa.selenium.remote.RemoteWebDriver.execute(RemoteWebDriver.java:548)
at org.openqa.selenium.remote.RemoteWebDriver.get(RemoteWebDriver.java:276)
at com.travels.qa.base.TestBase.initialization(TestBase.java:92)
at com.travels.qa.testcases.Hotels_Testcase.setup(Hotels_Testcase.java:31)
... Removed 32 stack frames]]>
    </failure>
  </testcase> <!-- @BeforeMethod setup -->
  <testcase name="@AfterMethod teardown" time="0.0" classname="com.travels.qa.testcases.Hotels_Testcase">
    <skipped/>
  </testcase> <!-- @AfterMethod teardown -->
  <testcase name="@AfterMethod getResult" time="0.0" classname="com.travels.qa.base.TestBase">
    <skipped/>
  </testcase> <!-- @AfterMethod getResult -->
  <testcase name="@BeforeMethod setup" time="23.913" classname="com.travels.qa.testcases.Tour_Testcase">
    <failure type="org.openqa.selenium.TimeoutException" message="timeout
  (Session info: chrome=69.0.3497.92)
  (Driver info: chromedriver=2.41.578737 (49da6702b16031c40d63e5618de03a32ff6c197e),platform=Windows NT 10.0.15063 x86_64) (WARNING: The server did not provide any stacktrace information)
Command duration or timeout: 0 milliseconds
Build info: version: &amp;apos;3.13.0&amp;apos;, revision: &amp;apos;2f0d292&amp;apos;, time: &amp;apos;2018-06-25T15:24:21.231Z&amp;apos;
System info: host: &amp;apos;GIND04LX6R5G5Q2&amp;apos;, ip: &amp;apos;10.242.76.77&amp;apos;, os.name: &amp;apos;Windows 10&amp;apos;, os.arch: &amp;apos;amd64&amp;apos;, os.version: &amp;apos;10.0&amp;apos;, java.version: &amp;apos;1.8.0_181&amp;apos;
Driver info: org.openqa.selenium.chrome.ChromeDriver
Capabilities {acceptInsecureCerts: false, acceptSslCerts: false, applicationCacheEnabled: false, browserConnectionEnabled: false, browserName: chrome, chrome: {chromedriverVersion: 2.41.578737 (49da6702b16031..., userDataDir: C:\Users\10263638\AppData\L...}, cssSelectorsEnabled: true, databaseEnabled: false, goog:chromeOptions: {debuggerAddress: localhost:52993}, handlesAlerts: true, hasTouchScreen: false, javascriptEnabled: true, locationContextEnabled: true, mobileEmulationEnabled: false, nativeEvents: true, networkConnectionEnabled: false, pageLoadStrategy: normal, platform: XP, platformName: XP, rotatable: false, setWindowRect: true, takesHeapSnapshot: true, takesScreenshot: true, unexpectedAlertBehaviour: , unhandledPromptBehavior: , version: 69.0.3497.92, webStorageEnabled: true}
Session ID: 4930107c2a8b8df8dd4c37fc15f781cc">
      <![CDATA[org.openqa.selenium.TimeoutException: timeout
  (Session info: chrome=69.0.3497.92)
  (Driver info: chromedriver=2.41.578737 (49da6702b16031c40d63e5618de03a32ff6c197e),platform=Windows NT 10.0.15063 x86_64) (WARNING: The server did not provide any stacktrace information)
Command duration or timeout: 0 milliseconds
Build info: version: '3.13.0', revision: '2f0d292', time: '2018-06-25T15:24:21.231Z'
System info: host: 'GIND04LX6R5G5Q2', ip: '10.242.76.77', os.name: 'Windows 10', os.arch: 'amd64', os.version: '10.0', java.version: '1.8.0_181'
Driver info: org.openqa.selenium.chrome.ChromeDriver
Capabilities {acceptInsecureCerts: false, acceptSslCerts: false, applicationCacheEnabled: false, browserConnectionEnabled: false, browserName: chrome, chrome: {chromedriverVersion: 2.41.578737 (49da6702b16031..., userDataDir: C:\Users\10263638\AppData\L...}, cssSelectorsEnabled: true, databaseEnabled: false, goog:chromeOptions: {debuggerAddress: localhost:52993}, handlesAlerts: true, hasTouchScreen: false, javascriptEnabled: true, locationContextEnabled: true, mobileEmulationEnabled: false, nativeEvents: true, networkConnectionEnabled: false, pageLoadStrategy: normal, platform: XP, platformName: XP, rotatable: false, setWindowRect: true, takesHeapSnapshot: true, takesScreenshot: true, unexpectedAlertBehaviour: , unhandledPromptBehavior: , version: 69.0.3497.92, webStorageEnabled: true}
Session ID: 4930107c2a8b8df8dd4c37fc15f781cc
at org.openqa.selenium.remote.ErrorHandler.createThrowable(ErrorHandler.java:214)
at org.openqa.selenium.remote.ErrorHandler.throwIfResponseFailed(ErrorHandler.java:166)
at org.openqa.selenium.remote.http.JsonHttpResponseCodec.reconstructValue(JsonHttpResponseCodec.java:40)
at org.openqa.selenium.remote.http.AbstractHttpResponseCodec.decode(AbstractHttpResponseCodec.java:80)
at org.openqa.selenium.remote.http.AbstractHttpResponseCodec.decode(AbstractHttpResponseCodec.java:44)
at org.openqa.selenium.remote.HttpCommandExecutor.execute(HttpCommandExecutor.java:158)
at org.openqa.selenium.remote.service.DriverCommandExecutor.execute(DriverCommandExecutor.java:83)
at org.openqa.selenium.remote.RemoteWebDriver.execute(RemoteWebDriver.java:548)
at org.openqa.selenium.remote.RemoteWebDriver.get(RemoteWebDriver.java:276)
at com.travels.qa.base.TestBase.initialization(TestBase.java:92)
at com.travels.qa.testcases.Tour_Testcase.setup(Tour_Testcase.java:29)
... Removed 32 stack frames]]>
    </failure>
  </testcase> <!-- @BeforeMethod setup -->
  <testcase name="@AfterMethod teardown" time="0.0" classname="com.travels.qa.testcases.Tour_Testcase">
    <skipped/>
  </testcase> <!-- @AfterMethod teardown -->
  <testcase name="@AfterMethod getResult" time="0.0" classname="com.travels.qa.base.TestBase">
    <skipped/>
  </testcase> <!-- @AfterMethod getResult -->
  <testcase name="@BeforeMethod setup" time="0.0" classname="com.travels.qa.testcases.Tour_Testcase">
    <skipped/>
  </testcase> <!-- @BeforeMethod setup -->
  <testcase name="@AfterMethod teardown" time="0.0" classname="com.travels.qa.testcases.Tour_Testcase">
    <skipped/>
  </testcase> <!-- @AfterMethod teardown -->
  <testcase name="@AfterMethod getResult" time="0.0" classname="com.travels.qa.base.TestBase">
    <skipped/>
  </testcase> <!-- @AfterMethod getResult -->
  <testcase name="Details_Entry_Of_Users_Profile" time="7.468" classname="com.travels.qa.testcases.Account_Testcase"/>
  <testcase name="Logo_Click_Navigates_to_Homescreen" time="6.063" classname="com.travels.qa.testcases.Account_Testcase"/>
  <testcase name="Content_on_the_page" time="39.094" classname="com.travels.qa.testcases.Blog_Testcase"/>
  <testcase name="Content_through_searchbar" time="4.019" classname="com.travels.qa.testcases.Blog_Testcase"/>
  <testcase name="No_Content_through_searchbar" time="3.112" classname="com.travels.qa.testcases.Blog_Testcase"/>
  <testcase name="Side_menu_of_blog" time="7.491" classname="com.travels.qa.testcases.Blog_Testcase"/>
  <testcase name="Cars_Checkbox_Filter" time="5.447" classname="com.travels.qa.testcases.Cars_Testcase"/>
  <testcase name="Cars_Filter" time="5.092" classname="com.travels.qa.testcases.Cars_Testcase"/>
  <testcase name="Navigating_to_Cars_booking" time="12.014" classname="com.travels.qa.testcases.Cars_Testcase"/>
  <testcase name="booking_car" time="12.672" classname="com.travels.qa.testcases.CarsBooking_Testcase"/>
  <testcase name="book_with_invalid_user" time="14.491" classname="com.travels.qa.testcases.CarsConfirmation_Testcase"/>
  <testcase name="booking_as_a_guest" time="24.29" classname="com.travels.qa.testcases.CarsConfirmation_Testcase">
    <failure type="org.openqa.selenium.TimeoutException" message="timeout
  (Session info: chrome=69.0.3497.92)
  (Driver info: chromedriver=2.41.578737 (49da6702b16031c40d63e5618de03a32ff6c197e),platform=Windows NT 10.0.15063 x86_64) (WARNING: The server did not provide any stacktrace information)
Command duration or timeout: 0 milliseconds
Build info: version: &amp;apos;3.13.0&amp;apos;, revision: &amp;apos;2f0d292&amp;apos;, time: &amp;apos;2018-06-25T15:24:21.231Z&amp;apos;
System info: host: &amp;apos;GIND04LX6R5G5Q2&amp;apos;, ip: &amp;apos;10.242.76.77&amp;apos;, os.name: &amp;apos;Windows 10&amp;apos;, os.arch: &amp;apos;amd64&amp;apos;, os.version: &amp;apos;10.0&amp;apos;, java.version: &amp;apos;1.8.0_181&amp;apos;
Driver info: org.openqa.selenium.chrome.ChromeDriver
Capabilities {acceptInsecureCerts: false, acceptSslCerts: false, applicationCacheEnabled: false, browserConnectionEnabled: false, browserName: chrome, chrome: {chromedriverVersion: 2.41.578737 (49da6702b16031..., userDataDir: C:\Users\10263638\AppData\L...}, cssSelectorsEnabled: true, databaseEnabled: false, goog:chromeOptions: {debuggerAddress: localhost:63808}, handlesAlerts: true, hasTouchScreen: false, javascriptEnabled: true, locationContextEnabled: true, mobileEmulationEnabled: false, nativeEvents: true, networkConnectionEnabled: false, pageLoadStrategy: normal, platform: XP, platformName: XP, rotatable: false, setWindowRect: true, takesHeapSnapshot: true, takesScreenshot: true, unexpectedAlertBehaviour: , unhandledPromptBehavior: , version: 69.0.3497.92, webStorageEnabled: true}
Session ID: 1d8db394ff6763e4355982c9300ff60e">
      <![CDATA[org.openqa.selenium.TimeoutException: timeout
  (Session info: chrome=69.0.3497.92)
  (Driver info: chromedriver=2.41.578737 (49da6702b16031c40d63e5618de03a32ff6c197e),platform=Windows NT 10.0.15063 x86_64) (WARNING: The server did not provide any stacktrace information)
Command duration or timeout: 0 milliseconds
Build info: version: '3.13.0', revision: '2f0d292', time: '2018-06-25T15:24:21.231Z'
System info: host: 'GIND04LX6R5G5Q2', ip: '10.242.76.77', os.name: 'Windows 10', os.arch: 'amd64', os.version: '10.0', java.version: '1.8.0_181'
Driver info: org.openqa.selenium.chrome.ChromeDriver
Capabilities {acceptInsecureCerts: false, acceptSslCerts: false, applicationCacheEnabled: false, browserConnectionEnabled: false, browserName: chrome, chrome: {chromedriverVersion: 2.41.578737 (49da6702b16031..., userDataDir: C:\Users\10263638\AppData\L...}, cssSelectorsEnabled: true, databaseEnabled: false, goog:chromeOptions: {debuggerAddress: localhost:63808}, handlesAlerts: true, hasTouchScreen: false, javascriptEnabled: true, locationContextEnabled: true, mobileEmulationEnabled: false, nativeEvents: true, networkConnectionEnabled: false, pageLoadStrategy: normal, platform: XP, platformName: XP, rotatable: false, setWindowRect: true, takesHeapSnapshot: true, takesScreenshot: true, unexpectedAlertBehaviour: , unhandledPromptBehavior: , version: 69.0.3497.92, webStorageEnabled: true}
Session ID: 1d8db394ff6763e4355982c9300ff60e
at org.openqa.selenium.remote.ErrorHandler.createThrowable(ErrorHandler.java:214)
at org.openqa.selenium.remote.ErrorHandler.throwIfResponseFailed(ErrorHandler.java:166)
at org.openqa.selenium.remote.http.JsonHttpResponseCodec.reconstructValue(JsonHttpResponseCodec.java:40)
at org.openqa.selenium.remote.http.AbstractHttpResponseCodec.decode(AbstractHttpResponseCodec.java:80)
at org.openqa.selenium.remote.http.AbstractHttpResponseCodec.decode(AbstractHttpResponseCodec.java:44)
at org.openqa.selenium.remote.HttpCommandExecutor.execute(HttpCommandExecutor.java:158)
at org.openqa.selenium.remote.service.DriverCommandExecutor.execute(DriverCommandExecutor.java:83)
at org.openqa.selenium.remote.RemoteWebDriver.execute(RemoteWebDriver.java:548)
at org.openqa.selenium.remote.RemoteWebElement.execute(RemoteWebElement.java:276)
at org.openqa.selenium.remote.RemoteWebElement.click(RemoteWebElement.java:83)
at org.openqa.selenium.support.pagefactory.internal.LocatingElementHandler.invoke(LocatingElementHandler.java:51)
at com.sun.proxy.$Proxy11.click(Unknown Source)
at com.travels.qa.pages.CarsPage.Cars_Booking(CarsPage.java:36)
at com.travels.qa.testcases.CarsConfirmation_Testcase.booking_as_a_guest(CarsConfirmation_Testcase.java:47)
... Removed 32 stack frames]]>
    </failure>
  </testcase> <!-- booking_as_a_guest -->
  <testcase name="make_a_note_while_ordering" time="20.879" classname="com.travels.qa.testcases.CarsConfirmation_Testcase"/>
  <testcase name="Invoice_Visibility" time="19.214" classname="com.travels.qa.testcases.CarsInvoice_Testcase"/>
  <testcase name="payement_on_arrival" time="26.665" classname="com.travels.qa.testcases.CarsInvoice_Testcase"/>
  <testcase name="payment_Now" time="36.648" classname="com.travels.qa.testcases.CarsInvoice_Testcase"/>
  <testcase name="payment_on_arrival_when_SignedUp" time="24.759" classname="com.travels.qa.testcases.CarsInvoice_Testcase"/>
  <testcase name="Booking_Cars_for_User" time="3.059" classname="com.travels.qa.testcases.HomePage_Testcase"/>
  <testcase name="Booking_Hotels_for_User" time="3.479" classname="com.travels.qa.testcases.HomePage_Testcase"/>
  <testcase name="Booking_Tour_for_User" time="3.027" classname="com.travels.qa.testcases.HomePage_Testcase"/>
  <testcase name="Booking_Visa_for_User" time="5.049" classname="com.travels.qa.testcases.HomePage_Testcase"/>
  <testcase name="Cars_placard_handling" time="5.649" classname="com.travels.qa.testcases.HomePage_Testcase"/>
  <testcase name="Checking_HomeButton_Click_Helps_To_Land_On_HomeScreen" time="2.483" classname="com.travels.qa.testcases.HomePage_Testcase"/>
  <testcase name="Checking_Logo_Click_Helps_To_Land_On_HomeScreen" time="4.115" classname="com.travels.qa.testcases.HomePage_Testcase"/>
  <testcase name="Checking_Presence_Of_Currency_In_The_List" time="1.063" classname="com.travels.qa.testcases.HomePage_Testcase"/>
  <testcase name="Checking_Presence_Of_Email_Address" time="0.134" classname="com.travels.qa.testcases.HomePage_Testcase"/>
  <testcase name="Checking_Presence_Of_Language_In_The_List" time="0.845" classname="com.travels.qa.testcases.HomePage_Testcase"/>
  <testcase name="Checking_Presence_Of_Logo" time="0.088" classname="com.travels.qa.testcases.HomePage_Testcase"/>
  <testcase name="Checking_Presence_Of_PhoneNumber" time="0.117" classname="com.travels.qa.testcases.HomePage_Testcase"/>
  <testcase name="Checking_the_Text_Of_the_Blogbutton" time="0.148" classname="com.travels.qa.testcases.HomePage_Testcase"/>
  <testcase name="Checking_the_Text_Of_the_Homebutton" time="0.118" classname="com.travels.qa.testcases.HomePage_Testcase"/>
  <testcase name="Checking_the_Text_Of_the_Offersbutton" time="0.124" classname="com.travels.qa.testcases.HomePage_Testcase"/>
  <testcase name="Clicking_the_BlogButton_Navigates_to_Blog_Page" time="2.266" classname="com.travels.qa.testcases.HomePage_Testcase"/>
  <testcase name="Clicking_the_OffersButton_Navigates_to_Offers_Page" time="2.033" classname="com.travels.qa.testcases.HomePage_Testcase"/>
  <testcase name="Success_Upon_Clicking_Login_Link" time="1.32" classname="com.travels.qa.testcases.HomePage_Testcase"/>
  <testcase name="Success_Upon_Clicking_Signup_Link" time="1.426" classname="com.travels.qa.testcases.HomePage_Testcase"/>
  <testcase name="Text_Of_The_DropDown" time="0.119" classname="com.travels.qa.testcases.HomePage_Testcase"/>
  <testcase name="Tour_placard_handling" time="6.731" classname="com.travels.qa.testcases.HomePage_Testcase"/>
  <testcase name="hotels_placard_handling" time="0.0" classname="com.travels.qa.testcases.HomePage_Testcase">
    <skipped/>
  </testcase> <!-- hotels_placard_handling -->
  <testcase name="offer_placards_handling" time="0.0" classname="com.travels.qa.testcases.HomePage_Testcase">
    <skipped/>
  </testcase> <!-- offer_placards_handling -->
  <testcase name="Booking_Modification" time="30.509" classname="com.travels.qa.testcases.HotelBooking_Testcase">
    <failure type="org.openqa.selenium.TimeoutException" message="timeout
  (Session info: chrome=69.0.3497.92)
  (Driver info: chromedriver=2.41.578737 (49da6702b16031c40d63e5618de03a32ff6c197e),platform=Windows NT 10.0.15063 x86_64) (WARNING: The server did not provide any stacktrace information)
Command duration or timeout: 0 milliseconds
Build info: version: &amp;apos;3.13.0&amp;apos;, revision: &amp;apos;2f0d292&amp;apos;, time: &amp;apos;2018-06-25T15:24:21.231Z&amp;apos;
System info: host: &amp;apos;GIND04LX6R5G5Q2&amp;apos;, ip: &amp;apos;10.242.76.77&amp;apos;, os.name: &amp;apos;Windows 10&amp;apos;, os.arch: &amp;apos;amd64&amp;apos;, os.version: &amp;apos;10.0&amp;apos;, java.version: &amp;apos;1.8.0_181&amp;apos;
Driver info: org.openqa.selenium.chrome.ChromeDriver
Capabilities {acceptInsecureCerts: false, acceptSslCerts: false, applicationCacheEnabled: false, browserConnectionEnabled: false, browserName: chrome, chrome: {chromedriverVersion: 2.41.578737 (49da6702b16031..., userDataDir: C:\Users\10263638\AppData\L...}, cssSelectorsEnabled: true, databaseEnabled: false, goog:chromeOptions: {debuggerAddress: localhost:49493}, handlesAlerts: true, hasTouchScreen: false, javascriptEnabled: true, locationContextEnabled: true, mobileEmulationEnabled: false, nativeEvents: true, networkConnectionEnabled: false, pageLoadStrategy: normal, platform: XP, platformName: XP, rotatable: false, setWindowRect: true, takesHeapSnapshot: true, takesScreenshot: true, unexpectedAlertBehaviour: , unhandledPromptBehavior: , version: 69.0.3497.92, webStorageEnabled: true}
Session ID: 4e72e5299ea23ff69d3b3832a2d1c123">
      <![CDATA[org.openqa.selenium.TimeoutException: timeout
  (Session info: chrome=69.0.3497.92)
  (Driver info: chromedriver=2.41.578737 (49da6702b16031c40d63e5618de03a32ff6c197e),platform=Windows NT 10.0.15063 x86_64) (WARNING: The server did not provide any stacktrace information)
Command duration or timeout: 0 milliseconds
Build info: version: '3.13.0', revision: '2f0d292', time: '2018-06-25T15:24:21.231Z'
System info: host: 'GIND04LX6R5G5Q2', ip: '10.242.76.77', os.name: 'Windows 10', os.arch: 'amd64', os.version: '10.0', java.version: '1.8.0_181'
Driver info: org.openqa.selenium.chrome.ChromeDriver
Capabilities {acceptInsecureCerts: false, acceptSslCerts: false, applicationCacheEnabled: false, browserConnectionEnabled: false, browserName: chrome, chrome: {chromedriverVersion: 2.41.578737 (49da6702b16031..., userDataDir: C:\Users\10263638\AppData\L...}, cssSelectorsEnabled: true, databaseEnabled: false, goog:chromeOptions: {debuggerAddress: localhost:49493}, handlesAlerts: true, hasTouchScreen: false, javascriptEnabled: true, locationContextEnabled: true, mobileEmulationEnabled: false, nativeEvents: true, networkConnectionEnabled: false, pageLoadStrategy: normal, platform: XP, platformName: XP, rotatable: false, setWindowRect: true, takesHeapSnapshot: true, takesScreenshot: true, unexpectedAlertBehaviour: , unhandledPromptBehavior: , version: 69.0.3497.92, webStorageEnabled: true}
Session ID: 4e72e5299ea23ff69d3b3832a2d1c123
at org.openqa.selenium.remote.ErrorHandler.createThrowable(ErrorHandler.java:214)
at org.openqa.selenium.remote.ErrorHandler.throwIfResponseFailed(ErrorHandler.java:166)
at org.openqa.selenium.remote.http.JsonHttpResponseCodec.reconstructValue(JsonHttpResponseCodec.java:40)
at org.openqa.selenium.remote.http.AbstractHttpResponseCodec.decode(AbstractHttpResponseCodec.java:80)
at org.openqa.selenium.remote.http.AbstractHttpResponseCodec.decode(AbstractHttpResponseCodec.java:44)
at org.openqa.selenium.remote.HttpCommandExecutor.execute(HttpCommandExecutor.java:158)
at org.openqa.selenium.remote.service.DriverCommandExecutor.execute(DriverCommandExecutor.java:83)
at org.openqa.selenium.remote.RemoteWebDriver.execute(RemoteWebDriver.java:548)
at org.openqa.selenium.remote.RemoteWebElement.execute(RemoteWebElement.java:276)
at org.openqa.selenium.remote.RemoteWebElement.click(RemoteWebElement.java:83)
at org.openqa.selenium.support.pagefactory.internal.LocatingElementHandler.invoke(LocatingElementHandler.java:51)
at com.sun.proxy.$Proxy11.click(Unknown Source)
at com.travels.qa.pages.HotelBookingPage.Updating_Hotel_Confirmation(HotelBookingPage.java:105)
at com.travels.qa.testcases.HotelBooking_Testcase.Booking_Modification(HotelBooking_Testcase.java:46)
... Removed 32 stack frames]]>
    </failure>
  </testcase> <!-- Booking_Modification -->
  <testcase name="RoomAvailability_Details" time="13.4" classname="com.travels.qa.testcases.HotelBooking_Testcase"/>
  <testcase name="Room_Details" time="14.023" classname="com.travels.qa.testcases.HotelBooking_Testcase"/>
  <testcase name="Room_Selection" time="19.617" classname="com.travels.qa.testcases.HotelBooking_Testcase"/>
  <testcase name="Wishlisting_hotel" time="17.226" classname="com.travels.qa.testcases.HotelBooking_Testcase"/>
  <testcase name="Writing_Room_Review" time="14.946" classname="com.travels.qa.testcases.HotelBooking_Testcase"/>
  <testcase name="book_with_invalid_user" time="17.55" classname="com.travels.qa.testcases.HotelConfirmation_Testcase"/>
  <testcase name="booking_as_a_guest" time="19.7" classname="com.travels.qa.testcases.HotelConfirmation_Testcase"/>
  <testcase name="make_a_note_while_ordering" time="23.866" classname="com.travels.qa.testcases.HotelConfirmation_Testcase"/>
  <testcase name="Invoice_Visibility" time="20.343" classname="com.travels.qa.testcases.HotelInvoice_Testcase"/>
  <testcase name="payement_on_arrival" time="21.256" classname="com.travels.qa.testcases.HotelInvoice_Testcase"/>
  <testcase name="payment_Now" time="43.767" classname="com.travels.qa.testcases.HotelInvoice_Testcase"/>
  <testcase name="payment_on_arrival_when_SignedUp" time="27.183" classname="com.travels.qa.testcases.HotelInvoice_Testcase"/>
  <testcase name="Amenities_Checkbox_Filter" time="5.739" classname="com.travels.qa.testcases.Hotels_Testcase"/>
  <testcase name="Hotels_Filter" time="4.817" classname="com.travels.qa.testcases.Hotels_Testcase"/>
  <testcase name="Navigating_to_Hotel_booking" time="13.204" classname="com.travels.qa.testcases.Hotels_Testcase"/>
  <testcase name="Property_Checkbox_Filter" time="0.0" classname="com.travels.qa.testcases.Hotels_Testcase">
    <skipped/>
  </testcase> <!-- Property_Checkbox_Filter -->
  <testcase name="Error_Message_On_login_click_if_both_textfields_are_empty" time="1.982" classname="com.travels.qa.testcases.Login_Testcase"/>
  <testcase name="Error_Message_On_login_click_if_both_textfields_are_entered_not_present_In_Database" time="2.3" classname="com.travels.qa.testcases.Login_Testcase"/>
  <testcase name="Signup_through_login_page" time="4.752" classname="com.travels.qa.testcases.Login_Testcase"/>
  <testcase name="Signup_through_login_page_and_logout" time="6.242" classname="com.travels.qa.testcases.Login_Testcase"/>
  <testcase name="Text_Inside_The_TextBoxes" time="3.113" classname="com.travels.qa.testcases.Login_Testcase"/>
  <testcase name="Verifying_text_field_titles" time="2.647" classname="com.travels.qa.testcases.Login_Testcase"/>
  <testcase name="Offer_acceptance" time="6.51" classname="com.travels.qa.testcases.Offers_Testcase"/>
  <testcase name="Offer_reading" time="16.619" classname="com.travels.qa.testcases.Offers_Testcase"/>
  <testcase name="AppStoreButton_navigates_to_ConnectingToAppStore" time="6.418" classname="com.travels.qa.testcases.SignUpPage_Testcase"/>
  <testcase name="Clicking_the_Subscription_Button" time="3.168" classname="com.travels.qa.testcases.SignUpPage_Testcase"/>
  <testcase name="Clicking_the_Subscription_Button_If_User_Already_Exists" time="8.311" classname="com.travels.qa.testcases.SignUpPage_Testcase"/>
  <testcase name="Filling_the_Form_Of_SignUp" time="3.699" classname="com.travels.qa.testcases.SignUpPage_Testcase"/>
  <testcase name="GooglePlayButton_navigates_to_GooglePlayStore" time="10.063" classname="com.travels.qa.testcases.SignUpPage_Testcase"/>
  <testcase name="Matching_the_Actual_with_Expected_errors_if_confirmpassword_is_Entered" time="2.301" classname="com.travels.qa.testcases.SignUpPage_Testcase"/>
  <testcase name="Matching_the_Actual_with_Expected_errors_if_email_is_Entered" time="2.206" classname="com.travels.qa.testcases.SignUpPage_Testcase"/>
  <testcase name="Matching_the_Actual_with_Expected_errors_if_firstname_is_Entered" time="2.147" classname="com.travels.qa.testcases.SignUpPage_Testcase"/>
  <testcase name="Matching_the_Actual_with_Expected_errors_if_lastname_is_Entered" time="3.161" classname="com.travels.qa.testcases.SignUpPage_Testcase"/>
  <testcase name="Matching_the_Actual_with_Expected_errors_if_matched_confirmpassword_and_Password_is_Entered" time="2.613" classname="com.travels.qa.testcases.SignUpPage_Testcase"/>
  <testcase name="Matching_the_Actual_with_Expected_errors_if_mismatched_confirmpassword_and_Password_is_Entered" time="2.455" classname="com.travels.qa.testcases.SignUpPage_Testcase"/>
  <testcase name="Matching_the_Actual_with_Expected_errors_if_no_textfield_is_Entered" time="2.149" classname="com.travels.qa.testcases.SignUpPage_Testcase"/>
  <testcase name="Matching_the_Actual_with_Expected_errors_if_password_is_Entered" time="2.457" classname="com.travels.qa.testcases.SignUpPage_Testcase"/>
  <testcase name="Text_Inside_The_TextBoxes" time="1.589" classname="com.travels.qa.testcases.SignUpPage_Testcase"/>
  <testcase name="Title_Of_The_TextBoxes" time="1.783" classname="com.travels.qa.testcases.SignUpPage_Testcase"/>
  <testcase name="Cars_Radiobutton_Filter" time="5.014" classname="com.travels.qa.testcases.Tour_Testcase"/>
  <testcase name="Navigating_to_Tour_booking" time="0.0" classname="com.travels.qa.testcases.Tour_Testcase">
    <skipped/>
  </testcase> <!-- Navigating_to_Tour_booking -->
  <testcase name="Tour_Filter" time="0.0" classname="com.travels.qa.testcases.Tour_Testcase">
    <skipped/>
  </testcase> <!-- Tour_Filter -->
  <testcase name="Date_Change_Of_the_Tour" time="15.766" classname="com.travels.qa.testcases.TourBooking_Testcase"/>
  <testcase name="booking_tour" time="11.81" classname="com.travels.qa.testcases.TourBooking_Testcase"/>
  <testcase name="book_with_invalid_user" time="16.548" classname="com.travels.qa.testcases.TourConfirmation_Testcase"/>
  <testcase name="booking_as_a_guest" time="19.17" classname="com.travels.qa.testcases.TourConfirmation_Testcase"/>
  <testcase name="make_a_note_while_ordering" time="18.101" classname="com.travels.qa.testcases.TourConfirmation_Testcase"/>
  <testcase name="Invoice_Visibility" time="20.85" classname="com.travels.qa.testcases.TourInvoice_Testcase"/>
  <testcase name="payement_on_arrival" time="19.337" classname="com.travels.qa.testcases.TourInvoice_Testcase"/>
  <testcase name="payment_Now" time="37.925" classname="com.travels.qa.testcases.TourInvoice_Testcase"/>
  <testcase name="payment_on_arrival_when_SignedUp" time="20.913" classname="com.travels.qa.testcases.TourInvoice_Testcase">
    <failure type="org.openqa.selenium.TimeoutException" message="timeout
  (Session info: chrome=69.0.3497.92)
  (Driver info: chromedriver=2.41.578737 (49da6702b16031c40d63e5618de03a32ff6c197e),platform=Windows NT 10.0.15063 x86_64) (WARNING: The server did not provide any stacktrace information)
Command duration or timeout: 0 milliseconds
Build info: version: &amp;apos;3.13.0&amp;apos;, revision: &amp;apos;2f0d292&amp;apos;, time: &amp;apos;2018-06-25T15:24:21.231Z&amp;apos;
System info: host: &amp;apos;GIND04LX6R5G5Q2&amp;apos;, ip: &amp;apos;10.242.76.77&amp;apos;, os.name: &amp;apos;Windows 10&amp;apos;, os.arch: &amp;apos;amd64&amp;apos;, os.version: &amp;apos;10.0&amp;apos;, java.version: &amp;apos;1.8.0_181&amp;apos;
Driver info: org.openqa.selenium.chrome.ChromeDriver
Capabilities {acceptInsecureCerts: false, acceptSslCerts: false, applicationCacheEnabled: false, browserConnectionEnabled: false, browserName: chrome, chrome: {chromedriverVersion: 2.41.578737 (49da6702b16031..., userDataDir: C:\Users\10263638\AppData\L...}, cssSelectorsEnabled: true, databaseEnabled: false, goog:chromeOptions: {debuggerAddress: localhost:54143}, handlesAlerts: true, hasTouchScreen: false, javascriptEnabled: true, locationContextEnabled: true, mobileEmulationEnabled: false, nativeEvents: true, networkConnectionEnabled: false, pageLoadStrategy: normal, platform: XP, platformName: XP, rotatable: false, setWindowRect: true, takesHeapSnapshot: true, takesScreenshot: true, unexpectedAlertBehaviour: , unhandledPromptBehavior: , version: 69.0.3497.92, webStorageEnabled: true}
Session ID: b858ce3815cda4dfe341526c4355930e">
      <![CDATA[org.openqa.selenium.TimeoutException: timeout
  (Session info: chrome=69.0.3497.92)
  (Driver info: chromedriver=2.41.578737 (49da6702b16031c40d63e5618de03a32ff6c197e),platform=Windows NT 10.0.15063 x86_64) (WARNING: The server did not provide any stacktrace information)
Command duration or timeout: 0 milliseconds
Build info: version: '3.13.0', revision: '2f0d292', time: '2018-06-25T15:24:21.231Z'
System info: host: 'GIND04LX6R5G5Q2', ip: '10.242.76.77', os.name: 'Windows 10', os.arch: 'amd64', os.version: '10.0', java.version: '1.8.0_181'
Driver info: org.openqa.selenium.chrome.ChromeDriver
Capabilities {acceptInsecureCerts: false, acceptSslCerts: false, applicationCacheEnabled: false, browserConnectionEnabled: false, browserName: chrome, chrome: {chromedriverVersion: 2.41.578737 (49da6702b16031..., userDataDir: C:\Users\10263638\AppData\L...}, cssSelectorsEnabled: true, databaseEnabled: false, goog:chromeOptions: {debuggerAddress: localhost:54143}, handlesAlerts: true, hasTouchScreen: false, javascriptEnabled: true, locationContextEnabled: true, mobileEmulationEnabled: false, nativeEvents: true, networkConnectionEnabled: false, pageLoadStrategy: normal, platform: XP, platformName: XP, rotatable: false, setWindowRect: true, takesHeapSnapshot: true, takesScreenshot: true, unexpectedAlertBehaviour: , unhandledPromptBehavior: , version: 69.0.3497.92, webStorageEnabled: true}
Session ID: b858ce3815cda4dfe341526c4355930e
at org.openqa.selenium.remote.ErrorHandler.createThrowable(ErrorHandler.java:214)
at org.openqa.selenium.remote.ErrorHandler.throwIfResponseFailed(ErrorHandler.java:166)
at org.openqa.selenium.remote.http.JsonHttpResponseCodec.reconstructValue(JsonHttpResponseCodec.java:40)
at org.openqa.selenium.remote.http.AbstractHttpResponseCodec.decode(AbstractHttpResponseCodec.java:80)
at org.openqa.selenium.remote.http.AbstractHttpResponseCodec.decode(AbstractHttpResponseCodec.java:44)
at org.openqa.selenium.remote.HttpCommandExecutor.execute(HttpCommandExecutor.java:158)
at org.openqa.selenium.remote.service.DriverCommandExecutor.execute(DriverCommandExecutor.java:83)
at org.openqa.selenium.remote.RemoteWebDriver.execute(RemoteWebDriver.java:548)
at org.openqa.selenium.remote.RemoteWebElement.execute(RemoteWebElement.java:276)
at org.openqa.selenium.remote.RemoteWebElement.click(RemoteWebElement.java:83)
at com.travels.qa.utility.Testutility.MyAccountDropDown(Testutility.java:26)
at com.travels.qa.pages.HomePage.Signup(HomePage.java:144)
at com.travels.qa.testcases.TourInvoice_Testcase.payment_on_arrival_when_SignedUp(TourInvoice_Testcase.java:90)
... Removed 29 stack frames]]>
    </failure>
  </testcase> <!-- payment_on_arrival_when_SignedUp -->
  <testcase name="@BeforeSuite setUp" time="0.0" classname="com.travels.qa.base.TestBase">
    <ignored/>
  </testcase> <!-- @BeforeSuite setUp -->
  <testcase name="@BeforeSuite setUp" time="0.0" classname="com.travels.qa.base.TestBase">
    <ignored/>
  </testcase> <!-- @BeforeSuite setUp -->
  <testcase name="@BeforeSuite setUp" time="0.0" classname="com.travels.qa.base.TestBase">
    <ignored/>
  </testcase> <!-- @BeforeSuite setUp -->
  <testcase name="@BeforeSuite setUp" time="0.0" classname="com.travels.qa.base.TestBase">
    <ignored/>
  </testcase> <!-- @BeforeSuite setUp -->
  <testcase name="@BeforeSuite setUp" time="0.0" classname="com.travels.qa.base.TestBase">
    <ignored/>
  </testcase> <!-- @BeforeSuite setUp -->
  <testcase name="@BeforeSuite setUp" time="0.0" classname="com.travels.qa.base.TestBase">
    <ignored/>
  </testcase> <!-- @BeforeSuite setUp -->
  <testcase name="@BeforeSuite setUp" time="0.0" classname="com.travels.qa.base.TestBase">
    <ignored/>
  </testcase> <!-- @BeforeSuite setUp -->
  <testcase name="@BeforeSuite setUp" time="0.0" classname="com.travels.qa.base.TestBase">
    <ignored/>
  </testcase> <!-- @BeforeSuite setUp -->
  <testcase name="@BeforeSuite setUp" time="0.0" classname="com.travels.qa.base.TestBase">
    <ignored/>
  </testcase> <!-- @BeforeSuite setUp -->
  <testcase name="@BeforeSuite setUp" time="0.0" classname="com.travels.qa.base.TestBase">
    <ignored/>
  </testcase> <!-- @BeforeSuite setUp -->
  <testcase name="@BeforeSuite setUp" time="0.0" classname="com.travels.qa.base.TestBase">
    <ignored/>
  </testcase> <!-- @BeforeSuite setUp -->
  <testcase name="@BeforeSuite setUp" time="0.0" classname="com.travels.qa.base.TestBase">
    <ignored/>
  </testcase> <!-- @BeforeSuite setUp -->
  <testcase name="@BeforeSuite setUp" time="0.0" classname="com.travels.qa.base.TestBase">
    <ignored/>
  </testcase> <!-- @BeforeSuite setUp -->
  <testcase name="@BeforeSuite setUp" time="0.0" classname="com.travels.qa.base.TestBase">
    <ignored/>
  </testcase> <!-- @BeforeSuite setUp -->
  <testcase name="@BeforeSuite setUp" time="0.0" classname="com.travels.qa.base.TestBase">
    <ignored/>
  </testcase> <!-- @BeforeSuite setUp -->
  <testcase name="@BeforeSuite setUp" time="0.0" classname="com.travels.qa.base.TestBase">
    <ignored/>
  </testcase> <!-- @BeforeSuite setUp -->
  <testcase name="@BeforeSuite setUp" time="0.0" classname="com.travels.qa.base.TestBase">
    <ignored/>
  </testcase> <!-- @BeforeSuite setUp -->
  <testcase name="@AfterSuite tearDown" time="0.0" classname="com.travels.qa.base.TestBase">
    <ignored/>
  </testcase> <!-- @AfterSuite tearDown -->
  <testcase name="@AfterSuite tearDown" time="0.0" classname="com.travels.qa.base.TestBase">
    <ignored/>
  </testcase> <!-- @AfterSuite tearDown -->
  <testcase name="@AfterSuite tearDown" time="0.0" classname="com.travels.qa.base.TestBase">
    <ignored/>
  </testcase> <!-- @AfterSuite tearDown -->
  <testcase name="@AfterSuite tearDown" time="0.0" classname="com.travels.qa.base.TestBase">
    <ignored/>
  </testcase> <!-- @AfterSuite tearDown -->
  <testcase name="@AfterSuite tearDown" time="0.0" classname="com.travels.qa.base.TestBase">
    <ignored/>
  </testcase> <!-- @AfterSuite tearDown -->
  <testcase name="@AfterSuite tearDown" time="0.0" classname="com.travels.qa.base.TestBase">
    <ignored/>
  </testcase> <!-- @AfterSuite tearDown -->
  <testcase name="@AfterSuite tearDown" time="0.0" classname="com.travels.qa.base.TestBase">
    <ignored/>
  </testcase> <!-- @AfterSuite tearDown -->
  <testcase name="@AfterSuite tearDown" time="0.0" classname="com.travels.qa.base.TestBase">
    <ignored/>
  </testcase> <!-- @AfterSuite tearDown -->
  <testcase name="@AfterSuite tearDown" time="0.0" classname="com.travels.qa.base.TestBase">
    <ignored/>
  </testcase> <!-- @AfterSuite tearDown -->
  <testcase name="@AfterSuite tearDown" time="0.0" classname="com.travels.qa.base.TestBase">
    <ignored/>
  </testcase> <!-- @AfterSuite tearDown -->
  <testcase name="@AfterSuite tearDown" time="0.0" classname="com.travels.qa.base.TestBase">
    <ignored/>
  </testcase> <!-- @AfterSuite tearDown -->
  <testcase name="@AfterSuite tearDown" time="0.0" classname="com.travels.qa.base.TestBase">
    <ignored/>
  </testcase> <!-- @AfterSuite tearDown -->
  <testcase name="@AfterSuite tearDown" time="0.0" classname="com.travels.qa.base.TestBase">
    <ignored/>
  </testcase> <!-- @AfterSuite tearDown -->
  <testcase name="@AfterSuite tearDown" time="0.0" classname="com.travels.qa.base.TestBase">
    <ignored/>
  </testcase> <!-- @AfterSuite tearDown -->
  <testcase name="@AfterSuite tearDown" time="0.0" classname="com.travels.qa.base.TestBase">
    <ignored/>
  </testcase> <!-- @AfterSuite tearDown -->
  <testcase name="@AfterSuite tearDown" time="0.0" classname="com.travels.qa.base.TestBase">
    <ignored/>
  </testcase> <!-- @AfterSuite tearDown -->
  <testcase name="@AfterSuite tearDown" time="0.0" classname="com.travels.qa.base.TestBase">
    <ignored/>
  </testcase> <!-- @AfterSuite tearDown -->
</testsuite> <!-- Aditya Test -->
